2023-11-12 21:28:01.141  INFO [32m[][0;39m 7432 --- [restartedMain] o.d.handler.ApplicationStarter           : Starting ApplicationStarter using Java 17.0.4 with PID 7432 (/Users/marco/Workspace/source/java/digital_city/digital_city_web/build/classes/java/main started by marco in /Users/marco/Workspace/source/java/digital_city)
2023-11-12 21:28:01.144  INFO [32m[][0;39m 7432 --- [restartedMain] o.d.handler.ApplicationStarter           : No active profile set, falling back to 1 default profile: "default"
2023-11-12 21:28:01.170  INFO [32m[][0;39m 7432 --- [restartedMain] .e.DevToolsPropertyDefaultsPostProcessor : Devtools property defaults active! Set 'spring.devtools.add-properties' to 'false' to disable
2023-11-12 21:28:01.170  INFO [32m[][0;39m 7432 --- [restartedMain] .e.DevToolsPropertyDefaultsPostProcessor : For additional web related logging consider setting the 'logging.level.web' property to 'DEBUG'
2023-11-12 21:28:01.647  INFO [32m[][0;39m 7432 --- [restartedMain] o.s.b.w.embedded.tomcat.TomcatWebServer  : Tomcat initialized with port(s): 8080 (http)
2023-11-12 21:28:01.653  INFO [32m[][0;39m 7432 --- [restartedMain] o.a.coyote.http11.Http11NioProtocol      : Initializing ProtocolHandler ["http-nio-8080"]
2023-11-12 21:28:01.654  INFO [32m[][0;39m 7432 --- [restartedMain] o.apache.catalina.core.StandardService   : Starting service [Tomcat]
2023-11-12 21:28:01.654  INFO [32m[][0;39m 7432 --- [restartedMain] o.apache.catalina.core.StandardEngine    : Starting Servlet engine: [Apache Tomcat/10.1.5]
2023-11-12 21:28:01.691  INFO [32m[][0;39m 7432 --- [restartedMain] o.a.c.c.C.[Tomcat].[localhost].[/]       : Initializing Spring embedded WebApplicationContext
2023-11-12 21:28:01.691  INFO [32m[][0;39m 7432 --- [restartedMain] w.s.c.ServletWebServerApplicationContext : Root WebApplicationContext: initialization completed in 521 ms
2023-11-12 21:28:01.861  INFO [32m[][0;39m 7432 --- [restartedMain] o.s.b.d.a.OptionalLiveReloadServer       : LiveReload server is running on port 35729
2023-11-12 21:28:01.869  INFO [32m[][0;39m 7432 --- [restartedMain] o.a.coyote.http11.Http11NioProtocol      : Starting ProtocolHandler ["http-nio-8080"]
2023-11-12 21:28:01.882  INFO [32m[][0;39m 7432 --- [restartedMain] o.s.b.w.embedded.tomcat.TomcatWebServer  : Tomcat started on port(s): 8080 (http) with context path ''
2023-11-12 21:28:01.888  INFO [32m[][0;39m 7432 --- [restartedMain] o.d.handler.ApplicationStarter           : Started ApplicationStarter in 1.062 seconds (process running for 1.524)
2023-11-12 21:28:14.573  INFO [32m[][0;39m 7432 --- [http-nio-8080-exec-1] o.a.c.c.C.[Tomcat].[localhost].[/]       : Initializing Spring DispatcherServlet 'dispatcherServlet'
2023-11-12 21:28:14.573  INFO [32m[][0;39m 7432 --- [http-nio-8080-exec-1] o.s.web.servlet.DispatcherServlet        : Initializing Servlet 'dispatcherServlet'
2023-11-12 21:28:14.573  INFO [32m[][0;39m 7432 --- [http-nio-8080-exec-1] o.s.web.servlet.DispatcherServlet        : Completed initialization in 0 ms
2023-11-12 21:28:39.438  INFO [32m[][0;39m 7440 --- [restartedMain] o.d.handler.ApplicationStarter           : Starting ApplicationStarter using Java 17.0.4 with PID 7440 (/Users/marco/Workspace/source/java/digital_city/digital_city_web/build/classes/java/main started by marco in /Users/marco/Workspace/source/java/digital_city)
2023-11-12 21:28:39.441  INFO [32m[][0;39m 7440 --- [restartedMain] o.d.handler.ApplicationStarter           : No active profile set, falling back to 1 default profile: "default"
2023-11-12 21:28:39.459  INFO [32m[][0;39m 7440 --- [restartedMain] .e.DevToolsPropertyDefaultsPostProcessor : Devtools property defaults active! Set 'spring.devtools.add-properties' to 'false' to disable
2023-11-12 21:28:39.459  INFO [32m[][0;39m 7440 --- [restartedMain] .e.DevToolsPropertyDefaultsPostProcessor : For additional web related logging consider setting the 'logging.level.web' property to 'DEBUG'
2023-11-12 21:28:39.823  INFO [32m[][0;39m 7440 --- [restartedMain] o.s.b.w.embedded.tomcat.TomcatWebServer  : Tomcat initialized with port(s): 8080 (http)
2023-11-12 21:28:39.828  INFO [32m[][0;39m 7440 --- [restartedMain] o.a.coyote.http11.Http11NioProtocol      : Initializing ProtocolHandler ["http-nio-8080"]
2023-11-12 21:28:39.828  INFO [32m[][0;39m 7440 --- [restartedMain] o.apache.catalina.core.StandardService   : Starting service [Tomcat]
2023-11-12 21:28:39.828  INFO [32m[][0;39m 7440 --- [restartedMain] o.apache.catalina.core.StandardEngine    : Starting Servlet engine: [Apache Tomcat/10.1.5]
2023-11-12 21:28:39.855  INFO [32m[][0;39m 7440 --- [restartedMain] o.a.c.c.C.[Tomcat].[localhost].[/]       : Initializing Spring embedded WebApplicationContext
2023-11-12 21:28:39.855  INFO [32m[][0;39m 7440 --- [restartedMain] w.s.c.ServletWebServerApplicationContext : Root WebApplicationContext: initialization completed in 396 ms
2023-11-12 21:28:39.995  INFO [32m[][0;39m 7440 --- [restartedMain] o.s.b.d.a.OptionalLiveReloadServer       : LiveReload server is running on port 35729
2023-11-12 21:28:40.002  INFO [32m[][0;39m 7440 --- [restartedMain] o.a.coyote.http11.Http11NioProtocol      : Starting ProtocolHandler ["http-nio-8080"]
2023-11-12 21:28:40.010  INFO [32m[][0;39m 7440 --- [restartedMain] o.s.b.w.embedded.tomcat.TomcatWebServer  : Tomcat started on port(s): 8080 (http) with context path ''
2023-11-12 21:28:40.015  INFO [32m[][0;39m 7440 --- [restartedMain] o.d.handler.ApplicationStarter           : Started ApplicationStarter in 0.807 seconds (process running for 1.045)
2023-11-12 21:28:45.934  INFO [32m[][0;39m 7440 --- [http-nio-8080-exec-1] o.a.c.c.C.[Tomcat].[localhost].[/]       : Initializing Spring DispatcherServlet 'dispatcherServlet'
2023-11-12 21:28:45.935  INFO [32m[][0;39m 7440 --- [http-nio-8080-exec-1] o.s.web.servlet.DispatcherServlet        : Initializing Servlet 'dispatcherServlet'
2023-11-12 21:28:45.936  INFO [32m[][0;39m 7440 --- [http-nio-8080-exec-1] o.s.web.servlet.DispatcherServlet        : Completed initialization in 1 ms
2023-11-12 21:29:14.476  INFO [32m[][0;39m 7443 --- [restartedMain] o.d.handler.ApplicationStarter           : Starting ApplicationStarter using Java 17.0.4 with PID 7443 (/Users/marco/Workspace/source/java/digital_city/digital_city_web/build/classes/java/main started by marco in /Users/marco/Workspace/source/java/digital_city)
2023-11-12 21:29:14.479  INFO [32m[][0;39m 7443 --- [restartedMain] o.d.handler.ApplicationStarter           : No active profile set, falling back to 1 default profile: "default"
2023-11-12 21:29:14.499  INFO [32m[][0;39m 7443 --- [restartedMain] .e.DevToolsPropertyDefaultsPostProcessor : Devtools property defaults active! Set 'spring.devtools.add-properties' to 'false' to disable
2023-11-12 21:29:14.499  INFO [32m[][0;39m 7443 --- [restartedMain] .e.DevToolsPropertyDefaultsPostProcessor : For additional web related logging consider setting the 'logging.level.web' property to 'DEBUG'
2023-11-12 21:29:14.888  INFO [32m[][0;39m 7443 --- [restartedMain] o.s.b.w.embedded.tomcat.TomcatWebServer  : Tomcat initialized with port(s): 8080 (http)
2023-11-12 21:29:14.892  INFO [32m[][0;39m 7443 --- [restartedMain] o.a.coyote.http11.Http11NioProtocol      : Initializing ProtocolHandler ["http-nio-8080"]
2023-11-12 21:29:14.892  INFO [32m[][0;39m 7443 --- [restartedMain] o.apache.catalina.core.StandardService   : Starting service [Tomcat]
2023-11-12 21:29:14.892  INFO [32m[][0;39m 7443 --- [restartedMain] o.apache.catalina.core.StandardEngine    : Starting Servlet engine: [Apache Tomcat/10.1.5]
2023-11-12 21:29:14.919  INFO [32m[][0;39m 7443 --- [restartedMain] o.a.c.c.C.[Tomcat].[localhost].[/]       : Initializing Spring embedded WebApplicationContext
2023-11-12 21:29:14.919  INFO [32m[][0;39m 7443 --- [restartedMain] w.s.c.ServletWebServerApplicationContext : Root WebApplicationContext: initialization completed in 420 ms
2023-11-12 21:29:15.036  INFO [32m[][0;39m 7443 --- [restartedMain] o.s.b.d.a.OptionalLiveReloadServer       : LiveReload server is running on port 35729
2023-11-12 21:29:15.042  INFO [32m[][0;39m 7443 --- [restartedMain] o.a.coyote.http11.Http11NioProtocol      : Starting ProtocolHandler ["http-nio-8080"]
2023-11-12 21:29:15.052  INFO [32m[][0;39m 7443 --- [restartedMain] o.s.b.w.embedded.tomcat.TomcatWebServer  : Tomcat started on port(s): 8080 (http) with context path ''
2023-11-12 21:29:15.057  INFO [32m[][0;39m 7443 --- [restartedMain] o.d.handler.ApplicationStarter           : Started ApplicationStarter in 0.794 seconds (process running for 1.012)
2023-11-12 21:29:22.899  INFO [32m[][0;39m 7443 --- [http-nio-8080-exec-1] o.a.c.c.C.[Tomcat].[localhost].[/]       : Initializing Spring DispatcherServlet 'dispatcherServlet'
2023-11-12 21:29:22.900  INFO [32m[][0;39m 7443 --- [http-nio-8080-exec-1] o.s.web.servlet.DispatcherServlet        : Initializing Servlet 'dispatcherServlet'
2023-11-12 21:29:22.900  INFO [32m[][0;39m 7443 --- [http-nio-8080-exec-1] o.s.web.servlet.DispatcherServlet        : Completed initialization in 0 ms
