2024-04-06 15:16:58.849  INFO [32m[][0;39m 20215 --- [background-preinit] o.h.validator.internal.util.Version      : HV000001: Hibernate Validator 8.0.0.Final
2024-04-06 15:16:58.870  INFO [32m[][0;39m 20215 --- [restartedMain] org.digitalcity.ApplicationStarter       : Starting ApplicationStarter using Java 17.0.4 with PID 20215 (/Users/marco/Workspace/source/java/digital_city/digital_city_web/build/classes/java/main started by marco in /Users/marco/Workspace/source/java/digital_city)
2024-04-06 15:16:58.871  INFO [32m[][0;39m 20215 --- [restartedMain] org.digitalcity.ApplicationStarter       : No active profile set, falling back to 1 default profile: "default"
2024-04-06 15:16:58.899  INFO [32m[][0;39m 20215 --- [restartedMain] .e.DevToolsPropertyDefaultsPostProcessor : Devtools property defaults active! Set 'spring.devtools.add-properties' to 'false' to disable
2024-04-06 15:16:58.899  INFO [32m[][0;39m 20215 --- [restartedMain] .e.DevToolsPropertyDefaultsPostProcessor : For additional web related logging consider setting the 'logging.level.web' property to 'DEBUG'
2024-04-06 15:16:59.354  INFO [32m[][0;39m 20215 --- [restartedMain] .s.d.r.c.RepositoryConfigurationDelegate : Multiple Spring Data modules found, entering strict repository configuration mode
2024-04-06 15:16:59.356  INFO [32m[][0;39m 20215 --- [restartedMain] .s.d.r.c.RepositoryConfigurationDelegate : Bootstrapping Spring Data Redis repositories in DEFAULT mode.
2024-04-06 15:16:59.383  INFO [32m[][0;39m 20215 --- [restartedMain] .s.d.r.c.RepositoryConfigurationDelegate : Finished Spring Data repository scanning in 14 ms. Found 0 Redis repository interfaces.
2024-04-06 15:16:59.622  INFO [32m[][0;39m 20215 --- [restartedMain] trationDelegate$BeanPostProcessorChecker : Bean 'org.springframework.boot.autoconfigure.jdbc.DataSourceTransactionManagerAutoConfiguration$JdbcTransactionManagerConfiguration' of type [org.springframework.boot.autoconfigure.jdbc.DataSourceTransactionManagerAutoConfiguration$JdbcTransactionManagerConfiguration] is not eligible for getting processed by all BeanPostProcessors (for example: not eligible for auto-proxying)
2024-04-06 15:16:59.624  INFO [32m[][0;39m 20215 --- [restartedMain] trationDelegate$BeanPostProcessorChecker : Bean 'org.springframework.boot.autoconfigure.jdbc.DataSourceConfiguration$Generic' of type [org.springframework.boot.autoconfigure.jdbc.DataSourceConfiguration$Generic] is not eligible for getting processed by all BeanPostProcessors (for example: not eligible for auto-proxying)
2024-04-06 15:16:59.638  INFO [32m[][0;39m 20215 --- [restartedMain] trationDelegate$BeanPostProcessorChecker : Bean 'spring.datasource-org.springframework.boot.autoconfigure.jdbc.DataSourceProperties' of type [org.springframework.boot.autoconfigure.jdbc.DataSourceProperties] is not eligible for getting processed by all BeanPostProcessors (for example: not eligible for auto-proxying)
2024-04-06 15:16:59.659  INFO [32m[][0;39m 20215 --- [restartedMain] trationDelegate$BeanPostProcessorChecker : Bean 'dataSource' of type [com.alibaba.druid.pool.DruidDataSource] is not eligible for getting processed by all BeanPostProcessors (for example: not eligible for auto-proxying)
2024-04-06 15:16:59.689  INFO [32m[][0;39m 20215 --- [restartedMain] trationDelegate$BeanPostProcessorChecker : Bean 'org.springframework.boot.autoconfigure.transaction.TransactionAutoConfiguration' of type [org.springframework.boot.autoconfigure.transaction.TransactionAutoConfiguration] is not eligible for getting processed by all BeanPostProcessors (for example: not eligible for auto-proxying)
2024-04-06 15:16:59.692  INFO [32m[][0;39m 20215 --- [restartedMain] trationDelegate$BeanPostProcessorChecker : Bean 'spring.transaction-org.springframework.boot.autoconfigure.transaction.TransactionProperties' of type [org.springframework.boot.autoconfigure.transaction.TransactionProperties] is not eligible for getting processed by all BeanPostProcessors (for example: not eligible for auto-proxying)
2024-04-06 15:16:59.693  INFO [32m[][0;39m 20215 --- [restartedMain] trationDelegate$BeanPostProcessorChecker : Bean 'platformTransactionManagerCustomizers' of type [org.springframework.boot.autoconfigure.transaction.TransactionManagerCustomizers] is not eligible for getting processed by all BeanPostProcessors (for example: not eligible for auto-proxying)
2024-04-06 15:16:59.695  INFO [32m[][0;39m 20215 --- [restartedMain] trationDelegate$BeanPostProcessorChecker : Bean 'transactionManager' of type [org.springframework.jdbc.support.JdbcTransactionManager] is not eligible for getting processed by all BeanPostProcessors (for example: not eligible for auto-proxying)
2024-04-06 15:16:59.697  INFO [32m[][0;39m 20215 --- [restartedMain] trationDelegate$BeanPostProcessorChecker : Bean 'transactionConfig' of type [org.digitalcity.config.TransactionConfig$$SpringCGLIB$$0] is not eligible for getting processed by all BeanPostProcessors (for example: not eligible for auto-proxying)
2024-04-06 15:16:59.700  INFO [32m[][0;39m 20215 --- [restartedMain] trationDelegate$BeanPostProcessorChecker : Bean 'txAdvice' of type [org.springframework.transaction.interceptor.TransactionInterceptor] is not eligible for getting processed by all BeanPostProcessors (for example: not eligible for auto-proxying)
2024-04-06 15:16:59.701  INFO [32m[][0;39m 20215 --- [restartedMain] trationDelegate$BeanPostProcessorChecker : Bean 'advisor' of type [org.springframework.aop.support.DefaultPointcutAdvisor] is not eligible for getting processed by all BeanPostProcessors (for example: not eligible for auto-proxying)
2024-04-06 15:16:59.949  INFO [32m[][0;39m 20215 --- [restartedMain] o.s.b.w.embedded.tomcat.TomcatWebServer  : Tomcat initialized with port(s): 8080 (http)
2024-04-06 15:16:59.957  INFO [32m[][0;39m 20215 --- [restartedMain] o.a.coyote.http11.Http11NioProtocol      : Initializing ProtocolHandler ["http-nio-8080"]
2024-04-06 15:16:59.957  INFO [32m[][0;39m 20215 --- [restartedMain] o.apache.catalina.core.StandardService   : Starting service [Tomcat]
2024-04-06 15:16:59.957  INFO [32m[][0;39m 20215 --- [restartedMain] o.apache.catalina.core.StandardEngine    : Starting Servlet engine: [Apache Tomcat/10.1.5]
2024-04-06 15:16:59.990  INFO [32m[][0;39m 20215 --- [restartedMain] o.a.c.c.C.[Tomcat].[localhost].[/]       : Initializing Spring embedded WebApplicationContext
2024-04-06 15:16:59.991  INFO [32m[][0;39m 20215 --- [restartedMain] w.s.c.ServletWebServerApplicationContext : Root WebApplicationContext: initialization completed in 1091 ms
2024-04-06 15:17:00.289  WARN [33m[][0;39m 20215 --- [restartedMain] c.b.m.core.metadata.TableInfoHelper      : This primary key of "id" is primitive !不建议如此请使用包装类 in Class: "org.digitalcity.dao.entity.Attraction"
2024-04-06 15:17:00.369  WARN [33m[][0;39m 20215 --- [restartedMain] c.b.m.core.metadata.TableInfoHelper      : This primary key of "id" is primitive !不建议如此请使用包装类 in Class: "org.digitalcity.dao.entity.Commerce"
2024-04-06 15:17:00.390  WARN [33m[][0;39m 20215 --- [restartedMain] c.b.m.core.metadata.TableInfoHelper      : This primary key of "id" is primitive !不建议如此请使用包装类 in Class: "org.digitalcity.dao.entity.EmotionScore"
2024-04-06 15:17:00.404  WARN [33m[][0;39m 20215 --- [restartedMain] c.b.m.core.metadata.TableInfoHelper      : This primary key of "id" is primitive !不建议如此请使用包装类 in Class: "org.digitalcity.dao.entity.Comment"
2024-04-06 15:17:00.424  WARN [33m[][0;39m 20215 --- [restartedMain] c.b.m.core.metadata.TableInfoHelper      : This primary key of "id" is primitive !不建议如此请使用包装类 in Class: "org.digitalcity.dao.entity.Hospital"
2024-04-06 15:17:00.440  WARN [33m[][0;39m 20215 --- [restartedMain] c.b.m.core.metadata.TableInfoHelper      : This primary key of "id" is primitive !不建议如此请使用包装类 in Class: "org.digitalcity.dao.entity.Bulletin"
2024-04-06 15:17:00.455  WARN [33m[][0;39m 20215 --- [restartedMain] c.b.m.core.metadata.TableInfoHelper      : This primary key of "id" is primitive !不建议如此请使用包装类 in Class: "org.digitalcity.dao.entity.OldHome"
2024-04-06 15:17:00.469  WARN [33m[][0;39m 20215 --- [restartedMain] c.b.m.core.metadata.TableInfoHelper      : This primary key of "id" is primitive !不建议如此请使用包装类 in Class: "org.digitalcity.dao.entity.Recreation"
2024-04-06 15:17:00.485  WARN [33m[][0;39m 20215 --- [restartedMain] c.b.m.core.metadata.TableInfoHelper      : This primary key of "id" is primitive !不建议如此请使用包装类 in Class: "org.digitalcity.dao.entity.Site"
2024-04-06 15:17:00.499  WARN [33m[][0;39m 20215 --- [restartedMain] c.b.m.core.metadata.TableInfoHelper      : This primary key of "id" is primitive !不建议如此请使用包装类 in Class: "org.digitalcity.dao.entity.TrafficStation"
2024-04-06 15:17:00.521  WARN [33m[][0;39m 20215 --- [restartedMain] c.b.m.core.metadata.TableInfoHelper      : This primary key of "id" is primitive !不建议如此请使用包装类 in Class: "org.digitalcity.dao.entity.Member"
2024-04-06 15:17:00.931  INFO [32m[][0;39m 20215 --- [restartedMain] o.s.b.d.a.OptionalLiveReloadServer       : LiveReload server is running on port 35729
2024-04-06 15:17:00.960  INFO [32m[][0;39m 20215 --- [restartedMain] o.a.coyote.http11.Http11NioProtocol      : Starting ProtocolHandler ["http-nio-8080"]
2024-04-06 15:17:00.970  INFO [32m[][0;39m 20215 --- [restartedMain] o.s.b.w.embedded.tomcat.TomcatWebServer  : Tomcat started on port(s): 8080 (http) with context path ''
2024-04-06 15:17:00.978  INFO [32m[][0;39m 20215 --- [restartedMain] org.digitalcity.ApplicationStarter       : Started ApplicationStarter in 2.385 seconds (process running for 2.833)
2024-04-06 15:17:48.760  INFO [32m[][0;39m 20215 --- [SpringApplicationShutdownHook] com.alibaba.druid.pool.DruidDataSource   : {dataSource-0} closing ...
2024-04-06 15:17:50.973  INFO [32m[][0;39m 20220 --- [background-preinit] o.h.validator.internal.util.Version      : HV000001: Hibernate Validator 8.0.0.Final
2024-04-06 15:17:50.992  INFO [32m[][0;39m 20220 --- [restartedMain] org.digitalcity.ApplicationStarter       : Starting ApplicationStarter using Java 17.0.4 with PID 20220 (/Users/marco/Workspace/source/java/digital_city/digital_city_web/build/classes/java/main started by marco in /Users/marco/Workspace/source/java/digital_city)
2024-04-06 15:17:50.992  INFO [32m[][0;39m 20220 --- [restartedMain] org.digitalcity.ApplicationStarter       : No active profile set, falling back to 1 default profile: "default"
2024-04-06 15:17:51.018  INFO [32m[][0;39m 20220 --- [restartedMain] .e.DevToolsPropertyDefaultsPostProcessor : Devtools property defaults active! Set 'spring.devtools.add-properties' to 'false' to disable
2024-04-06 15:17:51.018  INFO [32m[][0;39m 20220 --- [restartedMain] .e.DevToolsPropertyDefaultsPostProcessor : For additional web related logging consider setting the 'logging.level.web' property to 'DEBUG'
2024-04-06 15:17:51.427  INFO [32m[][0;39m 20220 --- [restartedMain] .s.d.r.c.RepositoryConfigurationDelegate : Multiple Spring Data modules found, entering strict repository configuration mode
2024-04-06 15:17:51.430  INFO [32m[][0;39m 20220 --- [restartedMain] .s.d.r.c.RepositoryConfigurationDelegate : Bootstrapping Spring Data Redis repositories in DEFAULT mode.
2024-04-06 15:17:51.452  INFO [32m[][0;39m 20220 --- [restartedMain] .s.d.r.c.RepositoryConfigurationDelegate : Finished Spring Data repository scanning in 13 ms. Found 0 Redis repository interfaces.
2024-04-06 15:17:51.709  INFO [32m[][0;39m 20220 --- [restartedMain] trationDelegate$BeanPostProcessorChecker : Bean 'org.springframework.boot.autoconfigure.jdbc.DataSourceTransactionManagerAutoConfiguration$JdbcTransactionManagerConfiguration' of type [org.springframework.boot.autoconfigure.jdbc.DataSourceTransactionManagerAutoConfiguration$JdbcTransactionManagerConfiguration] is not eligible for getting processed by all BeanPostProcessors (for example: not eligible for auto-proxying)
2024-04-06 15:17:51.711  INFO [32m[][0;39m 20220 --- [restartedMain] trationDelegate$BeanPostProcessorChecker : Bean 'org.springframework.boot.autoconfigure.jdbc.DataSourceConfiguration$Generic' of type [org.springframework.boot.autoconfigure.jdbc.DataSourceConfiguration$Generic] is not eligible for getting processed by all BeanPostProcessors (for example: not eligible for auto-proxying)
2024-04-06 15:17:51.726  INFO [32m[][0;39m 20220 --- [restartedMain] trationDelegate$BeanPostProcessorChecker : Bean 'spring.datasource-org.springframework.boot.autoconfigure.jdbc.DataSourceProperties' of type [org.springframework.boot.autoconfigure.jdbc.DataSourceProperties] is not eligible for getting processed by all BeanPostProcessors (for example: not eligible for auto-proxying)
2024-04-06 15:17:51.747  INFO [32m[][0;39m 20220 --- [restartedMain] trationDelegate$BeanPostProcessorChecker : Bean 'dataSource' of type [com.alibaba.druid.pool.DruidDataSource] is not eligible for getting processed by all BeanPostProcessors (for example: not eligible for auto-proxying)
2024-04-06 15:17:51.777  INFO [32m[][0;39m 20220 --- [restartedMain] trationDelegate$BeanPostProcessorChecker : Bean 'org.springframework.boot.autoconfigure.transaction.TransactionAutoConfiguration' of type [org.springframework.boot.autoconfigure.transaction.TransactionAutoConfiguration] is not eligible for getting processed by all BeanPostProcessors (for example: not eligible for auto-proxying)
2024-04-06 15:17:51.781  INFO [32m[][0;39m 20220 --- [restartedMain] trationDelegate$BeanPostProcessorChecker : Bean 'spring.transaction-org.springframework.boot.autoconfigure.transaction.TransactionProperties' of type [org.springframework.boot.autoconfigure.transaction.TransactionProperties] is not eligible for getting processed by all BeanPostProcessors (for example: not eligible for auto-proxying)
2024-04-06 15:17:51.781  INFO [32m[][0;39m 20220 --- [restartedMain] trationDelegate$BeanPostProcessorChecker : Bean 'platformTransactionManagerCustomizers' of type [org.springframework.boot.autoconfigure.transaction.TransactionManagerCustomizers] is not eligible for getting processed by all BeanPostProcessors (for example: not eligible for auto-proxying)
2024-04-06 15:17:51.783  INFO [32m[][0;39m 20220 --- [restartedMain] trationDelegate$BeanPostProcessorChecker : Bean 'transactionManager' of type [org.springframework.jdbc.support.JdbcTransactionManager] is not eligible for getting processed by all BeanPostProcessors (for example: not eligible for auto-proxying)
2024-04-06 15:17:51.785  INFO [32m[][0;39m 20220 --- [restartedMain] trationDelegate$BeanPostProcessorChecker : Bean 'transactionConfig' of type [org.digitalcity.config.TransactionConfig$$SpringCGLIB$$0] is not eligible for getting processed by all BeanPostProcessors (for example: not eligible for auto-proxying)
2024-04-06 15:17:51.789  INFO [32m[][0;39m 20220 --- [restartedMain] trationDelegate$BeanPostProcessorChecker : Bean 'txAdvice' of type [org.springframework.transaction.interceptor.TransactionInterceptor] is not eligible for getting processed by all BeanPostProcessors (for example: not eligible for auto-proxying)
2024-04-06 15:17:51.790  INFO [32m[][0;39m 20220 --- [restartedMain] trationDelegate$BeanPostProcessorChecker : Bean 'advisor' of type [org.springframework.aop.support.DefaultPointcutAdvisor] is not eligible for getting processed by all BeanPostProcessors (for example: not eligible for auto-proxying)
2024-04-06 15:17:52.032  INFO [32m[][0;39m 20220 --- [restartedMain] o.s.b.w.embedded.tomcat.TomcatWebServer  : Tomcat initialized with port(s): 8080 (http)
2024-04-06 15:17:52.039  INFO [32m[][0;39m 20220 --- [restartedMain] o.a.coyote.http11.Http11NioProtocol      : Initializing ProtocolHandler ["http-nio-8080"]
2024-04-06 15:17:52.039  INFO [32m[][0;39m 20220 --- [restartedMain] o.apache.catalina.core.StandardService   : Starting service [Tomcat]
2024-04-06 15:17:52.040  INFO [32m[][0;39m 20220 --- [restartedMain] o.apache.catalina.core.StandardEngine    : Starting Servlet engine: [Apache Tomcat/10.1.5]
2024-04-06 15:17:52.071  INFO [32m[][0;39m 20220 --- [restartedMain] o.a.c.c.C.[Tomcat].[localhost].[/]       : Initializing Spring embedded WebApplicationContext
2024-04-06 15:17:52.072  INFO [32m[][0;39m 20220 --- [restartedMain] w.s.c.ServletWebServerApplicationContext : Root WebApplicationContext: initialization completed in 1054 ms
2024-04-06 15:17:52.355  WARN [33m[][0;39m 20220 --- [restartedMain] c.b.m.core.metadata.TableInfoHelper      : This primary key of "id" is primitive !不建议如此请使用包装类 in Class: "org.digitalcity.dao.entity.Attraction"
2024-04-06 15:17:52.430  WARN [33m[][0;39m 20220 --- [restartedMain] c.b.m.core.metadata.TableInfoHelper      : This primary key of "id" is primitive !不建议如此请使用包装类 in Class: "org.digitalcity.dao.entity.Commerce"
2024-04-06 15:17:52.453  WARN [33m[][0;39m 20220 --- [restartedMain] c.b.m.core.metadata.TableInfoHelper      : This primary key of "id" is primitive !不建议如此请使用包装类 in Class: "org.digitalcity.dao.entity.EmotionScore"
2024-04-06 15:17:52.469  WARN [33m[][0;39m 20220 --- [restartedMain] c.b.m.core.metadata.TableInfoHelper      : This primary key of "id" is primitive !不建议如此请使用包装类 in Class: "org.digitalcity.dao.entity.Comment"
2024-04-06 15:17:52.487  WARN [33m[][0;39m 20220 --- [restartedMain] c.b.m.core.metadata.TableInfoHelper      : This primary key of "id" is primitive !不建议如此请使用包装类 in Class: "org.digitalcity.dao.entity.Hospital"
2024-04-06 15:17:52.503  WARN [33m[][0;39m 20220 --- [restartedMain] c.b.m.core.metadata.TableInfoHelper      : This primary key of "id" is primitive !不建议如此请使用包装类 in Class: "org.digitalcity.dao.entity.Bulletin"
2024-04-06 15:17:52.519  WARN [33m[][0;39m 20220 --- [restartedMain] c.b.m.core.metadata.TableInfoHelper      : This primary key of "id" is primitive !不建议如此请使用包装类 in Class: "org.digitalcity.dao.entity.OldHome"
2024-04-06 15:17:52.537  WARN [33m[][0;39m 20220 --- [restartedMain] c.b.m.core.metadata.TableInfoHelper      : This primary key of "id" is primitive !不建议如此请使用包装类 in Class: "org.digitalcity.dao.entity.Recreation"
2024-04-06 15:17:52.553  WARN [33m[][0;39m 20220 --- [restartedMain] c.b.m.core.metadata.TableInfoHelper      : This primary key of "id" is primitive !不建议如此请使用包装类 in Class: "org.digitalcity.dao.entity.Site"
2024-04-06 15:17:52.567  WARN [33m[][0;39m 20220 --- [restartedMain] c.b.m.core.metadata.TableInfoHelper      : This primary key of "id" is primitive !不建议如此请使用包装类 in Class: "org.digitalcity.dao.entity.TrafficStation"
2024-04-06 15:17:52.585  WARN [33m[][0;39m 20220 --- [restartedMain] c.b.m.core.metadata.TableInfoHelper      : This primary key of "id" is primitive !不建议如此请使用包装类 in Class: "org.digitalcity.dao.entity.Member"
2024-04-06 15:17:53.006  INFO [32m[][0;39m 20220 --- [restartedMain] o.s.b.d.a.OptionalLiveReloadServer       : LiveReload server is running on port 35729
2024-04-06 15:17:53.034  INFO [32m[][0;39m 20220 --- [restartedMain] o.a.coyote.http11.Http11NioProtocol      : Starting ProtocolHandler ["http-nio-8080"]
2024-04-06 15:17:53.045  INFO [32m[][0;39m 20220 --- [restartedMain] o.s.b.w.embedded.tomcat.TomcatWebServer  : Tomcat started on port(s): 8080 (http) with context path ''
2024-04-06 15:17:53.052  INFO [32m[][0;39m 20220 --- [restartedMain] org.digitalcity.ApplicationStarter       : Started ApplicationStarter in 2.331 seconds (process running for 2.63)
2024-04-06 15:18:12.102  INFO [32m[][0;39m 20220 --- [SpringApplicationShutdownHook] com.alibaba.druid.pool.DruidDataSource   : {dataSource-0} closing ...
2024-04-06 15:18:14.258  INFO [32m[][0;39m 20222 --- [background-preinit] o.h.validator.internal.util.Version      : HV000001: Hibernate Validator 8.0.0.Final
2024-04-06 15:18:14.276  INFO [32m[][0;39m 20222 --- [restartedMain] org.digitalcity.ApplicationStarter       : Starting ApplicationStarter using Java 17.0.4 with PID 20222 (/Users/marco/Workspace/source/java/digital_city/digital_city_web/build/classes/java/main started by marco in /Users/marco/Workspace/source/java/digital_city)
2024-04-06 15:18:14.276  INFO [32m[][0;39m 20222 --- [restartedMain] org.digitalcity.ApplicationStarter       : No active profile set, falling back to 1 default profile: "default"
2024-04-06 15:18:14.300  INFO [32m[][0;39m 20222 --- [restartedMain] .e.DevToolsPropertyDefaultsPostProcessor : Devtools property defaults active! Set 'spring.devtools.add-properties' to 'false' to disable
2024-04-06 15:18:14.300  INFO [32m[][0;39m 20222 --- [restartedMain] .e.DevToolsPropertyDefaultsPostProcessor : For additional web related logging consider setting the 'logging.level.web' property to 'DEBUG'
2024-04-06 15:18:14.686  INFO [32m[][0;39m 20222 --- [restartedMain] .s.d.r.c.RepositoryConfigurationDelegate : Multiple Spring Data modules found, entering strict repository configuration mode
2024-04-06 15:18:14.688  INFO [32m[][0;39m 20222 --- [restartedMain] .s.d.r.c.RepositoryConfigurationDelegate : Bootstrapping Spring Data Redis repositories in DEFAULT mode.
2024-04-06 15:18:14.707  INFO [32m[][0;39m 20222 --- [restartedMain] .s.d.r.c.RepositoryConfigurationDelegate : Finished Spring Data repository scanning in 11 ms. Found 0 Redis repository interfaces.
2024-04-06 15:18:14.940  INFO [32m[][0;39m 20222 --- [restartedMain] trationDelegate$BeanPostProcessorChecker : Bean 'org.springframework.boot.autoconfigure.jdbc.DataSourceTransactionManagerAutoConfiguration$JdbcTransactionManagerConfiguration' of type [org.springframework.boot.autoconfigure.jdbc.DataSourceTransactionManagerAutoConfiguration$JdbcTransactionManagerConfiguration] is not eligible for getting processed by all BeanPostProcessors (for example: not eligible for auto-proxying)
2024-04-06 15:18:14.942  INFO [32m[][0;39m 20222 --- [restartedMain] trationDelegate$BeanPostProcessorChecker : Bean 'org.springframework.boot.autoconfigure.jdbc.DataSourceConfiguration$Generic' of type [org.springframework.boot.autoconfigure.jdbc.DataSourceConfiguration$Generic] is not eligible for getting processed by all BeanPostProcessors (for example: not eligible for auto-proxying)
2024-04-06 15:18:14.956  INFO [32m[][0;39m 20222 --- [restartedMain] trationDelegate$BeanPostProcessorChecker : Bean 'spring.datasource-org.springframework.boot.autoconfigure.jdbc.DataSourceProperties' of type [org.springframework.boot.autoconfigure.jdbc.DataSourceProperties] is not eligible for getting processed by all BeanPostProcessors (for example: not eligible for auto-proxying)
2024-04-06 15:18:14.975  INFO [32m[][0;39m 20222 --- [restartedMain] trationDelegate$BeanPostProcessorChecker : Bean 'dataSource' of type [com.alibaba.druid.pool.DruidDataSource] is not eligible for getting processed by all BeanPostProcessors (for example: not eligible for auto-proxying)
2024-04-06 15:18:15.003  INFO [32m[][0;39m 20222 --- [restartedMain] trationDelegate$BeanPostProcessorChecker : Bean 'org.springframework.boot.autoconfigure.transaction.TransactionAutoConfiguration' of type [org.springframework.boot.autoconfigure.transaction.TransactionAutoConfiguration] is not eligible for getting processed by all BeanPostProcessors (for example: not eligible for auto-proxying)
2024-04-06 15:18:15.006  INFO [32m[][0;39m 20222 --- [restartedMain] trationDelegate$BeanPostProcessorChecker : Bean 'spring.transaction-org.springframework.boot.autoconfigure.transaction.TransactionProperties' of type [org.springframework.boot.autoconfigure.transaction.TransactionProperties] is not eligible for getting processed by all BeanPostProcessors (for example: not eligible for auto-proxying)
2024-04-06 15:18:15.007  INFO [32m[][0;39m 20222 --- [restartedMain] trationDelegate$BeanPostProcessorChecker : Bean 'platformTransactionManagerCustomizers' of type [org.springframework.boot.autoconfigure.transaction.TransactionManagerCustomizers] is not eligible for getting processed by all BeanPostProcessors (for example: not eligible for auto-proxying)
2024-04-06 15:18:15.009  INFO [32m[][0;39m 20222 --- [restartedMain] trationDelegate$BeanPostProcessorChecker : Bean 'transactionManager' of type [org.springframework.jdbc.support.JdbcTransactionManager] is not eligible for getting processed by all BeanPostProcessors (for example: not eligible for auto-proxying)
2024-04-06 15:18:15.010  INFO [32m[][0;39m 20222 --- [restartedMain] trationDelegate$BeanPostProcessorChecker : Bean 'transactionConfig' of type [org.digitalcity.config.TransactionConfig$$SpringCGLIB$$0] is not eligible for getting processed by all BeanPostProcessors (for example: not eligible for auto-proxying)
2024-04-06 15:18:15.013  INFO [32m[][0;39m 20222 --- [restartedMain] trationDelegate$BeanPostProcessorChecker : Bean 'txAdvice' of type [org.springframework.transaction.interceptor.TransactionInterceptor] is not eligible for getting processed by all BeanPostProcessors (for example: not eligible for auto-proxying)
2024-04-06 15:18:15.014  INFO [32m[][0;39m 20222 --- [restartedMain] trationDelegate$BeanPostProcessorChecker : Bean 'advisor' of type [org.springframework.aop.support.DefaultPointcutAdvisor] is not eligible for getting processed by all BeanPostProcessors (for example: not eligible for auto-proxying)
2024-04-06 15:18:15.245  INFO [32m[][0;39m 20222 --- [restartedMain] o.s.b.w.embedded.tomcat.TomcatWebServer  : Tomcat initialized with port(s): 8080 (http)
2024-04-06 15:18:15.251  INFO [32m[][0;39m 20222 --- [restartedMain] o.a.coyote.http11.Http11NioProtocol      : Initializing ProtocolHandler ["http-nio-8080"]
2024-04-06 15:18:15.251  INFO [32m[][0;39m 20222 --- [restartedMain] o.apache.catalina.core.StandardService   : Starting service [Tomcat]
2024-04-06 15:18:15.252  INFO [32m[][0;39m 20222 --- [restartedMain] o.apache.catalina.core.StandardEngine    : Starting Servlet engine: [Apache Tomcat/10.1.5]
2024-04-06 15:18:15.284  INFO [32m[][0;39m 20222 --- [restartedMain] o.a.c.c.C.[Tomcat].[localhost].[/]       : Initializing Spring embedded WebApplicationContext
2024-04-06 15:18:15.284  INFO [32m[][0;39m 20222 --- [restartedMain] w.s.c.ServletWebServerApplicationContext : Root WebApplicationContext: initialization completed in 984 ms
2024-04-06 15:18:15.555  WARN [33m[][0;39m 20222 --- [restartedMain] c.b.m.core.metadata.TableInfoHelper      : This primary key of "id" is primitive !不建议如此请使用包装类 in Class: "org.digitalcity.dao.entity.Attraction"
2024-04-06 15:18:15.625  WARN [33m[][0;39m 20222 --- [restartedMain] c.b.m.core.metadata.TableInfoHelper      : This primary key of "id" is primitive !不建议如此请使用包装类 in Class: "org.digitalcity.dao.entity.Commerce"
2024-04-06 15:18:15.644  WARN [33m[][0;39m 20222 --- [restartedMain] c.b.m.core.metadata.TableInfoHelper      : This primary key of "id" is primitive !不建议如此请使用包装类 in Class: "org.digitalcity.dao.entity.EmotionScore"
2024-04-06 15:18:15.657  WARN [33m[][0;39m 20222 --- [restartedMain] c.b.m.core.metadata.TableInfoHelper      : This primary key of "id" is primitive !不建议如此请使用包装类 in Class: "org.digitalcity.dao.entity.Comment"
2024-04-06 15:18:15.673  WARN [33m[][0;39m 20222 --- [restartedMain] c.b.m.core.metadata.TableInfoHelper      : This primary key of "id" is primitive !不建议如此请使用包装类 in Class: "org.digitalcity.dao.entity.Hospital"
2024-04-06 15:18:15.690  WARN [33m[][0;39m 20222 --- [restartedMain] c.b.m.core.metadata.TableInfoHelper      : This primary key of "id" is primitive !不建议如此请使用包装类 in Class: "org.digitalcity.dao.entity.Bulletin"
2024-04-06 15:18:15.705  WARN [33m[][0;39m 20222 --- [restartedMain] c.b.m.core.metadata.TableInfoHelper      : This primary key of "id" is primitive !不建议如此请使用包装类 in Class: "org.digitalcity.dao.entity.OldHome"
2024-04-06 15:18:15.718  WARN [33m[][0;39m 20222 --- [restartedMain] c.b.m.core.metadata.TableInfoHelper      : This primary key of "id" is primitive !不建议如此请使用包装类 in Class: "org.digitalcity.dao.entity.Recreation"
2024-04-06 15:18:15.732  WARN [33m[][0;39m 20222 --- [restartedMain] c.b.m.core.metadata.TableInfoHelper      : This primary key of "id" is primitive !不建议如此请使用包装类 in Class: "org.digitalcity.dao.entity.Site"
2024-04-06 15:18:15.746  WARN [33m[][0;39m 20222 --- [restartedMain] c.b.m.core.metadata.TableInfoHelper      : This primary key of "id" is primitive !不建议如此请使用包装类 in Class: "org.digitalcity.dao.entity.TrafficStation"
2024-04-06 15:18:15.766  WARN [33m[][0;39m 20222 --- [restartedMain] c.b.m.core.metadata.TableInfoHelper      : This primary key of "id" is primitive !不建议如此请使用包装类 in Class: "org.digitalcity.dao.entity.Member"
2024-04-06 15:18:16.172  INFO [32m[][0;39m 20222 --- [restartedMain] o.s.b.d.a.OptionalLiveReloadServer       : LiveReload server is running on port 35729
2024-04-06 15:18:16.198  INFO [32m[][0;39m 20222 --- [restartedMain] o.a.coyote.http11.Http11NioProtocol      : Starting ProtocolHandler ["http-nio-8080"]
2024-04-06 15:18:16.208  INFO [32m[][0;39m 20222 --- [restartedMain] o.s.b.w.embedded.tomcat.TomcatWebServer  : Tomcat started on port(s): 8080 (http) with context path ''
2024-04-06 15:18:16.215  INFO [32m[][0;39m 20222 --- [restartedMain] org.digitalcity.ApplicationStarter       : Started ApplicationStarter in 2.188 seconds (process running for 2.477)
2024-04-06 15:18:46.107  INFO [32m[][0;39m 20222 --- [http-nio-8080-exec-2] o.a.c.c.C.[Tomcat].[localhost].[/]       : Initializing Spring DispatcherServlet 'dispatcherServlet'
2024-04-06 15:18:46.108  INFO [32m[][0;39m 20222 --- [http-nio-8080-exec-2] o.s.web.servlet.DispatcherServlet        : Initializing Servlet 'dispatcherServlet'
2024-04-06 15:18:46.110  INFO [32m[][0;39m 20222 --- [http-nio-8080-exec-2] o.s.web.servlet.DispatcherServlet        : Completed initialization in 1 ms
2024-04-06 15:18:46.195  INFO [32m[][0;39m 20222 --- [http-nio-8080-exec-2] com.alibaba.druid.pool.DruidDataSource   : {dataSource-1} inited
2024-04-06 15:19:10.785  INFO [32m[][0;39m 20222 --- [SpringApplicationShutdownHook] com.alibaba.druid.pool.DruidDataSource   : {dataSource-1} closing ...
2024-04-06 15:19:10.789  INFO [32m[][0;39m 20222 --- [SpringApplicationShutdownHook] com.alibaba.druid.pool.DruidDataSource   : {dataSource-1} closed
