2024-04-09 16:56:37.970  INFO [32m[][0;39m 98330 --- [background-preinit] o.h.validator.internal.util.Version      : HV000001: Hibernate Validator 8.0.0.Final
2024-04-09 16:56:37.986  INFO [32m[][0;39m 98330 --- [restartedMain] org.digitalcity.ApplicationStarter       : Starting ApplicationStarter using Java 17.0.4 with PID 98330 (/Users/marco/Workspace/source/java/digital_city/digital_city_web/build/classes/java/main started by marco in /Users/marco/Workspace/source/java/digital_city)
2024-04-09 16:56:37.987  INFO [32m[][0;39m 98330 --- [restartedMain] org.digitalcity.ApplicationStarter       : No active profile set, falling back to 1 default profile: "default"
2024-04-09 16:56:38.010  INFO [32m[][0;39m 98330 --- [restartedMain] .e.DevToolsPropertyDefaultsPostProcessor : Devtools property defaults active! Set 'spring.devtools.add-properties' to 'false' to disable
2024-04-09 16:56:38.011  INFO [32m[][0;39m 98330 --- [restartedMain] .e.DevToolsPropertyDefaultsPostProcessor : For additional web related logging consider setting the 'logging.level.web' property to 'DEBUG'
2024-04-09 16:56:38.365  INFO [32m[][0;39m 98330 --- [restartedMain] .s.d.r.c.RepositoryConfigurationDelegate : Multiple Spring Data modules found, entering strict repository configuration mode
2024-04-09 16:56:38.366  INFO [32m[][0;39m 98330 --- [restartedMain] .s.d.r.c.RepositoryConfigurationDelegate : Bootstrapping Spring Data Redis repositories in DEFAULT mode.
2024-04-09 16:56:38.387  INFO [32m[][0;39m 98330 --- [restartedMain] .s.d.r.c.RepositoryConfigurationDelegate : Finished Spring Data repository scanning in 13 ms. Found 0 Redis repository interfaces.
2024-04-09 16:56:38.820  INFO [32m[][0;39m 98330 --- [restartedMain] trationDelegate$BeanPostProcessorChecker : Bean 'org.springframework.boot.autoconfigure.jdbc.DataSourceTransactionManagerAutoConfiguration$JdbcTransactionManagerConfiguration' of type [org.springframework.boot.autoconfigure.jdbc.DataSourceTransactionManagerAutoConfiguration$JdbcTransactionManagerConfiguration] is not eligible for getting processed by all BeanPostProcessors (for example: not eligible for auto-proxying)
2024-04-09 16:56:38.826  INFO [32m[][0;39m 98330 --- [restartedMain] trationDelegate$BeanPostProcessorChecker : Bean 'org.springframework.boot.autoconfigure.jdbc.DataSourceConfiguration$Generic' of type [org.springframework.boot.autoconfigure.jdbc.DataSourceConfiguration$Generic] is not eligible for getting processed by all BeanPostProcessors (for example: not eligible for auto-proxying)
2024-04-09 16:56:38.857  INFO [32m[][0;39m 98330 --- [restartedMain] trationDelegate$BeanPostProcessorChecker : Bean 'spring.datasource-org.springframework.boot.autoconfigure.jdbc.DataSourceProperties' of type [org.springframework.boot.autoconfigure.jdbc.DataSourceProperties] is not eligible for getting processed by all BeanPostProcessors (for example: not eligible for auto-proxying)
2024-04-09 16:56:38.889  INFO [32m[][0;39m 98330 --- [restartedMain] trationDelegate$BeanPostProcessorChecker : Bean 'dataSource' of type [com.alibaba.druid.pool.DruidDataSource] is not eligible for getting processed by all BeanPostProcessors (for example: not eligible for auto-proxying)
2024-04-09 16:56:38.939  INFO [32m[][0;39m 98330 --- [restartedMain] trationDelegate$BeanPostProcessorChecker : Bean 'org.springframework.boot.autoconfigure.transaction.TransactionAutoConfiguration' of type [org.springframework.boot.autoconfigure.transaction.TransactionAutoConfiguration] is not eligible for getting processed by all BeanPostProcessors (for example: not eligible for auto-proxying)
2024-04-09 16:56:38.946  INFO [32m[][0;39m 98330 --- [restartedMain] trationDelegate$BeanPostProcessorChecker : Bean 'spring.transaction-org.springframework.boot.autoconfigure.transaction.TransactionProperties' of type [org.springframework.boot.autoconfigure.transaction.TransactionProperties] is not eligible for getting processed by all BeanPostProcessors (for example: not eligible for auto-proxying)
2024-04-09 16:56:38.947  INFO [32m[][0;39m 98330 --- [restartedMain] trationDelegate$BeanPostProcessorChecker : Bean 'platformTransactionManagerCustomizers' of type [org.springframework.boot.autoconfigure.transaction.TransactionManagerCustomizers] is not eligible for getting processed by all BeanPostProcessors (for example: not eligible for auto-proxying)
2024-04-09 16:56:38.957  INFO [32m[][0;39m 98330 --- [restartedMain] trationDelegate$BeanPostProcessorChecker : Bean 'transactionManager' of type [org.springframework.jdbc.support.JdbcTransactionManager] is not eligible for getting processed by all BeanPostProcessors (for example: not eligible for auto-proxying)
2024-04-09 16:56:38.960  INFO [32m[][0;39m 98330 --- [restartedMain] trationDelegate$BeanPostProcessorChecker : Bean 'transactionConfig' of type [org.digitalcity.config.TransactionConfig$$SpringCGLIB$$0] is not eligible for getting processed by all BeanPostProcessors (for example: not eligible for auto-proxying)
2024-04-09 16:56:38.965  INFO [32m[][0;39m 98330 --- [restartedMain] trationDelegate$BeanPostProcessorChecker : Bean 'txAdvice' of type [org.springframework.transaction.interceptor.TransactionInterceptor] is not eligible for getting processed by all BeanPostProcessors (for example: not eligible for auto-proxying)
2024-04-09 16:56:38.966  INFO [32m[][0;39m 98330 --- [restartedMain] trationDelegate$BeanPostProcessorChecker : Bean 'advisor' of type [org.springframework.aop.support.DefaultPointcutAdvisor] is not eligible for getting processed by all BeanPostProcessors (for example: not eligible for auto-proxying)
2024-04-09 16:56:39.290  INFO [32m[][0;39m 98330 --- [restartedMain] o.s.b.w.embedded.tomcat.TomcatWebServer  : Tomcat initialized with port(s): 8080 (http)
2024-04-09 16:56:39.297  INFO [32m[][0;39m 98330 --- [restartedMain] o.a.coyote.http11.Http11NioProtocol      : Initializing ProtocolHandler ["http-nio-8080"]
2024-04-09 16:56:39.297  INFO [32m[][0;39m 98330 --- [restartedMain] o.apache.catalina.core.StandardService   : Starting service [Tomcat]
2024-04-09 16:56:39.298  INFO [32m[][0;39m 98330 --- [restartedMain] o.apache.catalina.core.StandardEngine    : Starting Servlet engine: [Apache Tomcat/10.1.5]
2024-04-09 16:56:39.339  INFO [32m[][0;39m 98330 --- [restartedMain] o.a.c.c.C.[Tomcat].[localhost].[/]       : Initializing Spring embedded WebApplicationContext
2024-04-09 16:56:39.339  INFO [32m[][0;39m 98330 --- [restartedMain] w.s.c.ServletWebServerApplicationContext : Root WebApplicationContext: initialization completed in 1328 ms
2024-04-09 16:56:39.659  WARN [33m[][0;39m 98330 --- [restartedMain] c.b.m.core.metadata.TableInfoHelper      : This primary key of "id" is primitive !ä¸å»ºè®®å¦‚æ­¤è¯·ä½¿ç”¨åŒ…è£…ç±» in Class: "org.digitalcity.dao.entity.Attraction"
2024-04-09 16:56:39.726  WARN [33m[][0;39m 98330 --- [restartedMain] c.b.m.core.metadata.TableInfoHelper      : This primary key of "id" is primitive !ä¸å»ºè®®å¦‚æ­¤è¯·ä½¿ç”¨åŒ…è£…ç±» in Class: "org.digitalcity.dao.entity.Commerce"
2024-04-09 16:56:39.745  WARN [33m[][0;39m 98330 --- [restartedMain] c.b.m.core.metadata.TableInfoHelper      : This primary key of "id" is primitive !ä¸å»ºè®®å¦‚æ­¤è¯·ä½¿ç”¨åŒ…è£…ç±» in Class: "org.digitalcity.dao.entity.CircleInf"
2024-04-09 16:56:39.762  WARN [33m[][0;39m 98330 --- [restartedMain] c.b.m.core.metadata.TableInfoHelper      : This primary key of "id" is primitive !ä¸å»ºè®®å¦‚æ­¤è¯·ä½¿ç”¨åŒ…è£…ç±» in Class: "org.digitalcity.dao.entity.EmotionScore"
2024-04-09 16:56:39.775  WARN [33m[][0;39m 98330 --- [restartedMain] c.b.m.core.metadata.TableInfoHelper      : This primary key of "id" is primitive !ä¸å»ºè®®å¦‚æ­¤è¯·ä½¿ç”¨åŒ…è£…ç±» in Class: "org.digitalcity.dao.entity.Comment"
2024-04-09 16:56:39.789  WARN [33m[][0;39m 98330 --- [restartedMain] c.b.m.core.metadata.TableInfoHelper      : This primary key of "id" is primitive !ä¸å»ºè®®å¦‚æ­¤è¯·ä½¿ç”¨åŒ…è£…ç±» in Class: "org.digitalcity.dao.entity.Hospital"
2024-04-09 16:56:39.802  WARN [33m[][0;39m 98330 --- [restartedMain] c.b.m.core.metadata.TableInfoHelper      : This primary key of "id" is primitive !ä¸å»ºè®®å¦‚æ­¤è¯·ä½¿ç”¨åŒ…è£…ç±» in Class: "org.digitalcity.dao.entity.Bulletin"
2024-04-09 16:56:39.814  WARN [33m[][0;39m 98330 --- [restartedMain] c.b.m.core.metadata.TableInfoHelper      : This primary key of "id" is primitive !ä¸å»ºè®®å¦‚æ­¤è¯·ä½¿ç”¨åŒ…è£…ç±» in Class: "org.digitalcity.dao.entity.OldHome"
2024-04-09 16:56:39.825  WARN [33m[][0;39m 98330 --- [restartedMain] c.b.m.core.metadata.TableInfoHelper      : This primary key of "id" is primitive !ä¸å»ºè®®å¦‚æ­¤è¯·ä½¿ç”¨åŒ…è£…ç±» in Class: "org.digitalcity.dao.entity.PopulationStructure"
2024-04-09 16:56:39.839  WARN [33m[][0;39m 98330 --- [restartedMain] c.b.m.core.metadata.TableInfoHelper      : This primary key of "id" is primitive !ä¸å»ºè®®å¦‚æ­¤è¯·ä½¿ç”¨åŒ…è£…ç±» in Class: "org.digitalcity.dao.entity.Recreation"
2024-04-09 16:56:39.851  WARN [33m[][0;39m 98330 --- [restartedMain] c.b.m.core.metadata.TableInfoHelper      : This primary key of "id" is primitive !ä¸å»ºè®®å¦‚æ­¤è¯·ä½¿ç”¨åŒ…è£…ç±» in Class: "org.digitalcity.dao.entity.Site"
2024-04-09 16:56:39.863  WARN [33m[][0;39m 98330 --- [restartedMain] c.b.m.core.metadata.TableInfoHelper      : This primary key of "id" is primitive !ä¸å»ºè®®å¦‚æ­¤è¯·ä½¿ç”¨åŒ…è£…ç±» in Class: "org.digitalcity.dao.entity.TrafficFlow"
2024-04-09 16:56:39.873  WARN [33m[][0;39m 98330 --- [restartedMain] c.b.m.core.metadata.TableInfoHelper      : This primary key of "id" is primitive !ä¸å»ºè®®å¦‚æ­¤è¯·ä½¿ç”¨åŒ…è£…ç±» in Class: "org.digitalcity.dao.entity.TrafficStation"
2024-04-09 16:56:39.884  WARN [33m[][0;39m 98330 --- [restartedMain] c.b.m.core.metadata.TableInfoHelper      : This primary key of "id" is primitive !ä¸å»ºè®®å¦‚æ­¤è¯·ä½¿ç”¨åŒ…è£…ç±» in Class: "org.digitalcity.dao.entity.TrafficComment"
2024-04-09 16:56:39.900  WARN [33m[][0;39m 98330 --- [restartedMain] c.b.m.core.metadata.TableInfoHelper      : This primary key of "id" is primitive !ä¸å»ºè®®å¦‚æ­¤è¯·ä½¿ç”¨åŒ…è£…ç±» in Class: "org.digitalcity.dao.entity.Member"
2024-04-09 16:56:40.301  INFO [32m[][0;39m 98330 --- [restartedMain] o.s.b.d.a.OptionalLiveReloadServer       : LiveReload server is running on port 35729
2024-04-09 16:56:40.331  INFO [32m[][0;39m 98330 --- [restartedMain] o.a.coyote.http11.Http11NioProtocol      : Starting ProtocolHandler ["http-nio-8080"]
2024-04-09 16:56:40.342  INFO [32m[][0;39m 98330 --- [restartedMain] o.s.b.w.embedded.tomcat.TomcatWebServer  : Tomcat started on port(s): 8080 (http) with context path ''
2024-04-09 16:56:40.350  INFO [32m[][0;39m 98330 --- [restartedMain] org.digitalcity.ApplicationStarter       : Started ApplicationStarter in 2.604 seconds (process running for 3.103)
2024-04-09 16:56:46.041  INFO [32m[][0;39m 98330 --- [http-nio-8080-exec-1] o.a.c.c.C.[Tomcat].[localhost].[/]       : Initializing Spring DispatcherServlet 'dispatcherServlet'
2024-04-09 16:56:46.042  INFO [32m[][0;39m 98330 --- [http-nio-8080-exec-1] o.s.web.servlet.DispatcherServlet        : Initializing Servlet 'dispatcherServlet'
2024-04-09 16:56:46.043  INFO [32m[][0;39m 98330 --- [http-nio-8080-exec-1] o.s.web.servlet.DispatcherServlet        : Completed initialization in 1 ms
2024-04-09 16:56:46.117  INFO [32m[][0;39m 98330 --- [http-nio-8080-exec-1] com.alibaba.druid.pool.DruidDataSource   : {dataSource-1} inited
2024-04-09 16:57:22.510  INFO [32m[][0;39m 98330 --- [SpringApplicationShutdownHook] com.alibaba.druid.pool.DruidDataSource   : {dataSource-1} closing ...
2024-04-09 16:57:22.513  INFO [32m[][0;39m 98330 --- [SpringApplicationShutdownHook] com.alibaba.druid.pool.DruidDataSource   : {dataSource-1} closed
2024-04-09 19:51:11.218  INFO [32m[][0;39m 46453 --- [background-preinit] o.h.validator.internal.util.Version      : HV000001: Hibernate Validator 8.0.0.Final
2024-04-09 19:51:11.239  INFO [32m[][0;39m 46453 --- [restartedMain] org.digitalcity.ApplicationStarter       : Starting ApplicationStarter using Java 17.0.4 with PID 46453 (/Users/marco/Workspace/source/java/digital_city/digital_city_web/build/classes/java/main started by marco in /Users/marco/Workspace/source/java/digital_city)
2024-04-09 19:51:11.240  INFO [32m[][0;39m 46453 --- [restartedMain] org.digitalcity.ApplicationStarter       : No active profile set, falling back to 1 default profile: "default"
2024-04-09 19:51:11.266  INFO [32m[][0;39m 46453 --- [restartedMain] .e.DevToolsPropertyDefaultsPostProcessor : Devtools property defaults active! Set 'spring.devtools.add-properties' to 'false' to disable
2024-04-09 19:51:11.266  INFO [32m[][0;39m 46453 --- [restartedMain] .e.DevToolsPropertyDefaultsPostProcessor : For additional web related logging consider setting the 'logging.level.web' property to 'DEBUG'
2024-04-09 19:51:11.673  INFO [32m[][0;39m 46453 --- [restartedMain] .s.d.r.c.RepositoryConfigurationDelegate : Multiple Spring Data modules found, entering strict repository configuration mode
2024-04-09 19:51:11.675  INFO [32m[][0;39m 46453 --- [restartedMain] .s.d.r.c.RepositoryConfigurationDelegate : Bootstrapping Spring Data Redis repositories in DEFAULT mode.
2024-04-09 19:51:11.695  INFO [32m[][0;39m 46453 --- [restartedMain] .s.d.r.c.RepositoryConfigurationDelegate : Finished Spring Data repository scanning in 12 ms. Found 0 Redis repository interfaces.
2024-04-09 19:51:11.938  INFO [32m[][0;39m 46453 --- [restartedMain] trationDelegate$BeanPostProcessorChecker : Bean 'org.springframework.boot.autoconfigure.jdbc.DataSourceTransactionManagerAutoConfiguration$JdbcTransactionManagerConfiguration' of type [org.springframework.boot.autoconfigure.jdbc.DataSourceTransactionManagerAutoConfiguration$JdbcTransactionManagerConfiguration] is not eligible for getting processed by all BeanPostProcessors (for example: not eligible for auto-proxying)
2024-04-09 19:51:11.940  INFO [32m[][0;39m 46453 --- [restartedMain] trationDelegate$BeanPostProcessorChecker : Bean 'org.springframework.boot.autoconfigure.jdbc.DataSourceConfiguration$Generic' of type [org.springframework.boot.autoconfigure.jdbc.DataSourceConfiguration$Generic] is not eligible for getting processed by all BeanPostProcessors (for example: not eligible for auto-proxying)
2024-04-09 19:51:11.954  INFO [32m[][0;39m 46453 --- [restartedMain] trationDelegate$BeanPostProcessorChecker : Bean 'spring.datasource-org.springframework.boot.autoconfigure.jdbc.DataSourceProperties' of type [org.springframework.boot.autoconfigure.jdbc.DataSourceProperties] is not eligible for getting processed by all BeanPostProcessors (for example: not eligible for auto-proxying)
2024-04-09 19:51:11.975  INFO [32m[][0;39m 46453 --- [restartedMain] trationDelegate$BeanPostProcessorChecker : Bean 'dataSource' of type [com.alibaba.druid.pool.DruidDataSource] is not eligible for getting processed by all BeanPostProcessors (for example: not eligible for auto-proxying)
2024-04-09 19:51:12.003  INFO [32m[][0;39m 46453 --- [restartedMain] trationDelegate$BeanPostProcessorChecker : Bean 'org.springframework.boot.autoconfigure.transaction.TransactionAutoConfiguration' of type [org.springframework.boot.autoconfigure.transaction.TransactionAutoConfiguration] is not eligible for getting processed by all BeanPostProcessors (for example: not eligible for auto-proxying)
2024-04-09 19:51:12.006  INFO [32m[][0;39m 46453 --- [restartedMain] trationDelegate$BeanPostProcessorChecker : Bean 'spring.transaction-org.springframework.boot.autoconfigure.transaction.TransactionProperties' of type [org.springframework.boot.autoconfigure.transaction.TransactionProperties] is not eligible for getting processed by all BeanPostProcessors (for example: not eligible for auto-proxying)
2024-04-09 19:51:12.007  INFO [32m[][0;39m 46453 --- [restartedMain] trationDelegate$BeanPostProcessorChecker : Bean 'platformTransactionManagerCustomizers' of type [org.springframework.boot.autoconfigure.transaction.TransactionManagerCustomizers] is not eligible for getting processed by all BeanPostProcessors (for example: not eligible for auto-proxying)
2024-04-09 19:51:12.009  INFO [32m[][0;39m 46453 --- [restartedMain] trationDelegate$BeanPostProcessorChecker : Bean 'transactionManager' of type [org.springframework.jdbc.support.JdbcTransactionManager] is not eligible for getting processed by all BeanPostProcessors (for example: not eligible for auto-proxying)
2024-04-09 19:51:12.011  INFO [32m[][0;39m 46453 --- [restartedMain] trationDelegate$BeanPostProcessorChecker : Bean 'transactionConfig' of type [org.digitalcity.config.TransactionConfig$$SpringCGLIB$$0] is not eligible for getting processed by all BeanPostProcessors (for example: not eligible for auto-proxying)
2024-04-09 19:51:12.015  INFO [32m[][0;39m 46453 --- [restartedMain] trationDelegate$BeanPostProcessorChecker : Bean 'txAdvice' of type [org.springframework.transaction.interceptor.TransactionInterceptor] is not eligible for getting processed by all BeanPostProcessors (for example: not eligible for auto-proxying)
2024-04-09 19:51:12.015  INFO [32m[][0;39m 46453 --- [restartedMain] trationDelegate$BeanPostProcessorChecker : Bean 'advisor' of type [org.springframework.aop.support.DefaultPointcutAdvisor] is not eligible for getting processed by all BeanPostProcessors (for example: not eligible for auto-proxying)
2024-04-09 19:51:12.260  INFO [32m[][0;39m 46453 --- [restartedMain] o.s.b.w.embedded.tomcat.TomcatWebServer  : Tomcat initialized with port(s): 8080 (http)
2024-04-09 19:51:12.267  INFO [32m[][0;39m 46453 --- [restartedMain] o.a.coyote.http11.Http11NioProtocol      : Initializing ProtocolHandler ["http-nio-8080"]
2024-04-09 19:51:12.267  INFO [32m[][0;39m 46453 --- [restartedMain] o.apache.catalina.core.StandardService   : Starting service [Tomcat]
2024-04-09 19:51:12.267  INFO [32m[][0;39m 46453 --- [restartedMain] o.apache.catalina.core.StandardEngine    : Starting Servlet engine: [Apache Tomcat/10.1.5]
2024-04-09 19:51:12.300  INFO [32m[][0;39m 46453 --- [restartedMain] o.a.c.c.C.[Tomcat].[localhost].[/]       : Initializing Spring embedded WebApplicationContext
2024-04-09 19:51:12.300  INFO [32m[][0;39m 46453 --- [restartedMain] w.s.c.ServletWebServerApplicationContext : Root WebApplicationContext: initialization completed in 1034 ms
2024-04-09 19:51:12.583  WARN [33m[][0;39m 46453 --- [restartedMain] c.b.m.core.metadata.TableInfoHelper      : This primary key of "id" is primitive !ä¸å»ºè®®å¦‚æ­¤è¯·ä½¿ç”¨åŒ…è£…ç±» in Class: "org.digitalcity.dao.entity.Attraction"
2024-04-09 19:51:12.657  WARN [33m[][0;39m 46453 --- [restartedMain] c.b.m.core.metadata.TableInfoHelper      : This primary key of "id" is primitive !ä¸å»ºè®®å¦‚æ­¤è¯·ä½¿ç”¨åŒ…è£…ç±» in Class: "org.digitalcity.dao.entity.Commerce"
2024-04-09 19:51:12.677  WARN [33m[][0;39m 46453 --- [restartedMain] c.b.m.core.metadata.TableInfoHelper      : This primary key of "id" is primitive !ä¸å»ºè®®å¦‚æ­¤è¯·ä½¿ç”¨åŒ…è£…ç±» in Class: "org.digitalcity.dao.entity.CircleInf"
2024-04-09 19:51:12.694  WARN [33m[][0;39m 46453 --- [restartedMain] c.b.m.core.metadata.TableInfoHelper      : This primary key of "id" is primitive !ä¸å»ºè®®å¦‚æ­¤è¯·ä½¿ç”¨åŒ…è£…ç±» in Class: "org.digitalcity.dao.entity.EmotionScore"
2024-04-09 19:51:12.707  WARN [33m[][0;39m 46453 --- [restartedMain] c.b.m.core.metadata.TableInfoHelper      : This primary key of "id" is primitive !ä¸å»ºè®®å¦‚æ­¤è¯·ä½¿ç”¨åŒ…è£…ç±» in Class: "org.digitalcity.dao.entity.Comment"
2024-04-09 19:51:12.725  WARN [33m[][0;39m 46453 --- [restartedMain] c.b.m.core.metadata.TableInfoHelper      : This primary key of "id" is primitive !ä¸å»ºè®®å¦‚æ­¤è¯·ä½¿ç”¨åŒ…è£…ç±» in Class: "org.digitalcity.dao.entity.Hospital"
2024-04-09 19:51:12.739  WARN [33m[][0;39m 46453 --- [restartedMain] c.b.m.core.metadata.TableInfoHelper      : This primary key of "id" is primitive !ä¸å»ºè®®å¦‚æ­¤è¯·ä½¿ç”¨åŒ…è£…ç±» in Class: "org.digitalcity.dao.entity.Bulletin"
2024-04-09 19:51:12.753  WARN [33m[][0;39m 46453 --- [restartedMain] c.b.m.core.metadata.TableInfoHelper      : This primary key of "id" is primitive !ä¸å»ºè®®å¦‚æ­¤è¯·ä½¿ç”¨åŒ…è£…ç±» in Class: "org.digitalcity.dao.entity.OldHome"
2024-04-09 19:51:12.767  WARN [33m[][0;39m 46453 --- [restartedMain] c.b.m.core.metadata.TableInfoHelper      : This primary key of "id" is primitive !ä¸å»ºè®®å¦‚æ­¤è¯·ä½¿ç”¨åŒ…è£…ç±» in Class: "org.digitalcity.dao.entity.PopulationStructure"
2024-04-09 19:51:12.783  WARN [33m[][0;39m 46453 --- [restartedMain] c.b.m.core.metadata.TableInfoHelper      : This primary key of "id" is primitive !ä¸å»ºè®®å¦‚æ­¤è¯·ä½¿ç”¨åŒ…è£…ç±» in Class: "org.digitalcity.dao.entity.Recreation"
2024-04-09 19:51:12.800  WARN [33m[][0;39m 46453 --- [restartedMain] c.b.m.core.metadata.TableInfoHelper      : This primary key of "id" is primitive !ä¸å»ºè®®å¦‚æ­¤è¯·ä½¿ç”¨åŒ…è£…ç±» in Class: "org.digitalcity.dao.entity.Site"
2024-04-09 19:51:12.815  WARN [33m[][0;39m 46453 --- [restartedMain] c.b.m.core.metadata.TableInfoHelper      : This primary key of "id" is primitive !ä¸å»ºè®®å¦‚æ­¤è¯·ä½¿ç”¨åŒ…è£…ç±» in Class: "org.digitalcity.dao.entity.TrafficFlow"
2024-04-09 19:51:12.826  WARN [33m[][0;39m 46453 --- [restartedMain] c.b.m.core.metadata.TableInfoHelper      : This primary key of "id" is primitive !ä¸å»ºè®®å¦‚æ­¤è¯·ä½¿ç”¨åŒ…è£…ç±» in Class: "org.digitalcity.dao.entity.TrafficStation"
2024-04-09 19:51:12.838  WARN [33m[][0;39m 46453 --- [restartedMain] c.b.m.core.metadata.TableInfoHelper      : This primary key of "id" is primitive !ä¸å»ºè®®å¦‚æ­¤è¯·ä½¿ç”¨åŒ…è£…ç±» in Class: "org.digitalcity.dao.entity.TrafficComment"
2024-04-09 19:51:12.857  WARN [33m[][0;39m 46453 --- [restartedMain] c.b.m.core.metadata.TableInfoHelper      : This primary key of "id" is primitive !ä¸å»ºè®®å¦‚æ­¤è¯·ä½¿ç”¨åŒ…è£…ç±» in Class: "org.digitalcity.dao.entity.Member"
2024-04-09 19:51:13.272  INFO [32m[][0;39m 46453 --- [restartedMain] o.s.b.d.a.OptionalLiveReloadServer       : LiveReload server is running on port 35729
2024-04-09 19:51:13.297  INFO [32m[][0;39m 46453 --- [restartedMain] o.a.coyote.http11.Http11NioProtocol      : Starting ProtocolHandler ["http-nio-8080"]
2024-04-09 19:51:13.307  INFO [32m[][0;39m 46453 --- [restartedMain] o.s.b.w.embedded.tomcat.TomcatWebServer  : Tomcat started on port(s): 8080 (http) with context path ''
2024-04-09 19:51:13.313  INFO [32m[][0;39m 46453 --- [restartedMain] org.digitalcity.ApplicationStarter       : Started ApplicationStarter in 2.354 seconds (process running for 2.679)
2024-04-09 19:51:32.573  INFO [32m[][0;39m 46453 --- [http-nio-8080-exec-2] o.a.c.c.C.[Tomcat].[localhost].[/]       : Initializing Spring DispatcherServlet 'dispatcherServlet'
2024-04-09 19:51:32.573  INFO [32m[][0;39m 46453 --- [http-nio-8080-exec-2] o.s.web.servlet.DispatcherServlet        : Initializing Servlet 'dispatcherServlet'
2024-04-09 19:51:32.574  INFO [32m[][0;39m 46453 --- [http-nio-8080-exec-2] o.s.web.servlet.DispatcherServlet        : Completed initialization in 1 ms
2024-04-09 19:51:32.657  INFO [32m[][0;39m 46453 --- [http-nio-8080-exec-2] com.alibaba.druid.pool.DruidDataSource   : {dataSource-1} inited
2024-04-09 19:55:23.099  INFO [32m[][0;39m 46453 --- [File Watcher] rtingClassPathChangeChangedEventListener : Restarting due to 1 class path change (1 addition, 0 deletions, 0 modifications)
2024-04-09 19:55:24.133  INFO [32m[][0;39m 46453 --- [Thread-5] o.a.coyote.http11.Http11NioProtocol      : Pausing ProtocolHandler ["http-nio-8080"]
2024-04-09 19:55:24.134  WARN [33m[][0;39m 46453 --- [Thread-5] org.apache.tomcat.util.net.NioEndpoint   : Failed to unlock acceptor for [http-nio-8080] because the local address was not available
2024-04-09 19:55:24.135  INFO [32m[][0;39m 46453 --- [Thread-5] o.apache.catalina.core.StandardService   : Stopping service [Tomcat]
2024-04-09 19:55:24.140  INFO [32m[][0;39m 46453 --- [Thread-5] o.a.c.c.C.[Tomcat].[localhost].[/]       : Destroying Spring FrameworkServlet 'dispatcherServlet'
2024-04-09 19:55:24.133 ERROR [31m[][0;39m 46453 --- [http-nio-8080-Acceptor] org.apache.tomcat.util.net.Acceptor      : Socket accept failed

java.nio.channels.AsynchronousCloseException: null
	at java.base/java.nio.channels.spi.AbstractInterruptibleChannel.end(AbstractInterruptibleChannel.java:202)
	at java.base/sun.nio.ch.ServerSocketChannelImpl.end(ServerSocketChannelImpl.java:376)
	at java.base/sun.nio.ch.ServerSocketChannelImpl.accept(ServerSocketChannelImpl.java:399)
	at org.apache.tomcat.util.net.NioEndpoint.serverSocketAccept(NioEndpoint.java:520)
	at org.apache.tomcat.util.net.NioEndpoint.serverSocketAccept(NioEndpoint.java:79)
	at org.apache.tomcat.util.net.Acceptor.run(Acceptor.java:128)
	at java.base/java.lang.Thread.run(Thread.java:833)

2024-04-09 19:55:24.160  WARN [33m[][0;39m 46453 --- [Thread-5] o.a.c.loader.WebappClassLoaderBase       : The web application [ROOT] appears to have started a thread named [Druid-ConnectionPool-Create-507051091] but has failed to stop it. This is very likely to create a memory leak. Stack trace of thread:
 java.base@17.0.4/jdk.internal.misc.Unsafe.park(Native Method)
 java.base@17.0.4/java.util.concurrent.locks.LockSupport.park(LockSupport.java:341)
 java.base@17.0.4/java.util.concurrent.locks.AbstractQueuedSynchronizer$ConditionNode.block(AbstractQueuedSynchronizer.java:506)
 java.base@17.0.4/java.util.concurrent.ForkJoinPool.unmanagedBlock(ForkJoinPool.java:3463)
 java.base@17.0.4/java.util.concurrent.ForkJoinPool.managedBlock(ForkJoinPool.java:3434)
 java.base@17.0.4/java.util.concurrent.locks.AbstractQueuedSynchronizer$ConditionObject.await(AbstractQueuedSynchronizer.java:1623)
 app//com.alibaba.druid.pool.DruidDataSource$CreateConnectionThread.run(DruidDataSource.java:2885)
2024-04-09 19:55:24.161  WARN [33m[][0;39m 46453 --- [Thread-5] o.a.c.loader.WebappClassLoaderBase       : The web application [ROOT] appears to have started a thread named [Druid-ConnectionPool-Destroy-507051091] but has failed to stop it. This is very likely to create a memory leak. Stack trace of thread:
 java.base@17.0.4/java.lang.Thread.sleep(Native Method)
 app//com.alibaba.druid.pool.DruidDataSource$DestroyConnectionThread.run(DruidDataSource.java:2984)
2024-04-09 19:55:24.162  INFO [32m[][0;39m 46453 --- [Thread-5] o.a.coyote.http11.Http11NioProtocol      : Stopping ProtocolHandler ["http-nio-8080"]
2024-04-09 19:55:24.165  INFO [32m[][0;39m 46453 --- [Thread-5] o.a.coyote.http11.Http11NioProtocol      : Destroying ProtocolHandler ["http-nio-8080"]
2024-04-09 19:55:24.185  INFO [32m[][0;39m 46453 --- [Thread-5] com.alibaba.druid.pool.DruidDataSource   : {dataSource-1} closing ...
2024-04-09 19:55:24.189  INFO [32m[][0;39m 46453 --- [Thread-5] com.alibaba.druid.pool.DruidDataSource   : {dataSource-1} closed
2024-04-09 19:55:24.243  INFO [32m[][0;39m 46453 --- [restartedMain] org.digitalcity.ApplicationStarter       : Starting ApplicationStarter using Java 17.0.4 with PID 46453 (/Users/marco/Workspace/source/java/digital_city/digital_city_web/build/classes/java/main started by marco in /Users/marco/Workspace/source/java/digital_city)
2024-04-09 19:55:24.244  INFO [32m[][0;39m 46453 --- [restartedMain] org.digitalcity.ApplicationStarter       : No active profile set, falling back to 1 default profile: "default"
2024-04-09 19:55:24.369  INFO [32m[][0;39m 46453 --- [restartedMain] .s.d.r.c.RepositoryConfigurationDelegate : Multiple Spring Data modules found, entering strict repository configuration mode
2024-04-09 19:55:24.369  INFO [32m[][0;39m 46453 --- [restartedMain] .s.d.r.c.RepositoryConfigurationDelegate : Bootstrapping Spring Data Redis repositories in DEFAULT mode.
2024-04-09 19:55:24.374  INFO [32m[][0;39m 46453 --- [restartedMain] .s.d.r.c.RepositoryConfigurationDelegate : Finished Spring Data repository scanning in 5 ms. Found 0 Redis repository interfaces.
2024-04-09 19:55:24.422  INFO [32m[][0;39m 46453 --- [restartedMain] trationDelegate$BeanPostProcessorChecker : Bean 'org.springframework.boot.autoconfigure.jdbc.DataSourceTransactionManagerAutoConfiguration$JdbcTransactionManagerConfiguration' of type [org.springframework.boot.autoconfigure.jdbc.DataSourceTransactionManagerAutoConfiguration$JdbcTransactionManagerConfiguration] is not eligible for getting processed by all BeanPostProcessors (for example: not eligible for auto-proxying)
2024-04-09 19:55:24.423  INFO [32m[][0;39m 46453 --- [restartedMain] trationDelegate$BeanPostProcessorChecker : Bean 'org.springframework.boot.autoconfigure.jdbc.DataSourceConfiguration$Generic' of type [org.springframework.boot.autoconfigure.jdbc.DataSourceConfiguration$Generic] is not eligible for getting processed by all BeanPostProcessors (for example: not eligible for auto-proxying)
2024-04-09 19:55:24.426  INFO [32m[][0;39m 46453 --- [restartedMain] trationDelegate$BeanPostProcessorChecker : Bean 'spring.datasource-org.springframework.boot.autoconfigure.jdbc.DataSourceProperties' of type [org.springframework.boot.autoconfigure.jdbc.DataSourceProperties] is not eligible for getting processed by all BeanPostProcessors (for example: not eligible for auto-proxying)
2024-04-09 19:55:24.432  INFO [32m[][0;39m 46453 --- [restartedMain] trationDelegate$BeanPostProcessorChecker : Bean 'dataSource' of type [com.alibaba.druid.pool.DruidDataSource] is not eligible for getting processed by all BeanPostProcessors (for example: not eligible for auto-proxying)
2024-04-09 19:55:24.456  INFO [32m[][0;39m 46453 --- [restartedMain] trationDelegate$BeanPostProcessorChecker : Bean 'org.springframework.boot.autoconfigure.transaction.TransactionAutoConfiguration' of type [org.springframework.boot.autoconfigure.transaction.TransactionAutoConfiguration] is not eligible for getting processed by all BeanPostProcessors (for example: not eligible for auto-proxying)
2024-04-09 19:55:24.457  INFO [32m[][0;39m 46453 --- [restartedMain] trationDelegate$BeanPostProcessorChecker : Bean 'spring.transaction-org.springframework.boot.autoconfigure.transaction.TransactionProperties' of type [org.springframework.boot.autoconfigure.transaction.TransactionProperties] is not eligible for getting processed by all BeanPostProcessors (for example: not eligible for auto-proxying)
2024-04-09 19:55:24.457  INFO [32m[][0;39m 46453 --- [restartedMain] trationDelegate$BeanPostProcessorChecker : Bean 'platformTransactionManagerCustomizers' of type [org.springframework.boot.autoconfigure.transaction.TransactionManagerCustomizers] is not eligible for getting processed by all BeanPostProcessors (for example: not eligible for auto-proxying)
2024-04-09 19:55:24.458  INFO [32m[][0;39m 46453 --- [restartedMain] trationDelegate$BeanPostProcessorChecker : Bean 'transactionManager' of type [org.springframework.jdbc.support.JdbcTransactionManager] is not eligible for getting processed by all BeanPostProcessors (for example: not eligible for auto-proxying)
2024-04-09 19:55:24.459  INFO [32m[][0;39m 46453 --- [restartedMain] trationDelegate$BeanPostProcessorChecker : Bean 'transactionConfig' of type [org.digitalcity.config.TransactionConfig$$SpringCGLIB$$0] is not eligible for getting processed by all BeanPostProcessors (for example: not eligible for auto-proxying)
2024-04-09 19:55:24.460  INFO [32m[][0;39m 46453 --- [restartedMain] trationDelegate$BeanPostProcessorChecker : Bean 'txAdvice' of type [org.springframework.transaction.interceptor.TransactionInterceptor] is not eligible for getting processed by all BeanPostProcessors (for example: not eligible for auto-proxying)
2024-04-09 19:55:24.460  INFO [32m[][0;39m 46453 --- [restartedMain] trationDelegate$BeanPostProcessorChecker : Bean 'advisor' of type [org.springframework.aop.support.DefaultPointcutAdvisor] is not eligible for getting processed by all BeanPostProcessors (for example: not eligible for auto-proxying)
2024-04-09 19:55:24.509  INFO [32m[][0;39m 46453 --- [restartedMain] o.s.b.w.embedded.tomcat.TomcatWebServer  : Tomcat initialized with port(s): 8080 (http)
2024-04-09 19:55:24.509  INFO [32m[][0;39m 46453 --- [restartedMain] o.a.coyote.http11.Http11NioProtocol      : Initializing ProtocolHandler ["http-nio-8080"]
2024-04-09 19:55:24.509  INFO [32m[][0;39m 46453 --- [restartedMain] o.apache.catalina.core.StandardService   : Starting service [Tomcat]
2024-04-09 19:55:24.509  INFO [32m[][0;39m 46453 --- [restartedMain] o.apache.catalina.core.StandardEngine    : Starting Servlet engine: [Apache Tomcat/10.1.5]
2024-04-09 19:55:24.516  INFO [32m[][0;39m 46453 --- [restartedMain] o.a.c.c.C.[Tomcat].[localhost].[/]       : Initializing Spring embedded WebApplicationContext
2024-04-09 19:55:24.516  INFO [32m[][0;39m 46453 --- [restartedMain] w.s.c.ServletWebServerApplicationContext : Root WebApplicationContext: initialization completed in 271 ms
2024-04-09 19:55:24.705  WARN [33m[][0;39m 46453 --- [restartedMain] c.b.m.core.metadata.TableInfoHelper      : This primary key of "id" is primitive !ä¸å»ºè®®å¦‚æ­¤è¯·ä½¿ç”¨åŒ…è£…ç±» in Class: "org.digitalcity.dao.entity.Attraction"
2024-04-09 19:55:24.723  WARN [33m[][0;39m 46453 --- [restartedMain] c.b.m.core.metadata.TableInfoHelper      : This primary key of "id" is primitive !ä¸å»ºè®®å¦‚æ­¤è¯·ä½¿ç”¨åŒ…è£…ç±» in Class: "org.digitalcity.dao.entity.Commerce"
2024-04-09 19:55:24.737  WARN [33m[][0;39m 46453 --- [restartedMain] c.b.m.core.metadata.TableInfoHelper      : This primary key of "id" is primitive !ä¸å»ºè®®å¦‚æ­¤è¯·ä½¿ç”¨åŒ…è£…ç±» in Class: "org.digitalcity.dao.entity.CircleInf"
2024-04-09 19:55:24.749  WARN [33m[][0;39m 46453 --- [restartedMain] c.b.m.core.metadata.TableInfoHelper      : This primary key of "id" is primitive !ä¸å»ºè®®å¦‚æ­¤è¯·ä½¿ç”¨åŒ…è£…ç±» in Class: "org.digitalcity.dao.entity.EmotionScore"
2024-04-09 19:55:24.761  WARN [33m[][0;39m 46453 --- [restartedMain] c.b.m.core.metadata.TableInfoHelper      : This primary key of "id" is primitive !ä¸å»ºè®®å¦‚æ­¤è¯·ä½¿ç”¨åŒ…è£…ç±» in Class: "org.digitalcity.dao.entity.Comment"
2024-04-09 19:55:24.773  WARN [33m[][0;39m 46453 --- [restartedMain] c.b.m.core.metadata.TableInfoHelper      : This primary key of "id" is primitive !ä¸å»ºè®®å¦‚æ­¤è¯·ä½¿ç”¨åŒ…è£…ç±» in Class: "org.digitalcity.dao.entity.Hospital"
2024-04-09 19:55:24.784  WARN [33m[][0;39m 46453 --- [restartedMain] c.b.m.core.metadata.TableInfoHelper      : This primary key of "id" is primitive !ä¸å»ºè®®å¦‚æ­¤è¯·ä½¿ç”¨åŒ…è£…ç±» in Class: "org.digitalcity.dao.entity.Bulletin"
2024-04-09 19:55:24.796  WARN [33m[][0;39m 46453 --- [restartedMain] c.b.m.core.metadata.TableInfoHelper      : This primary key of "id" is primitive !ä¸å»ºè®®å¦‚æ­¤è¯·ä½¿ç”¨åŒ…è£…ç±» in Class: "org.digitalcity.dao.entity.OldHome"
2024-04-09 19:55:24.806  WARN [33m[][0;39m 46453 --- [restartedMain] c.b.m.core.metadata.TableInfoHelper      : This primary key of "id" is primitive !ä¸å»ºè®®å¦‚æ­¤è¯·ä½¿ç”¨åŒ…è£…ç±» in Class: "org.digitalcity.dao.entity.PopulationStructure"
2024-04-09 19:55:24.818  WARN [33m[][0;39m 46453 --- [restartedMain] c.b.m.core.metadata.TableInfoHelper      : This primary key of "id" is primitive !ä¸å»ºè®®å¦‚æ­¤è¯·ä½¿ç”¨åŒ…è£…ç±» in Class: "org.digitalcity.dao.entity.Recreation"
2024-04-09 19:55:24.831  WARN [33m[][0;39m 46453 --- [restartedMain] c.b.m.core.metadata.TableInfoHelper      : This primary key of "id" is primitive !ä¸å»ºè®®å¦‚æ­¤è¯·ä½¿ç”¨åŒ…è£…ç±» in Class: "org.digitalcity.dao.entity.Site"
2024-04-09 19:55:24.842  WARN [33m[][0;39m 46453 --- [restartedMain] c.b.m.core.metadata.TableInfoHelper      : This primary key of "id" is primitive !ä¸å»ºè®®å¦‚æ­¤è¯·ä½¿ç”¨åŒ…è£…ç±» in Class: "org.digitalcity.dao.entity.TrafficFlow"
2024-04-09 19:55:24.850  WARN [33m[][0;39m 46453 --- [restartedMain] c.b.m.core.metadata.TableInfoHelper      : This primary key of "id" is primitive !ä¸å»ºè®®å¦‚æ­¤è¯·ä½¿ç”¨åŒ…è£…ç±» in Class: "org.digitalcity.dao.entity.TrafficStation"
2024-04-09 19:55:24.859  WARN [33m[][0;39m 46453 --- [restartedMain] c.b.m.core.metadata.TableInfoHelper      : This primary key of "id" is primitive !ä¸å»ºè®®å¦‚æ­¤è¯·ä½¿ç”¨åŒ…è£…ç±» in Class: "org.digitalcity.dao.entity.TrafficComment"
2024-04-09 19:55:24.870  WARN [33m[][0;39m 46453 --- [restartedMain] c.b.m.core.metadata.TableInfoHelper      : This primary key of "id" is primitive !ä¸å»ºè®®å¦‚æ­¤è¯·ä½¿ç”¨åŒ…è£…ç±» in Class: "org.digitalcity.dao.entity.Member"
2024-04-09 19:55:25.104  INFO [32m[][0;39m 46453 --- [restartedMain] o.s.b.d.a.OptionalLiveReloadServer       : LiveReload server is running on port 35729
2024-04-09 19:55:25.123  INFO [32m[][0;39m 46453 --- [restartedMain] o.a.coyote.http11.Http11NioProtocol      : Starting ProtocolHandler ["http-nio-8080"]
2024-04-09 19:55:25.123  INFO [32m[][0;39m 46453 --- [restartedMain] o.s.b.w.embedded.tomcat.TomcatWebServer  : Tomcat started on port(s): 8080 (http) with context path ''
2024-04-09 19:55:25.126  INFO [32m[][0;39m 46453 --- [restartedMain] org.digitalcity.ApplicationStarter       : Started ApplicationStarter in 0.905 seconds (process running for 254.435)
2024-04-09 19:55:25.127  INFO [32m[][0;39m 46453 --- [restartedMain] .ConditionEvaluationDeltaLoggingListener : Condition evaluation unchanged
2024-04-09 19:55:54.034  INFO [32m[][0;39m 46453 --- [SpringApplicationShutdownHook] com.alibaba.druid.pool.DruidDataSource   : {dataSource-0} closing ...
2024-04-09 19:55:56.031  INFO [32m[][0;39m 46540 --- [background-preinit] o.h.validator.internal.util.Version      : HV000001: Hibernate Validator 8.0.0.Final
2024-04-09 19:55:56.050  INFO [32m[][0;39m 46540 --- [restartedMain] org.digitalcity.ApplicationStarter       : Starting ApplicationStarter using Java 17.0.4 with PID 46540 (/Users/marco/Workspace/source/java/digital_city/digital_city_web/build/classes/java/main started by marco in /Users/marco/Workspace/source/java/digital_city)
2024-04-09 19:55:56.051  INFO [32m[][0;39m 46540 --- [restartedMain] org.digitalcity.ApplicationStarter       : No active profile set, falling back to 1 default profile: "default"
2024-04-09 19:55:56.077  INFO [32m[][0;39m 46540 --- [restartedMain] .e.DevToolsPropertyDefaultsPostProcessor : Devtools property defaults active! Set 'spring.devtools.add-properties' to 'false' to disable
2024-04-09 19:55:56.078  INFO [32m[][0;39m 46540 --- [restartedMain] .e.DevToolsPropertyDefaultsPostProcessor : For additional web related logging consider setting the 'logging.level.web' property to 'DEBUG'
2024-04-09 19:55:56.476  INFO [32m[][0;39m 46540 --- [restartedMain] .s.d.r.c.RepositoryConfigurationDelegate : Multiple Spring Data modules found, entering strict repository configuration mode
2024-04-09 19:55:56.477  INFO [32m[][0;39m 46540 --- [restartedMain] .s.d.r.c.RepositoryConfigurationDelegate : Bootstrapping Spring Data Redis repositories in DEFAULT mode.
2024-04-09 19:55:56.496  INFO [32m[][0;39m 46540 --- [restartedMain] .s.d.r.c.RepositoryConfigurationDelegate : Finished Spring Data repository scanning in 12 ms. Found 0 Redis repository interfaces.
2024-04-09 19:55:56.731  INFO [32m[][0;39m 46540 --- [restartedMain] trationDelegate$BeanPostProcessorChecker : Bean 'org.springframework.boot.autoconfigure.jdbc.DataSourceTransactionManagerAutoConfiguration$JdbcTransactionManagerConfiguration' of type [org.springframework.boot.autoconfigure.jdbc.DataSourceTransactionManagerAutoConfiguration$JdbcTransactionManagerConfiguration] is not eligible for getting processed by all BeanPostProcessors (for example: not eligible for auto-proxying)
2024-04-09 19:55:56.733  INFO [32m[][0;39m 46540 --- [restartedMain] trationDelegate$BeanPostProcessorChecker : Bean 'org.springframework.boot.autoconfigure.jdbc.DataSourceConfiguration$Generic' of type [org.springframework.boot.autoconfigure.jdbc.DataSourceConfiguration$Generic] is not eligible for getting processed by all BeanPostProcessors (for example: not eligible for auto-proxying)
2024-04-09 19:55:56.747  INFO [32m[][0;39m 46540 --- [restartedMain] trationDelegate$BeanPostProcessorChecker : Bean 'spring.datasource-org.springframework.boot.autoconfigure.jdbc.DataSourceProperties' of type [org.springframework.boot.autoconfigure.jdbc.DataSourceProperties] is not eligible for getting processed by all BeanPostProcessors (for example: not eligible for auto-proxying)
2024-04-09 19:55:56.766  INFO [32m[][0;39m 46540 --- [restartedMain] trationDelegate$BeanPostProcessorChecker : Bean 'dataSource' of type [com.alibaba.druid.pool.DruidDataSource] is not eligible for getting processed by all BeanPostProcessors (for example: not eligible for auto-proxying)
2024-04-09 19:55:56.794  INFO [32m[][0;39m 46540 --- [restartedMain] trationDelegate$BeanPostProcessorChecker : Bean 'org.springframework.boot.autoconfigure.transaction.TransactionAutoConfiguration' of type [org.springframework.boot.autoconfigure.transaction.TransactionAutoConfiguration] is not eligible for getting processed by all BeanPostProcessors (for example: not eligible for auto-proxying)
2024-04-09 19:55:56.797  INFO [32m[][0;39m 46540 --- [restartedMain] trationDelegate$BeanPostProcessorChecker : Bean 'spring.transaction-org.springframework.boot.autoconfigure.transaction.TransactionProperties' of type [org.springframework.boot.autoconfigure.transaction.TransactionProperties] is not eligible for getting processed by all BeanPostProcessors (for example: not eligible for auto-proxying)
2024-04-09 19:55:56.798  INFO [32m[][0;39m 46540 --- [restartedMain] trationDelegate$BeanPostProcessorChecker : Bean 'platformTransactionManagerCustomizers' of type [org.springframework.boot.autoconfigure.transaction.TransactionManagerCustomizers] is not eligible for getting processed by all BeanPostProcessors (for example: not eligible for auto-proxying)
2024-04-09 19:55:56.800  INFO [32m[][0;39m 46540 --- [restartedMain] trationDelegate$BeanPostProcessorChecker : Bean 'transactionManager' of type [org.springframework.jdbc.support.JdbcTransactionManager] is not eligible for getting processed by all BeanPostProcessors (for example: not eligible for auto-proxying)
2024-04-09 19:55:56.802  INFO [32m[][0;39m 46540 --- [restartedMain] trationDelegate$BeanPostProcessorChecker : Bean 'transactionConfig' of type [org.digitalcity.config.TransactionConfig$$SpringCGLIB$$0] is not eligible for getting processed by all BeanPostProcessors (for example: not eligible for auto-proxying)
2024-04-09 19:55:56.805  INFO [32m[][0;39m 46540 --- [restartedMain] trationDelegate$BeanPostProcessorChecker : Bean 'txAdvice' of type [org.springframework.transaction.interceptor.TransactionInterceptor] is not eligible for getting processed by all BeanPostProcessors (for example: not eligible for auto-proxying)
2024-04-09 19:55:56.805  INFO [32m[][0;39m 46540 --- [restartedMain] trationDelegate$BeanPostProcessorChecker : Bean 'advisor' of type [org.springframework.aop.support.DefaultPointcutAdvisor] is not eligible for getting processed by all BeanPostProcessors (for example: not eligible for auto-proxying)
2024-04-09 19:55:57.040  INFO [32m[][0;39m 46540 --- [restartedMain] o.s.b.w.embedded.tomcat.TomcatWebServer  : Tomcat initialized with port(s): 8080 (http)
2024-04-09 19:55:57.046  INFO [32m[][0;39m 46540 --- [restartedMain] o.a.coyote.http11.Http11NioProtocol      : Initializing ProtocolHandler ["http-nio-8080"]
2024-04-09 19:55:57.047  INFO [32m[][0;39m 46540 --- [restartedMain] o.apache.catalina.core.StandardService   : Starting service [Tomcat]
2024-04-09 19:55:57.047  INFO [32m[][0;39m 46540 --- [restartedMain] o.apache.catalina.core.StandardEngine    : Starting Servlet engine: [Apache Tomcat/10.1.5]
2024-04-09 19:55:57.080  INFO [32m[][0;39m 46540 --- [restartedMain] o.a.c.c.C.[Tomcat].[localhost].[/]       : Initializing Spring embedded WebApplicationContext
2024-04-09 19:55:57.080  INFO [32m[][0;39m 46540 --- [restartedMain] w.s.c.ServletWebServerApplicationContext : Root WebApplicationContext: initialization completed in 1002 ms
2024-04-09 19:55:57.379  WARN [33m[][0;39m 46540 --- [restartedMain] c.b.m.core.metadata.TableInfoHelper      : This primary key of "id" is primitive !ä¸å»ºè®®å¦‚æ­¤è¯·ä½¿ç”¨åŒ…è£…ç±» in Class: "org.digitalcity.dao.entity.Attraction"
2024-04-09 19:55:57.451  WARN [33m[][0;39m 46540 --- [restartedMain] c.b.m.core.metadata.TableInfoHelper      : This primary key of "id" is primitive !ä¸å»ºè®®å¦‚æ­¤è¯·ä½¿ç”¨åŒ…è£…ç±» in Class: "org.digitalcity.dao.entity.Commerce"
2024-04-09 19:55:57.471  WARN [33m[][0;39m 46540 --- [restartedMain] c.b.m.core.metadata.TableInfoHelper      : This primary key of "id" is primitive !ä¸å»ºè®®å¦‚æ­¤è¯·ä½¿ç”¨åŒ…è£…ç±» in Class: "org.digitalcity.dao.entity.CircleInf"
2024-04-09 19:55:57.488  WARN [33m[][0;39m 46540 --- [restartedMain] c.b.m.core.metadata.TableInfoHelper      : This primary key of "id" is primitive !ä¸å»ºè®®å¦‚æ­¤è¯·ä½¿ç”¨åŒ…è£…ç±» in Class: "org.digitalcity.dao.entity.EmotionScore"
2024-04-09 19:55:57.502  WARN [33m[][0;39m 46540 --- [restartedMain] c.b.m.core.metadata.TableInfoHelper      : This primary key of "id" is primitive !ä¸å»ºè®®å¦‚æ­¤è¯·ä½¿ç”¨åŒ…è£…ç±» in Class: "org.digitalcity.dao.entity.Comment"
2024-04-09 19:55:57.518  WARN [33m[][0;39m 46540 --- [restartedMain] c.b.m.core.metadata.TableInfoHelper      : This primary key of "id" is primitive !ä¸å»ºè®®å¦‚æ­¤è¯·ä½¿ç”¨åŒ…è£…ç±» in Class: "org.digitalcity.dao.entity.Hospital"
2024-04-09 19:55:57.533  WARN [33m[][0;39m 46540 --- [restartedMain] c.b.m.core.metadata.TableInfoHelper      : This primary key of "id" is primitive !ä¸å»ºè®®å¦‚æ­¤è¯·ä½¿ç”¨åŒ…è£…ç±» in Class: "org.digitalcity.dao.entity.Bulletin"
2024-04-09 19:55:57.547  WARN [33m[][0;39m 46540 --- [restartedMain] c.b.m.core.metadata.TableInfoHelper      : This primary key of "id" is primitive !ä¸å»ºè®®å¦‚æ­¤è¯·ä½¿ç”¨åŒ…è£…ç±» in Class: "org.digitalcity.dao.entity.OldHome"
2024-04-09 19:55:57.561  WARN [33m[][0;39m 46540 --- [restartedMain] c.b.m.core.metadata.TableInfoHelper      : This primary key of "id" is primitive !ä¸å»ºè®®å¦‚æ­¤è¯·ä½¿ç”¨åŒ…è£…ç±» in Class: "org.digitalcity.dao.entity.PopulationStructure"
2024-04-09 19:55:57.576  WARN [33m[][0;39m 46540 --- [restartedMain] c.b.m.core.metadata.TableInfoHelper      : This primary key of "id" is primitive !ä¸å»ºè®®å¦‚æ­¤è¯·ä½¿ç”¨åŒ…è£…ç±» in Class: "org.digitalcity.dao.entity.Recreation"
2024-04-09 19:55:57.592  WARN [33m[][0;39m 46540 --- [restartedMain] c.b.m.core.metadata.TableInfoHelper      : This primary key of "id" is primitive !ä¸å»ºè®®å¦‚æ­¤è¯·ä½¿ç”¨åŒ…è£…ç±» in Class: "org.digitalcity.dao.entity.Site"
2024-04-09 19:55:57.607  WARN [33m[][0;39m 46540 --- [restartedMain] c.b.m.core.metadata.TableInfoHelper      : This primary key of "id" is primitive !ä¸å»ºè®®å¦‚æ­¤è¯·ä½¿ç”¨åŒ…è£…ç±» in Class: "org.digitalcity.dao.entity.TrafficFlow"
2024-04-09 19:55:57.619  WARN [33m[][0;39m 46540 --- [restartedMain] c.b.m.core.metadata.TableInfoHelper      : This primary key of "id" is primitive !ä¸å»ºè®®å¦‚æ­¤è¯·ä½¿ç”¨åŒ…è£…ç±» in Class: "org.digitalcity.dao.entity.TrafficStation"
2024-04-09 19:55:57.631  WARN [33m[][0;39m 46540 --- [restartedMain] c.b.m.core.metadata.TableInfoHelper      : This primary key of "id" is primitive !ä¸å»ºè®®å¦‚æ­¤è¯·ä½¿ç”¨åŒ…è£…ç±» in Class: "org.digitalcity.dao.entity.TrafficComment"
2024-04-09 19:55:57.649  WARN [33m[][0;39m 46540 --- [restartedMain] c.b.m.core.metadata.TableInfoHelper      : This primary key of "id" is primitive !ä¸å»ºè®®å¦‚æ­¤è¯·ä½¿ç”¨åŒ…è£…ç±» in Class: "org.digitalcity.dao.entity.Member"
2024-04-09 19:55:58.066  INFO [32m[][0;39m 46540 --- [restartedMain] o.s.b.d.a.OptionalLiveReloadServer       : LiveReload server is running on port 35729
2024-04-09 19:55:58.093  INFO [32m[][0;39m 46540 --- [restartedMain] o.a.coyote.http11.Http11NioProtocol      : Starting ProtocolHandler ["http-nio-8080"]
2024-04-09 19:55:58.103  INFO [32m[][0;39m 46540 --- [restartedMain] o.s.b.w.embedded.tomcat.TomcatWebServer  : Tomcat started on port(s): 8080 (http) with context path ''
2024-04-09 19:55:58.111  INFO [32m[][0;39m 46540 --- [restartedMain] org.digitalcity.ApplicationStarter       : Started ApplicationStarter in 2.331 seconds (process running for 2.622)
2024-04-09 19:56:09.504  INFO [32m[][0;39m 46540 --- [http-nio-8080-exec-2] o.a.c.c.C.[Tomcat].[localhost].[/]       : Initializing Spring DispatcherServlet 'dispatcherServlet'
2024-04-09 19:56:09.504  INFO [32m[][0;39m 46540 --- [http-nio-8080-exec-2] o.s.web.servlet.DispatcherServlet        : Initializing Servlet 'dispatcherServlet'
2024-04-09 19:56:09.505  INFO [32m[][0;39m 46540 --- [http-nio-8080-exec-2] o.s.web.servlet.DispatcherServlet        : Completed initialization in 1 ms
2024-04-09 19:56:09.627  INFO [32m[][0;39m 46540 --- [http-nio-8080-exec-2] com.alibaba.druid.pool.DruidDataSource   : {dataSource-1} inited
2024-04-09 20:14:26.409  INFO [32m[][0;39m 46540 --- [SpringApplicationShutdownHook] com.alibaba.druid.pool.DruidDataSource   : {dataSource-1} closing ...
2024-04-09 20:14:26.413  INFO [32m[][0;39m 46540 --- [SpringApplicationShutdownHook] com.alibaba.druid.pool.DruidDataSource   : {dataSource-1} closed
