2024-04-10 12:16:16.968  INFO [32m[][0;39m 10027 --- [background-preinit] o.h.validator.internal.util.Version      : HV000001: Hibernate Validator 8.0.0.Final
2024-04-10 12:16:16.989  INFO [32m[][0;39m 10027 --- [restartedMain] org.digitalcity.ApplicationStarter       : Starting ApplicationStarter using Java 17.0.4 with PID 10027 (/Users/marco/Workspace/source/java/digital_city/digital_city_web/build/classes/java/main started by marco in /Users/marco/Workspace/source/java/digital_city)
2024-04-10 12:16:16.990  INFO [32m[][0;39m 10027 --- [restartedMain] org.digitalcity.ApplicationStarter       : No active profile set, falling back to 1 default profile: "default"
2024-04-10 12:16:17.017  INFO [32m[][0;39m 10027 --- [restartedMain] .e.DevToolsPropertyDefaultsPostProcessor : Devtools property defaults active! Set 'spring.devtools.add-properties' to 'false' to disable
2024-04-10 12:16:17.018  INFO [32m[][0;39m 10027 --- [restartedMain] .e.DevToolsPropertyDefaultsPostProcessor : For additional web related logging consider setting the 'logging.level.web' property to 'DEBUG'
2024-04-10 12:16:17.394  INFO [32m[][0;39m 10027 --- [restartedMain] .s.d.r.c.RepositoryConfigurationDelegate : Multiple Spring Data modules found, entering strict repository configuration mode
2024-04-10 12:16:17.396  INFO [32m[][0;39m 10027 --- [restartedMain] .s.d.r.c.RepositoryConfigurationDelegate : Bootstrapping Spring Data Redis repositories in DEFAULT mode.
2024-04-10 12:16:17.420  INFO [32m[][0;39m 10027 --- [restartedMain] .s.d.r.c.RepositoryConfigurationDelegate : Finished Spring Data repository scanning in 13 ms. Found 0 Redis repository interfaces.
2024-04-10 12:16:17.646  INFO [32m[][0;39m 10027 --- [restartedMain] trationDelegate$BeanPostProcessorChecker : Bean 'org.springframework.boot.autoconfigure.jdbc.DataSourceTransactionManagerAutoConfiguration$JdbcTransactionManagerConfiguration' of type [org.springframework.boot.autoconfigure.jdbc.DataSourceTransactionManagerAutoConfiguration$JdbcTransactionManagerConfiguration] is not eligible for getting processed by all BeanPostProcessors (for example: not eligible for auto-proxying)
2024-04-10 12:16:17.649  INFO [32m[][0;39m 10027 --- [restartedMain] trationDelegate$BeanPostProcessorChecker : Bean 'org.springframework.boot.autoconfigure.jdbc.DataSourceConfiguration$Generic' of type [org.springframework.boot.autoconfigure.jdbc.DataSourceConfiguration$Generic] is not eligible for getting processed by all BeanPostProcessors (for example: not eligible for auto-proxying)
2024-04-10 12:16:17.662  INFO [32m[][0;39m 10027 --- [restartedMain] trationDelegate$BeanPostProcessorChecker : Bean 'spring.datasource-org.springframework.boot.autoconfigure.jdbc.DataSourceProperties' of type [org.springframework.boot.autoconfigure.jdbc.DataSourceProperties] is not eligible for getting processed by all BeanPostProcessors (for example: not eligible for auto-proxying)
2024-04-10 12:16:17.681  INFO [32m[][0;39m 10027 --- [restartedMain] trationDelegate$BeanPostProcessorChecker : Bean 'dataSource' of type [com.alibaba.druid.pool.DruidDataSource] is not eligible for getting processed by all BeanPostProcessors (for example: not eligible for auto-proxying)
2024-04-10 12:16:17.704  INFO [32m[][0;39m 10027 --- [restartedMain] trationDelegate$BeanPostProcessorChecker : Bean 'org.springframework.boot.autoconfigure.transaction.TransactionAutoConfiguration' of type [org.springframework.boot.autoconfigure.transaction.TransactionAutoConfiguration] is not eligible for getting processed by all BeanPostProcessors (for example: not eligible for auto-proxying)
2024-04-10 12:16:17.708  INFO [32m[][0;39m 10027 --- [restartedMain] trationDelegate$BeanPostProcessorChecker : Bean 'spring.transaction-org.springframework.boot.autoconfigure.transaction.TransactionProperties' of type [org.springframework.boot.autoconfigure.transaction.TransactionProperties] is not eligible for getting processed by all BeanPostProcessors (for example: not eligible for auto-proxying)
2024-04-10 12:16:17.708  INFO [32m[][0;39m 10027 --- [restartedMain] trationDelegate$BeanPostProcessorChecker : Bean 'platformTransactionManagerCustomizers' of type [org.springframework.boot.autoconfigure.transaction.TransactionManagerCustomizers] is not eligible for getting processed by all BeanPostProcessors (for example: not eligible for auto-proxying)
2024-04-10 12:16:17.710  INFO [32m[][0;39m 10027 --- [restartedMain] trationDelegate$BeanPostProcessorChecker : Bean 'transactionManager' of type [org.springframework.jdbc.support.JdbcTransactionManager] is not eligible for getting processed by all BeanPostProcessors (for example: not eligible for auto-proxying)
2024-04-10 12:16:17.711  INFO [32m[][0;39m 10027 --- [restartedMain] trationDelegate$BeanPostProcessorChecker : Bean 'transactionConfig' of type [org.digitalcity.config.TransactionConfig$$SpringCGLIB$$0] is not eligible for getting processed by all BeanPostProcessors (for example: not eligible for auto-proxying)
2024-04-10 12:16:17.715  INFO [32m[][0;39m 10027 --- [restartedMain] trationDelegate$BeanPostProcessorChecker : Bean 'txAdvice' of type [org.springframework.transaction.interceptor.TransactionInterceptor] is not eligible for getting processed by all BeanPostProcessors (for example: not eligible for auto-proxying)
2024-04-10 12:16:17.716  INFO [32m[][0;39m 10027 --- [restartedMain] trationDelegate$BeanPostProcessorChecker : Bean 'advisor' of type [org.springframework.aop.support.DefaultPointcutAdvisor] is not eligible for getting processed by all BeanPostProcessors (for example: not eligible for auto-proxying)
2024-04-10 12:16:17.945  INFO [32m[][0;39m 10027 --- [restartedMain] o.s.b.w.embedded.tomcat.TomcatWebServer  : Tomcat initialized with port(s): 8080 (http)
2024-04-10 12:16:17.952  INFO [32m[][0;39m 10027 --- [restartedMain] o.a.coyote.http11.Http11NioProtocol      : Initializing ProtocolHandler ["http-nio-8080"]
2024-04-10 12:16:17.953  INFO [32m[][0;39m 10027 --- [restartedMain] o.apache.catalina.core.StandardService   : Starting service [Tomcat]
2024-04-10 12:16:17.953  INFO [32m[][0;39m 10027 --- [restartedMain] o.apache.catalina.core.StandardEngine    : Starting Servlet engine: [Apache Tomcat/10.1.5]
2024-04-10 12:16:17.984  INFO [32m[][0;39m 10027 --- [restartedMain] o.a.c.c.C.[Tomcat].[localhost].[/]       : Initializing Spring embedded WebApplicationContext
2024-04-10 12:16:17.985  INFO [32m[][0;39m 10027 --- [restartedMain] w.s.c.ServletWebServerApplicationContext : Root WebApplicationContext: initialization completed in 967 ms
2024-04-10 12:16:18.248  WARN [33m[][0;39m 10027 --- [restartedMain] c.b.m.core.metadata.TableInfoHelper      : This primary key of "id" is primitive !ä¸å»ºè®®å¦‚æ­¤è¯·ä½¿ç”¨åŒ…è£…ç±» in Class: "org.digitalcity.dao.entity.Attraction"
2024-04-10 12:16:18.315  WARN [33m[][0;39m 10027 --- [restartedMain] c.b.m.core.metadata.TableInfoHelper      : This primary key of "id" is primitive !ä¸å»ºè®®å¦‚æ­¤è¯·ä½¿ç”¨åŒ…è£…ç±» in Class: "org.digitalcity.dao.entity.Commerce"
2024-04-10 12:16:18.331  WARN [33m[][0;39m 10027 --- [restartedMain] c.b.m.core.metadata.TableInfoHelper      : This primary key of "id" is primitive !ä¸å»ºè®®å¦‚æ­¤è¯·ä½¿ç”¨åŒ…è£…ç±» in Class: "org.digitalcity.dao.entity.CircleInf"
2024-04-10 12:16:18.347  WARN [33m[][0;39m 10027 --- [restartedMain] c.b.m.core.metadata.TableInfoHelper      : This primary key of "id" is primitive !ä¸å»ºè®®å¦‚æ­¤è¯·ä½¿ç”¨åŒ…è£…ç±» in Class: "org.digitalcity.dao.entity.EmotionScore"
2024-04-10 12:16:18.359  WARN [33m[][0;39m 10027 --- [restartedMain] c.b.m.core.metadata.TableInfoHelper      : This primary key of "id" is primitive !ä¸å»ºè®®å¦‚æ­¤è¯·ä½¿ç”¨åŒ…è£…ç±» in Class: "org.digitalcity.dao.entity.Comment"
2024-04-10 12:16:18.378  WARN [33m[][0;39m 10027 --- [restartedMain] c.b.m.core.metadata.TableInfoHelper      : This primary key of "id" is primitive !ä¸å»ºè®®å¦‚æ­¤è¯·ä½¿ç”¨åŒ…è£…ç±» in Class: "org.digitalcity.dao.entity.Hospital"
2024-04-10 12:16:18.391  WARN [33m[][0;39m 10027 --- [restartedMain] c.b.m.core.metadata.TableInfoHelper      : This primary key of "id" is primitive !ä¸å»ºè®®å¦‚æ­¤è¯·ä½¿ç”¨åŒ…è£…ç±» in Class: "org.digitalcity.dao.entity.Bulletin"
2024-04-10 12:16:18.404  WARN [33m[][0;39m 10027 --- [restartedMain] c.b.m.core.metadata.TableInfoHelper      : This primary key of "id" is primitive !ä¸å»ºè®®å¦‚æ­¤è¯·ä½¿ç”¨åŒ…è£…ç±» in Class: "org.digitalcity.dao.entity.OldHome"
2024-04-10 12:16:18.416  WARN [33m[][0;39m 10027 --- [restartedMain] c.b.m.core.metadata.TableInfoHelper      : This primary key of "id" is primitive !ä¸å»ºè®®å¦‚æ­¤è¯·ä½¿ç”¨åŒ…è£…ç±» in Class: "org.digitalcity.dao.entity.PopulationStructure"
2024-04-10 12:16:18.429  WARN [33m[][0;39m 10027 --- [restartedMain] c.b.m.core.metadata.TableInfoHelper      : This primary key of "id" is primitive !ä¸å»ºè®®å¦‚æ­¤è¯·ä½¿ç”¨åŒ…è£…ç±» in Class: "org.digitalcity.dao.entity.Recreation"
2024-04-10 12:16:18.445  WARN [33m[][0;39m 10027 --- [restartedMain] c.b.m.core.metadata.TableInfoHelper      : This primary key of "id" is primitive !ä¸å»ºè®®å¦‚æ­¤è¯·ä½¿ç”¨åŒ…è£…ç±» in Class: "org.digitalcity.dao.entity.Site"
2024-04-10 12:16:18.458  WARN [33m[][0;39m 10027 --- [restartedMain] c.b.m.core.metadata.TableInfoHelper      : This primary key of "id" is primitive !ä¸å»ºè®®å¦‚æ­¤è¯·ä½¿ç”¨åŒ…è£…ç±» in Class: "org.digitalcity.dao.entity.TrafficFlow"
2024-04-10 12:16:18.469  WARN [33m[][0;39m 10027 --- [restartedMain] c.b.m.core.metadata.TableInfoHelper      : This primary key of "id" is primitive !ä¸å»ºè®®å¦‚æ­¤è¯·ä½¿ç”¨åŒ…è£…ç±» in Class: "org.digitalcity.dao.entity.TrafficStation"
2024-04-10 12:16:18.479  WARN [33m[][0;39m 10027 --- [restartedMain] c.b.m.core.metadata.TableInfoHelper      : This primary key of "id" is primitive !ä¸å»ºè®®å¦‚æ­¤è¯·ä½¿ç”¨åŒ…è£…ç±» in Class: "org.digitalcity.dao.entity.TrafficComment"
2024-04-10 12:16:18.496  WARN [33m[][0;39m 10027 --- [restartedMain] c.b.m.core.metadata.TableInfoHelper      : This primary key of "id" is primitive !ä¸å»ºè®®å¦‚æ­¤è¯·ä½¿ç”¨åŒ…è£…ç±» in Class: "org.digitalcity.dao.entity.Member"
2024-04-10 12:16:18.888  INFO [32m[][0;39m 10027 --- [restartedMain] o.s.b.d.a.OptionalLiveReloadServer       : LiveReload server is running on port 35729
2024-04-10 12:16:18.914  INFO [32m[][0;39m 10027 --- [restartedMain] o.a.coyote.http11.Http11NioProtocol      : Starting ProtocolHandler ["http-nio-8080"]
2024-04-10 12:16:18.924  INFO [32m[][0;39m 10027 --- [restartedMain] o.s.b.w.embedded.tomcat.TomcatWebServer  : Tomcat started on port(s): 8080 (http) with context path ''
2024-04-10 12:16:18.930  INFO [32m[][0;39m 10027 --- [restartedMain] org.digitalcity.ApplicationStarter       : Started ApplicationStarter in 2.186 seconds (process running for 2.5)
2024-04-10 12:16:29.077  INFO [32m[][0;39m 10027 --- [http-nio-8080-exec-1] o.a.c.c.C.[Tomcat].[localhost].[/]       : Initializing Spring DispatcherServlet 'dispatcherServlet'
2024-04-10 12:16:29.077  INFO [32m[][0;39m 10027 --- [http-nio-8080-exec-1] o.s.web.servlet.DispatcherServlet        : Initializing Servlet 'dispatcherServlet'
2024-04-10 12:16:29.078  INFO [32m[][0;39m 10027 --- [http-nio-8080-exec-1] o.s.web.servlet.DispatcherServlet        : Completed initialization in 0 ms
2024-04-10 12:16:57.252  INFO [32m[][0;39m 10027 --- [SpringApplicationShutdownHook] com.alibaba.druid.pool.DruidDataSource   : {dataSource-0} closing ...
2024-04-10 21:47:16.078  INFO [32m[][0;39m 23203 --- [background-preinit] o.h.validator.internal.util.Version      : HV000001: Hibernate Validator 8.0.0.Final
2024-04-10 21:47:16.095  INFO [32m[][0;39m 23203 --- [restartedMain] org.digitalcity.ApplicationStarter       : Starting ApplicationStarter using Java 17.0.4 with PID 23203 (/Users/marco/Workspace/source/java/digital_city/digital_city_web/build/classes/java/main started by marco in /Users/marco/Workspace/source/java/digital_city)
2024-04-10 21:47:16.096  INFO [32m[][0;39m 23203 --- [restartedMain] org.digitalcity.ApplicationStarter       : No active profile set, falling back to 1 default profile: "default"
2024-04-10 21:47:16.121  INFO [32m[][0;39m 23203 --- [restartedMain] .e.DevToolsPropertyDefaultsPostProcessor : Devtools property defaults active! Set 'spring.devtools.add-properties' to 'false' to disable
2024-04-10 21:47:16.121  INFO [32m[][0;39m 23203 --- [restartedMain] .e.DevToolsPropertyDefaultsPostProcessor : For additional web related logging consider setting the 'logging.level.web' property to 'DEBUG'
2024-04-10 21:47:16.538  INFO [32m[][0;39m 23203 --- [restartedMain] .s.d.r.c.RepositoryConfigurationDelegate : Multiple Spring Data modules found, entering strict repository configuration mode
2024-04-10 21:47:16.540  INFO [32m[][0;39m 23203 --- [restartedMain] .s.d.r.c.RepositoryConfigurationDelegate : Bootstrapping Spring Data Redis repositories in DEFAULT mode.
2024-04-10 21:47:16.562  INFO [32m[][0;39m 23203 --- [restartedMain] .s.d.r.c.RepositoryConfigurationDelegate : Finished Spring Data repository scanning in 13 ms. Found 0 Redis repository interfaces.
2024-04-10 21:47:16.777  INFO [32m[][0;39m 23203 --- [restartedMain] trationDelegate$BeanPostProcessorChecker : Bean 'org.springframework.boot.autoconfigure.jdbc.DataSourceTransactionManagerAutoConfiguration$JdbcTransactionManagerConfiguration' of type [org.springframework.boot.autoconfigure.jdbc.DataSourceTransactionManagerAutoConfiguration$JdbcTransactionManagerConfiguration] is not eligible for getting processed by all BeanPostProcessors (for example: not eligible for auto-proxying)
2024-04-10 21:47:16.779  INFO [32m[][0;39m 23203 --- [restartedMain] trationDelegate$BeanPostProcessorChecker : Bean 'org.springframework.boot.autoconfigure.jdbc.DataSourceConfiguration$Generic' of type [org.springframework.boot.autoconfigure.jdbc.DataSourceConfiguration$Generic] is not eligible for getting processed by all BeanPostProcessors (for example: not eligible for auto-proxying)
2024-04-10 21:47:16.792  INFO [32m[][0;39m 23203 --- [restartedMain] trationDelegate$BeanPostProcessorChecker : Bean 'spring.datasource-org.springframework.boot.autoconfigure.jdbc.DataSourceProperties' of type [org.springframework.boot.autoconfigure.jdbc.DataSourceProperties] is not eligible for getting processed by all BeanPostProcessors (for example: not eligible for auto-proxying)
2024-04-10 21:47:16.811  INFO [32m[][0;39m 23203 --- [restartedMain] trationDelegate$BeanPostProcessorChecker : Bean 'dataSource' of type [com.alibaba.druid.pool.DruidDataSource] is not eligible for getting processed by all BeanPostProcessors (for example: not eligible for auto-proxying)
2024-04-10 21:47:16.835  INFO [32m[][0;39m 23203 --- [restartedMain] trationDelegate$BeanPostProcessorChecker : Bean 'org.springframework.boot.autoconfigure.transaction.TransactionAutoConfiguration' of type [org.springframework.boot.autoconfigure.transaction.TransactionAutoConfiguration] is not eligible for getting processed by all BeanPostProcessors (for example: not eligible for auto-proxying)
2024-04-10 21:47:16.838  INFO [32m[][0;39m 23203 --- [restartedMain] trationDelegate$BeanPostProcessorChecker : Bean 'spring.transaction-org.springframework.boot.autoconfigure.transaction.TransactionProperties' of type [org.springframework.boot.autoconfigure.transaction.TransactionProperties] is not eligible for getting processed by all BeanPostProcessors (for example: not eligible for auto-proxying)
2024-04-10 21:47:16.839  INFO [32m[][0;39m 23203 --- [restartedMain] trationDelegate$BeanPostProcessorChecker : Bean 'platformTransactionManagerCustomizers' of type [org.springframework.boot.autoconfigure.transaction.TransactionManagerCustomizers] is not eligible for getting processed by all BeanPostProcessors (for example: not eligible for auto-proxying)
2024-04-10 21:47:16.840  INFO [32m[][0;39m 23203 --- [restartedMain] trationDelegate$BeanPostProcessorChecker : Bean 'transactionManager' of type [org.springframework.jdbc.support.JdbcTransactionManager] is not eligible for getting processed by all BeanPostProcessors (for example: not eligible for auto-proxying)
2024-04-10 21:47:16.842  INFO [32m[][0;39m 23203 --- [restartedMain] trationDelegate$BeanPostProcessorChecker : Bean 'transactionConfig' of type [org.digitalcity.config.TransactionConfig$$SpringCGLIB$$0] is not eligible for getting processed by all BeanPostProcessors (for example: not eligible for auto-proxying)
2024-04-10 21:47:16.846  INFO [32m[][0;39m 23203 --- [restartedMain] trationDelegate$BeanPostProcessorChecker : Bean 'txAdvice' of type [org.springframework.transaction.interceptor.TransactionInterceptor] is not eligible for getting processed by all BeanPostProcessors (for example: not eligible for auto-proxying)
2024-04-10 21:47:16.846  INFO [32m[][0;39m 23203 --- [restartedMain] trationDelegate$BeanPostProcessorChecker : Bean 'advisor' of type [org.springframework.aop.support.DefaultPointcutAdvisor] is not eligible for getting processed by all BeanPostProcessors (for example: not eligible for auto-proxying)
2024-04-10 21:47:17.078  INFO [32m[][0;39m 23203 --- [restartedMain] o.s.b.w.embedded.tomcat.TomcatWebServer  : Tomcat initialized with port(s): 8080 (http)
2024-04-10 21:47:17.084  INFO [32m[][0;39m 23203 --- [restartedMain] o.a.coyote.http11.Http11NioProtocol      : Initializing ProtocolHandler ["http-nio-8080"]
2024-04-10 21:47:17.085  INFO [32m[][0;39m 23203 --- [restartedMain] o.apache.catalina.core.StandardService   : Starting service [Tomcat]
2024-04-10 21:47:17.085  INFO [32m[][0;39m 23203 --- [restartedMain] o.apache.catalina.core.StandardEngine    : Starting Servlet engine: [Apache Tomcat/10.1.5]
2024-04-10 21:47:17.114  INFO [32m[][0;39m 23203 --- [restartedMain] o.a.c.c.C.[Tomcat].[localhost].[/]       : Initializing Spring embedded WebApplicationContext
2024-04-10 21:47:17.114  INFO [32m[][0;39m 23203 --- [restartedMain] w.s.c.ServletWebServerApplicationContext : Root WebApplicationContext: initialization completed in 993 ms
2024-04-10 21:47:17.379  WARN [33m[][0;39m 23203 --- [restartedMain] c.b.m.core.metadata.TableInfoHelper      : This primary key of "id" is primitive !ä¸å»ºè®®å¦‚æ­¤è¯·ä½¿ç”¨åŒ…è£…ç±» in Class: "org.digitalcity.dao.entity.Attraction"
2024-04-10 21:47:17.463  WARN [33m[][0;39m 23203 --- [restartedMain] c.b.m.core.metadata.TableInfoHelper      : This primary key of "id" is primitive !ä¸å»ºè®®å¦‚æ­¤è¯·ä½¿ç”¨åŒ…è£…ç±» in Class: "org.digitalcity.dao.entity.Commerce"
2024-04-10 21:47:17.484  WARN [33m[][0;39m 23203 --- [restartedMain] c.b.m.core.metadata.TableInfoHelper      : This primary key of "id" is primitive !ä¸å»ºè®®å¦‚æ­¤è¯·ä½¿ç”¨åŒ…è£…ç±» in Class: "org.digitalcity.dao.entity.CircleInf"
2024-04-10 21:47:17.504  WARN [33m[][0;39m 23203 --- [restartedMain] c.b.m.core.metadata.TableInfoHelper      : This primary key of "id" is primitive !ä¸å»ºè®®å¦‚æ­¤è¯·ä½¿ç”¨åŒ…è£…ç±» in Class: "org.digitalcity.dao.entity.EmotionScore"
2024-04-10 21:47:17.517  WARN [33m[][0;39m 23203 --- [restartedMain] c.b.m.core.metadata.TableInfoHelper      : This primary key of "id" is primitive !ä¸å»ºè®®å¦‚æ­¤è¯·ä½¿ç”¨åŒ…è£…ç±» in Class: "org.digitalcity.dao.entity.Comment"
2024-04-10 21:47:17.537  WARN [33m[][0;39m 23203 --- [restartedMain] c.b.m.core.metadata.TableInfoHelper      : This primary key of "id" is primitive !ä¸å»ºè®®å¦‚æ­¤è¯·ä½¿ç”¨åŒ…è£…ç±» in Class: "org.digitalcity.dao.entity.Hospital"
2024-04-10 21:47:17.554  WARN [33m[][0;39m 23203 --- [restartedMain] c.b.m.core.metadata.TableInfoHelper      : This primary key of "id" is primitive !ä¸å»ºè®®å¦‚æ­¤è¯·ä½¿ç”¨åŒ…è£…ç±» in Class: "org.digitalcity.dao.entity.Bulletin"
2024-04-10 21:47:17.569  WARN [33m[][0;39m 23203 --- [restartedMain] c.b.m.core.metadata.TableInfoHelper      : This primary key of "id" is primitive !ä¸å»ºè®®å¦‚æ­¤è¯·ä½¿ç”¨åŒ…è£…ç±» in Class: "org.digitalcity.dao.entity.OldHome"
2024-04-10 21:47:17.582  WARN [33m[][0;39m 23203 --- [restartedMain] c.b.m.core.metadata.TableInfoHelper      : This primary key of "id" is primitive !ä¸å»ºè®®å¦‚æ­¤è¯·ä½¿ç”¨åŒ…è£…ç±» in Class: "org.digitalcity.dao.entity.PopulationStructure"
2024-04-10 21:47:17.595  WARN [33m[][0;39m 23203 --- [restartedMain] c.b.m.core.metadata.TableInfoHelper      : This primary key of "id" is primitive !ä¸å»ºè®®å¦‚æ­¤è¯·ä½¿ç”¨åŒ…è£…ç±» in Class: "org.digitalcity.dao.entity.Recreation"
2024-04-10 21:47:17.609  WARN [33m[][0;39m 23203 --- [restartedMain] c.b.m.core.metadata.TableInfoHelper      : This primary key of "id" is primitive !ä¸å»ºè®®å¦‚æ­¤è¯·ä½¿ç”¨åŒ…è£…ç±» in Class: "org.digitalcity.dao.entity.Site"
2024-04-10 21:47:17.620  WARN [33m[][0;39m 23203 --- [restartedMain] c.b.m.core.metadata.TableInfoHelper      : This primary key of "id" is primitive !ä¸å»ºè®®å¦‚æ­¤è¯·ä½¿ç”¨åŒ…è£…ç±» in Class: "org.digitalcity.dao.entity.TrafficFlow"
2024-04-10 21:47:17.631  WARN [33m[][0;39m 23203 --- [restartedMain] c.b.m.core.metadata.TableInfoHelper      : This primary key of "id" is primitive !ä¸å»ºè®®å¦‚æ­¤è¯·ä½¿ç”¨åŒ…è£…ç±» in Class: "org.digitalcity.dao.entity.TrafficStation"
2024-04-10 21:47:17.640  WARN [33m[][0;39m 23203 --- [restartedMain] c.b.m.core.metadata.TableInfoHelper      : This primary key of "id" is primitive !ä¸å»ºè®®å¦‚æ­¤è¯·ä½¿ç”¨åŒ…è£…ç±» in Class: "org.digitalcity.dao.entity.TrafficComment"
2024-04-10 21:47:17.656  WARN [33m[][0;39m 23203 --- [restartedMain] c.b.m.core.metadata.TableInfoHelper      : This primary key of "id" is primitive !ä¸å»ºè®®å¦‚æ­¤è¯·ä½¿ç”¨åŒ…è£…ç±» in Class: "org.digitalcity.dao.entity.Member"
2024-04-10 21:47:18.057  INFO [32m[][0;39m 23203 --- [restartedMain] o.s.b.d.a.OptionalLiveReloadServer       : LiveReload server is running on port 35729
2024-04-10 21:47:18.084  INFO [32m[][0;39m 23203 --- [restartedMain] o.a.coyote.http11.Http11NioProtocol      : Starting ProtocolHandler ["http-nio-8080"]
2024-04-10 21:47:18.098  INFO [32m[][0;39m 23203 --- [restartedMain] o.s.b.w.embedded.tomcat.TomcatWebServer  : Tomcat started on port(s): 8080 (http) with context path ''
2024-04-10 21:47:18.106  INFO [32m[][0;39m 23203 --- [restartedMain] org.digitalcity.ApplicationStarter       : Started ApplicationStarter in 2.242 seconds (process running for 2.539)
2024-04-10 21:48:00.291  INFO [32m[][0;39m 23203 --- [http-nio-8080-exec-2] o.a.c.c.C.[Tomcat].[localhost].[/]       : Initializing Spring DispatcherServlet 'dispatcherServlet'
2024-04-10 21:48:00.292  INFO [32m[][0;39m 23203 --- [http-nio-8080-exec-2] o.s.web.servlet.DispatcherServlet        : Initializing Servlet 'dispatcherServlet'
2024-04-10 21:48:00.292  INFO [32m[][0;39m 23203 --- [http-nio-8080-exec-2] o.s.web.servlet.DispatcherServlet        : Completed initialization in 0 ms
2024-04-10 21:48:00.395  INFO [32m[][0;39m 23203 --- [http-nio-8080-exec-2] com.alibaba.druid.pool.DruidDataSource   : {dataSource-1} inited
2024-04-10 21:48:24.808  INFO [32m[][0;39m 23203 --- [File Watcher] rtingClassPathChangeChangedEventListener : Restarting due to 1 class path change (0 additions, 0 deletions, 1 modification)
2024-04-10 21:48:25.814  INFO [32m[][0;39m 23203 --- [Thread-5] o.a.coyote.http11.Http11NioProtocol      : Pausing ProtocolHandler ["http-nio-8080"]
2024-04-10 21:48:25.814  WARN [33m[][0;39m 23203 --- [Thread-5] org.apache.tomcat.util.net.NioEndpoint   : Failed to unlock acceptor for [http-nio-8080] because the local address was not available
2024-04-10 21:48:25.814  INFO [32m[][0;39m 23203 --- [Thread-5] o.apache.catalina.core.StandardService   : Stopping service [Tomcat]
2024-04-10 21:48:25.816  INFO [32m[][0;39m 23203 --- [Thread-5] o.a.c.c.C.[Tomcat].[localhost].[/]       : Destroying Spring FrameworkServlet 'dispatcherServlet'
2024-04-10 21:48:25.814 ERROR [31m[][0;39m 23203 --- [http-nio-8080-Acceptor] org.apache.tomcat.util.net.Acceptor      : Socket accept failed

java.nio.channels.AsynchronousCloseException: null
	at java.base/java.nio.channels.spi.AbstractInterruptibleChannel.end(AbstractInterruptibleChannel.java:202)
	at java.base/sun.nio.ch.ServerSocketChannelImpl.end(ServerSocketChannelImpl.java:376)
	at java.base/sun.nio.ch.ServerSocketChannelImpl.accept(ServerSocketChannelImpl.java:399)
	at org.apache.tomcat.util.net.NioEndpoint.serverSocketAccept(NioEndpoint.java:520)
	at org.apache.tomcat.util.net.NioEndpoint.serverSocketAccept(NioEndpoint.java:79)
	at org.apache.tomcat.util.net.Acceptor.run(Acceptor.java:128)
	at java.base/java.lang.Thread.run(Thread.java:833)

2024-04-10 21:48:25.825  WARN [33m[][0;39m 23203 --- [Thread-5] o.a.c.loader.WebappClassLoaderBase       : The web application [ROOT] appears to have started a thread named [Druid-ConnectionPool-Create-1356844525] but has failed to stop it. This is very likely to create a memory leak. Stack trace of thread:
 java.base@17.0.4/jdk.internal.misc.Unsafe.park(Native Method)
 java.base@17.0.4/java.util.concurrent.locks.LockSupport.park(LockSupport.java:341)
 java.base@17.0.4/java.util.concurrent.locks.AbstractQueuedSynchronizer$ConditionNode.block(AbstractQueuedSynchronizer.java:506)
 java.base@17.0.4/java.util.concurrent.ForkJoinPool.unmanagedBlock(ForkJoinPool.java:3463)
 java.base@17.0.4/java.util.concurrent.ForkJoinPool.managedBlock(ForkJoinPool.java:3434)
 java.base@17.0.4/java.util.concurrent.locks.AbstractQueuedSynchronizer$ConditionObject.await(AbstractQueuedSynchronizer.java:1623)
 app//com.alibaba.druid.pool.DruidDataSource$CreateConnectionThread.run(DruidDataSource.java:2885)
2024-04-10 21:48:25.825  WARN [33m[][0;39m 23203 --- [Thread-5] o.a.c.loader.WebappClassLoaderBase       : The web application [ROOT] appears to have started a thread named [Druid-ConnectionPool-Destroy-1356844525] but has failed to stop it. This is very likely to create a memory leak. Stack trace of thread:
 java.base@17.0.4/java.lang.Thread.sleep(Native Method)
 app//com.alibaba.druid.pool.DruidDataSource$DestroyConnectionThread.run(DruidDataSource.java:2984)
2024-04-10 21:48:25.825  INFO [32m[][0;39m 23203 --- [Thread-5] o.a.coyote.http11.Http11NioProtocol      : Stopping ProtocolHandler ["http-nio-8080"]
2024-04-10 21:48:25.827  INFO [32m[][0;39m 23203 --- [Thread-5] o.a.coyote.http11.Http11NioProtocol      : Destroying ProtocolHandler ["http-nio-8080"]
2024-04-10 21:48:25.838  INFO [32m[][0;39m 23203 --- [Thread-5] com.alibaba.druid.pool.DruidDataSource   : {dataSource-1} closing ...
2024-04-10 21:48:25.840  INFO [32m[][0;39m 23203 --- [Thread-5] com.alibaba.druid.pool.DruidDataSource   : {dataSource-1} closed
2024-04-10 21:48:25.885  INFO [32m[][0;39m 23203 --- [restartedMain] org.digitalcity.ApplicationStarter       : Starting ApplicationStarter using Java 17.0.4 with PID 23203 (/Users/marco/Workspace/source/java/digital_city/digital_city_web/build/classes/java/main started by marco in /Users/marco/Workspace/source/java/digital_city)
2024-04-10 21:48:25.885  INFO [32m[][0;39m 23203 --- [restartedMain] org.digitalcity.ApplicationStarter       : No active profile set, falling back to 1 default profile: "default"
2024-04-10 21:48:25.993  INFO [32m[][0;39m 23203 --- [restartedMain] .s.d.r.c.RepositoryConfigurationDelegate : Multiple Spring Data modules found, entering strict repository configuration mode
2024-04-10 21:48:25.993  INFO [32m[][0;39m 23203 --- [restartedMain] .s.d.r.c.RepositoryConfigurationDelegate : Bootstrapping Spring Data Redis repositories in DEFAULT mode.
2024-04-10 21:48:25.998  INFO [32m[][0;39m 23203 --- [restartedMain] .s.d.r.c.RepositoryConfigurationDelegate : Finished Spring Data repository scanning in 4 ms. Found 0 Redis repository interfaces.
2024-04-10 21:48:26.030  INFO [32m[][0;39m 23203 --- [restartedMain] trationDelegate$BeanPostProcessorChecker : Bean 'org.springframework.boot.autoconfigure.jdbc.DataSourceTransactionManagerAutoConfiguration$JdbcTransactionManagerConfiguration' of type [org.springframework.boot.autoconfigure.jdbc.DataSourceTransactionManagerAutoConfiguration$JdbcTransactionManagerConfiguration] is not eligible for getting processed by all BeanPostProcessors (for example: not eligible for auto-proxying)
2024-04-10 21:48:26.031  INFO [32m[][0;39m 23203 --- [restartedMain] trationDelegate$BeanPostProcessorChecker : Bean 'org.springframework.boot.autoconfigure.jdbc.DataSourceConfiguration$Generic' of type [org.springframework.boot.autoconfigure.jdbc.DataSourceConfiguration$Generic] is not eligible for getting processed by all BeanPostProcessors (for example: not eligible for auto-proxying)
2024-04-10 21:48:26.034  INFO [32m[][0;39m 23203 --- [restartedMain] trationDelegate$BeanPostProcessorChecker : Bean 'spring.datasource-org.springframework.boot.autoconfigure.jdbc.DataSourceProperties' of type [org.springframework.boot.autoconfigure.jdbc.DataSourceProperties] is not eligible for getting processed by all BeanPostProcessors (for example: not eligible for auto-proxying)
2024-04-10 21:48:26.037  INFO [32m[][0;39m 23203 --- [restartedMain] trationDelegate$BeanPostProcessorChecker : Bean 'dataSource' of type [com.alibaba.druid.pool.DruidDataSource] is not eligible for getting processed by all BeanPostProcessors (for example: not eligible for auto-proxying)
2024-04-10 21:48:26.056  INFO [32m[][0;39m 23203 --- [restartedMain] trationDelegate$BeanPostProcessorChecker : Bean 'org.springframework.boot.autoconfigure.transaction.TransactionAutoConfiguration' of type [org.springframework.boot.autoconfigure.transaction.TransactionAutoConfiguration] is not eligible for getting processed by all BeanPostProcessors (for example: not eligible for auto-proxying)
2024-04-10 21:48:26.058  INFO [32m[][0;39m 23203 --- [restartedMain] trationDelegate$BeanPostProcessorChecker : Bean 'spring.transaction-org.springframework.boot.autoconfigure.transaction.TransactionProperties' of type [org.springframework.boot.autoconfigure.transaction.TransactionProperties] is not eligible for getting processed by all BeanPostProcessors (for example: not eligible for auto-proxying)
2024-04-10 21:48:26.058  INFO [32m[][0;39m 23203 --- [restartedMain] trationDelegate$BeanPostProcessorChecker : Bean 'platformTransactionManagerCustomizers' of type [org.springframework.boot.autoconfigure.transaction.TransactionManagerCustomizers] is not eligible for getting processed by all BeanPostProcessors (for example: not eligible for auto-proxying)
2024-04-10 21:48:26.058  INFO [32m[][0;39m 23203 --- [restartedMain] trationDelegate$BeanPostProcessorChecker : Bean 'transactionManager' of type [org.springframework.jdbc.support.JdbcTransactionManager] is not eligible for getting processed by all BeanPostProcessors (for example: not eligible for auto-proxying)
2024-04-10 21:48:26.059  INFO [32m[][0;39m 23203 --- [restartedMain] trationDelegate$BeanPostProcessorChecker : Bean 'transactionConfig' of type [org.digitalcity.config.TransactionConfig$$SpringCGLIB$$0] is not eligible for getting processed by all BeanPostProcessors (for example: not eligible for auto-proxying)
2024-04-10 21:48:26.060  INFO [32m[][0;39m 23203 --- [restartedMain] trationDelegate$BeanPostProcessorChecker : Bean 'txAdvice' of type [org.springframework.transaction.interceptor.TransactionInterceptor] is not eligible for getting processed by all BeanPostProcessors (for example: not eligible for auto-proxying)
2024-04-10 21:48:26.060  INFO [32m[][0;39m 23203 --- [restartedMain] trationDelegate$BeanPostProcessorChecker : Bean 'advisor' of type [org.springframework.aop.support.DefaultPointcutAdvisor] is not eligible for getting processed by all BeanPostProcessors (for example: not eligible for auto-proxying)
2024-04-10 21:48:26.100  INFO [32m[][0;39m 23203 --- [restartedMain] o.s.b.w.embedded.tomcat.TomcatWebServer  : Tomcat initialized with port(s): 8080 (http)
2024-04-10 21:48:26.100  INFO [32m[][0;39m 23203 --- [restartedMain] o.a.coyote.http11.Http11NioProtocol      : Initializing ProtocolHandler ["http-nio-8080"]
2024-04-10 21:48:26.100  INFO [32m[][0;39m 23203 --- [restartedMain] o.apache.catalina.core.StandardService   : Starting service [Tomcat]
2024-04-10 21:48:26.100  INFO [32m[][0;39m 23203 --- [restartedMain] o.apache.catalina.core.StandardEngine    : Starting Servlet engine: [Apache Tomcat/10.1.5]
2024-04-10 21:48:26.106  INFO [32m[][0;39m 23203 --- [restartedMain] o.a.c.c.C.[Tomcat].[localhost].[/]       : Initializing Spring embedded WebApplicationContext
2024-04-10 21:48:26.106  INFO [32m[][0;39m 23203 --- [restartedMain] w.s.c.ServletWebServerApplicationContext : Root WebApplicationContext: initialization completed in 219 ms
2024-04-10 21:48:26.341  WARN [33m[][0;39m 23203 --- [restartedMain] c.b.m.core.metadata.TableInfoHelper      : This primary key of "id" is primitive !ä¸å»ºè®®å¦‚æ­¤è¯·ä½¿ç”¨åŒ…è£…ç±» in Class: "org.digitalcity.dao.entity.Attraction"
2024-04-10 21:48:26.357  WARN [33m[][0;39m 23203 --- [restartedMain] c.b.m.core.metadata.TableInfoHelper      : This primary key of "id" is primitive !ä¸å»ºè®®å¦‚æ­¤è¯·ä½¿ç”¨åŒ…è£…ç±» in Class: "org.digitalcity.dao.entity.Commerce"
2024-04-10 21:48:26.368  WARN [33m[][0;39m 23203 --- [restartedMain] c.b.m.core.metadata.TableInfoHelper      : This primary key of "id" is primitive !ä¸å»ºè®®å¦‚æ­¤è¯·ä½¿ç”¨åŒ…è£…ç±» in Class: "org.digitalcity.dao.entity.CircleInf"
2024-04-10 21:48:26.379  WARN [33m[][0;39m 23203 --- [restartedMain] c.b.m.core.metadata.TableInfoHelper      : This primary key of "id" is primitive !ä¸å»ºè®®å¦‚æ­¤è¯·ä½¿ç”¨åŒ…è£…ç±» in Class: "org.digitalcity.dao.entity.EmotionScore"
2024-04-10 21:48:26.387  WARN [33m[][0;39m 23203 --- [restartedMain] c.b.m.core.metadata.TableInfoHelper      : This primary key of "id" is primitive !ä¸å»ºè®®å¦‚æ­¤è¯·ä½¿ç”¨åŒ…è£…ç±» in Class: "org.digitalcity.dao.entity.Comment"
2024-04-10 21:48:26.400  WARN [33m[][0;39m 23203 --- [restartedMain] c.b.m.core.metadata.TableInfoHelper      : This primary key of "id" is primitive !ä¸å»ºè®®å¦‚æ­¤è¯·ä½¿ç”¨åŒ…è£…ç±» in Class: "org.digitalcity.dao.entity.Hospital"
2024-04-10 21:48:26.410  WARN [33m[][0;39m 23203 --- [restartedMain] c.b.m.core.metadata.TableInfoHelper      : This primary key of "id" is primitive !ä¸å»ºè®®å¦‚æ­¤è¯·ä½¿ç”¨åŒ…è£…ç±» in Class: "org.digitalcity.dao.entity.Bulletin"
2024-04-10 21:48:26.420  WARN [33m[][0;39m 23203 --- [restartedMain] c.b.m.core.metadata.TableInfoHelper      : This primary key of "id" is primitive !ä¸å»ºè®®å¦‚æ­¤è¯·ä½¿ç”¨åŒ…è£…ç±» in Class: "org.digitalcity.dao.entity.OldHome"
2024-04-10 21:48:26.430  WARN [33m[][0;39m 23203 --- [restartedMain] c.b.m.core.metadata.TableInfoHelper      : This primary key of "id" is primitive !ä¸å»ºè®®å¦‚æ­¤è¯·ä½¿ç”¨åŒ…è£…ç±» in Class: "org.digitalcity.dao.entity.PopulationStructure"
2024-04-10 21:48:26.439  WARN [33m[][0;39m 23203 --- [restartedMain] c.b.m.core.metadata.TableInfoHelper      : This primary key of "id" is primitive !ä¸å»ºè®®å¦‚æ­¤è¯·ä½¿ç”¨åŒ…è£…ç±» in Class: "org.digitalcity.dao.entity.Recreation"
2024-04-10 21:48:26.450  WARN [33m[][0;39m 23203 --- [restartedMain] c.b.m.core.metadata.TableInfoHelper      : This primary key of "id" is primitive !ä¸å»ºè®®å¦‚æ­¤è¯·ä½¿ç”¨åŒ…è£…ç±» in Class: "org.digitalcity.dao.entity.Site"
2024-04-10 21:48:26.460  WARN [33m[][0;39m 23203 --- [restartedMain] c.b.m.core.metadata.TableInfoHelper      : This primary key of "id" is primitive !ä¸å»ºè®®å¦‚æ­¤è¯·ä½¿ç”¨åŒ…è£…ç±» in Class: "org.digitalcity.dao.entity.TrafficFlow"
2024-04-10 21:48:26.471  WARN [33m[][0;39m 23203 --- [restartedMain] c.b.m.core.metadata.TableInfoHelper      : This primary key of "id" is primitive !ä¸å»ºè®®å¦‚æ­¤è¯·ä½¿ç”¨åŒ…è£…ç±» in Class: "org.digitalcity.dao.entity.TrafficStation"
2024-04-10 21:48:26.479  WARN [33m[][0;39m 23203 --- [restartedMain] c.b.m.core.metadata.TableInfoHelper      : This primary key of "id" is primitive !ä¸å»ºè®®å¦‚æ­¤è¯·ä½¿ç”¨åŒ…è£…ç±» in Class: "org.digitalcity.dao.entity.TrafficComment"
2024-04-10 21:48:26.489  WARN [33m[][0;39m 23203 --- [restartedMain] c.b.m.core.metadata.TableInfoHelper      : This primary key of "id" is primitive !ä¸å»ºè®®å¦‚æ­¤è¯·ä½¿ç”¨åŒ…è£…ç±» in Class: "org.digitalcity.dao.entity.Member"
2024-04-10 21:48:26.685  INFO [32m[][0;39m 23203 --- [restartedMain] o.s.b.d.a.OptionalLiveReloadServer       : LiveReload server is running on port 35729
2024-04-10 21:48:26.701  INFO [32m[][0;39m 23203 --- [restartedMain] o.a.coyote.http11.Http11NioProtocol      : Starting ProtocolHandler ["http-nio-8080"]
2024-04-10 21:48:26.702  INFO [32m[][0;39m 23203 --- [restartedMain] o.s.b.w.embedded.tomcat.TomcatWebServer  : Tomcat started on port(s): 8080 (http) with context path ''
2024-04-10 21:48:26.704  INFO [32m[][0;39m 23203 --- [restartedMain] org.digitalcity.ApplicationStarter       : Started ApplicationStarter in 0.838 seconds (process running for 71.137)
2024-04-10 21:48:26.705  INFO [32m[][0;39m 23203 --- [restartedMain] .ConditionEvaluationDeltaLoggingListener : Condition evaluation unchanged
2024-04-10 21:51:32.000  INFO [32m[][0;39m 23203 --- [SpringApplicationShutdownHook] com.alibaba.druid.pool.DruidDataSource   : {dataSource-0} closing ...
2024-04-10 21:51:33.631  INFO [32m[][0;39m 27232 --- [background-preinit] o.h.validator.internal.util.Version      : HV000001: Hibernate Validator 8.0.0.Final
2024-04-10 21:51:33.654  INFO [32m[][0;39m 27232 --- [restartedMain] org.digitalcity.ApplicationStarter       : Starting ApplicationStarter using Java 17.0.4 with PID 27232 (/Users/marco/Workspace/source/java/digital_city/digital_city_web/build/classes/java/main started by marco in /Users/marco/Workspace/source/java/digital_city)
2024-04-10 21:51:33.654  INFO [32m[][0;39m 27232 --- [restartedMain] org.digitalcity.ApplicationStarter       : No active profile set, falling back to 1 default profile: "default"
2024-04-10 21:51:33.688  INFO [32m[][0;39m 27232 --- [restartedMain] .e.DevToolsPropertyDefaultsPostProcessor : Devtools property defaults active! Set 'spring.devtools.add-properties' to 'false' to disable
2024-04-10 21:51:33.688  INFO [32m[][0;39m 27232 --- [restartedMain] .e.DevToolsPropertyDefaultsPostProcessor : For additional web related logging consider setting the 'logging.level.web' property to 'DEBUG'
2024-04-10 21:51:34.165  INFO [32m[][0;39m 27232 --- [restartedMain] .s.d.r.c.RepositoryConfigurationDelegate : Multiple Spring Data modules found, entering strict repository configuration mode
2024-04-10 21:51:34.167  INFO [32m[][0;39m 27232 --- [restartedMain] .s.d.r.c.RepositoryConfigurationDelegate : Bootstrapping Spring Data Redis repositories in DEFAULT mode.
2024-04-10 21:51:34.186  INFO [32m[][0;39m 27232 --- [restartedMain] .s.d.r.c.RepositoryConfigurationDelegate : Finished Spring Data repository scanning in 10 ms. Found 0 Redis repository interfaces.
2024-04-10 21:51:34.376  INFO [32m[][0;39m 27232 --- [restartedMain] trationDelegate$BeanPostProcessorChecker : Bean 'org.springframework.boot.autoconfigure.jdbc.DataSourceTransactionManagerAutoConfiguration$JdbcTransactionManagerConfiguration' of type [org.springframework.boot.autoconfigure.jdbc.DataSourceTransactionManagerAutoConfiguration$JdbcTransactionManagerConfiguration] is not eligible for getting processed by all BeanPostProcessors (for example: not eligible for auto-proxying)
2024-04-10 21:51:34.379  INFO [32m[][0;39m 27232 --- [restartedMain] trationDelegate$BeanPostProcessorChecker : Bean 'org.springframework.boot.autoconfigure.jdbc.DataSourceConfiguration$Generic' of type [org.springframework.boot.autoconfigure.jdbc.DataSourceConfiguration$Generic] is not eligible for getting processed by all BeanPostProcessors (for example: not eligible for auto-proxying)
2024-04-10 21:51:34.395  INFO [32m[][0;39m 27232 --- [restartedMain] trationDelegate$BeanPostProcessorChecker : Bean 'spring.datasource-org.springframework.boot.autoconfigure.jdbc.DataSourceProperties' of type [org.springframework.boot.autoconfigure.jdbc.DataSourceProperties] is not eligible for getting processed by all BeanPostProcessors (for example: not eligible for auto-proxying)
2024-04-10 21:51:34.414  INFO [32m[][0;39m 27232 --- [restartedMain] trationDelegate$BeanPostProcessorChecker : Bean 'dataSource' of type [com.alibaba.druid.pool.DruidDataSource] is not eligible for getting processed by all BeanPostProcessors (for example: not eligible for auto-proxying)
2024-04-10 21:51:34.438  INFO [32m[][0;39m 27232 --- [restartedMain] trationDelegate$BeanPostProcessorChecker : Bean 'org.springframework.boot.autoconfigure.transaction.TransactionAutoConfiguration' of type [org.springframework.boot.autoconfigure.transaction.TransactionAutoConfiguration] is not eligible for getting processed by all BeanPostProcessors (for example: not eligible for auto-proxying)
2024-04-10 21:51:34.441  INFO [32m[][0;39m 27232 --- [restartedMain] trationDelegate$BeanPostProcessorChecker : Bean 'spring.transaction-org.springframework.boot.autoconfigure.transaction.TransactionProperties' of type [org.springframework.boot.autoconfigure.transaction.TransactionProperties] is not eligible for getting processed by all BeanPostProcessors (for example: not eligible for auto-proxying)
2024-04-10 21:51:34.442  INFO [32m[][0;39m 27232 --- [restartedMain] trationDelegate$BeanPostProcessorChecker : Bean 'platformTransactionManagerCustomizers' of type [org.springframework.boot.autoconfigure.transaction.TransactionManagerCustomizers] is not eligible for getting processed by all BeanPostProcessors (for example: not eligible for auto-proxying)
2024-04-10 21:51:34.444  INFO [32m[][0;39m 27232 --- [restartedMain] trationDelegate$BeanPostProcessorChecker : Bean 'transactionManager' of type [org.springframework.jdbc.support.JdbcTransactionManager] is not eligible for getting processed by all BeanPostProcessors (for example: not eligible for auto-proxying)
2024-04-10 21:51:34.446  INFO [32m[][0;39m 27232 --- [restartedMain] trationDelegate$BeanPostProcessorChecker : Bean 'transactionConfig' of type [org.digitalcity.config.TransactionConfig$$SpringCGLIB$$0] is not eligible for getting processed by all BeanPostProcessors (for example: not eligible for auto-proxying)
2024-04-10 21:51:34.449  INFO [32m[][0;39m 27232 --- [restartedMain] trationDelegate$BeanPostProcessorChecker : Bean 'txAdvice' of type [org.springframework.transaction.interceptor.TransactionInterceptor] is not eligible for getting processed by all BeanPostProcessors (for example: not eligible for auto-proxying)
2024-04-10 21:51:34.449  INFO [32m[][0;39m 27232 --- [restartedMain] trationDelegate$BeanPostProcessorChecker : Bean 'advisor' of type [org.springframework.aop.support.DefaultPointcutAdvisor] is not eligible for getting processed by all BeanPostProcessors (for example: not eligible for auto-proxying)
2024-04-10 21:51:34.684  INFO [32m[][0;39m 27232 --- [restartedMain] o.s.b.w.embedded.tomcat.TomcatWebServer  : Tomcat initialized with port(s): 8080 (http)
2024-04-10 21:51:34.690  INFO [32m[][0;39m 27232 --- [restartedMain] o.a.coyote.http11.Http11NioProtocol      : Initializing ProtocolHandler ["http-nio-8080"]
2024-04-10 21:51:34.691  INFO [32m[][0;39m 27232 --- [restartedMain] o.apache.catalina.core.StandardService   : Starting service [Tomcat]
2024-04-10 21:51:34.691  INFO [32m[][0;39m 27232 --- [restartedMain] o.apache.catalina.core.StandardEngine    : Starting Servlet engine: [Apache Tomcat/10.1.5]
2024-04-10 21:51:34.718  INFO [32m[][0;39m 27232 --- [restartedMain] o.a.c.c.C.[Tomcat].[localhost].[/]       : Initializing Spring embedded WebApplicationContext
2024-04-10 21:51:34.718  INFO [32m[][0;39m 27232 --- [restartedMain] w.s.c.ServletWebServerApplicationContext : Root WebApplicationContext: initialization completed in 1030 ms
2024-04-10 21:51:34.961  WARN [33m[][0;39m 27232 --- [restartedMain] c.b.m.core.metadata.TableInfoHelper      : This primary key of "id" is primitive !ä¸å»ºè®®å¦‚æ­¤è¯·ä½¿ç”¨åŒ…è£…ç±» in Class: "org.digitalcity.dao.entity.Attraction"
2024-04-10 21:51:35.019  WARN [33m[][0;39m 27232 --- [restartedMain] c.b.m.core.metadata.TableInfoHelper      : This primary key of "id" is primitive !ä¸å»ºè®®å¦‚æ­¤è¯·ä½¿ç”¨åŒ…è£…ç±» in Class: "org.digitalcity.dao.entity.Commerce"
2024-04-10 21:51:35.035  WARN [33m[][0;39m 27232 --- [restartedMain] c.b.m.core.metadata.TableInfoHelper      : This primary key of "id" is primitive !ä¸å»ºè®®å¦‚æ­¤è¯·ä½¿ç”¨åŒ…è£…ç±» in Class: "org.digitalcity.dao.entity.CircleInf"
2024-04-10 21:51:35.049  WARN [33m[][0;39m 27232 --- [restartedMain] c.b.m.core.metadata.TableInfoHelper      : This primary key of "id" is primitive !ä¸å»ºè®®å¦‚æ­¤è¯·ä½¿ç”¨åŒ…è£…ç±» in Class: "org.digitalcity.dao.entity.EmotionScore"
2024-04-10 21:51:35.058  WARN [33m[][0;39m 27232 --- [restartedMain] c.b.m.core.metadata.TableInfoHelper      : This primary key of "id" is primitive !ä¸å»ºè®®å¦‚æ­¤è¯·ä½¿ç”¨åŒ…è£…ç±» in Class: "org.digitalcity.dao.entity.Comment"
2024-04-10 21:51:35.072  WARN [33m[][0;39m 27232 --- [restartedMain] c.b.m.core.metadata.TableInfoHelper      : This primary key of "id" is primitive !ä¸å»ºè®®å¦‚æ­¤è¯·ä½¿ç”¨åŒ…è£…ç±» in Class: "org.digitalcity.dao.entity.Hospital"
2024-04-10 21:51:35.084  WARN [33m[][0;39m 27232 --- [restartedMain] c.b.m.core.metadata.TableInfoHelper      : This primary key of "id" is primitive !ä¸å»ºè®®å¦‚æ­¤è¯·ä½¿ç”¨åŒ…è£…ç±» in Class: "org.digitalcity.dao.entity.Bulletin"
2024-04-10 21:51:35.095  WARN [33m[][0;39m 27232 --- [restartedMain] c.b.m.core.metadata.TableInfoHelper      : This primary key of "id" is primitive !ä¸å»ºè®®å¦‚æ­¤è¯·ä½¿ç”¨åŒ…è£…ç±» in Class: "org.digitalcity.dao.entity.OldHome"
2024-04-10 21:51:35.106  WARN [33m[][0;39m 27232 --- [restartedMain] c.b.m.core.metadata.TableInfoHelper      : This primary key of "id" is primitive !ä¸å»ºè®®å¦‚æ­¤è¯·ä½¿ç”¨åŒ…è£…ç±» in Class: "org.digitalcity.dao.entity.PopulationStructure"
2024-04-10 21:51:35.118  WARN [33m[][0;39m 27232 --- [restartedMain] c.b.m.core.metadata.TableInfoHelper      : This primary key of "id" is primitive !ä¸å»ºè®®å¦‚æ­¤è¯·ä½¿ç”¨åŒ…è£…ç±» in Class: "org.digitalcity.dao.entity.Recreation"
2024-04-10 21:51:35.130  WARN [33m[][0;39m 27232 --- [restartedMain] c.b.m.core.metadata.TableInfoHelper      : This primary key of "id" is primitive !ä¸å»ºè®®å¦‚æ­¤è¯·ä½¿ç”¨åŒ…è£…ç±» in Class: "org.digitalcity.dao.entity.Site"
2024-04-10 21:51:35.141  WARN [33m[][0;39m 27232 --- [restartedMain] c.b.m.core.metadata.TableInfoHelper      : This primary key of "id" is primitive !ä¸å»ºè®®å¦‚æ­¤è¯·ä½¿ç”¨åŒ…è£…ç±» in Class: "org.digitalcity.dao.entity.TrafficFlow"
2024-04-10 21:51:35.149  WARN [33m[][0;39m 27232 --- [restartedMain] c.b.m.core.metadata.TableInfoHelper      : This primary key of "id" is primitive !ä¸å»ºè®®å¦‚æ­¤è¯·ä½¿ç”¨åŒ…è£…ç±» in Class: "org.digitalcity.dao.entity.TrafficStation"
2024-04-10 21:51:35.159  WARN [33m[][0;39m 27232 --- [restartedMain] c.b.m.core.metadata.TableInfoHelper      : This primary key of "id" is primitive !ä¸å»ºè®®å¦‚æ­¤è¯·ä½¿ç”¨åŒ…è£…ç±» in Class: "org.digitalcity.dao.entity.TrafficComment"
2024-04-10 21:51:35.173  WARN [33m[][0;39m 27232 --- [restartedMain] c.b.m.core.metadata.TableInfoHelper      : This primary key of "id" is primitive !ä¸å»ºè®®å¦‚æ­¤è¯·ä½¿ç”¨åŒ…è£…ç±» in Class: "org.digitalcity.dao.entity.Member"
2024-04-10 21:51:35.513  INFO [32m[][0;39m 27232 --- [restartedMain] o.s.b.d.a.OptionalLiveReloadServer       : LiveReload server is running on port 35729
2024-04-10 21:51:35.533  INFO [32m[][0;39m 27232 --- [restartedMain] o.a.coyote.http11.Http11NioProtocol      : Starting ProtocolHandler ["http-nio-8080"]
2024-04-10 21:51:35.541  INFO [32m[][0;39m 27232 --- [restartedMain] o.s.b.w.embedded.tomcat.TomcatWebServer  : Tomcat started on port(s): 8080 (http) with context path ''
2024-04-10 21:51:35.546  INFO [32m[][0;39m 27232 --- [restartedMain] org.digitalcity.ApplicationStarter       : Started ApplicationStarter in 2.148 seconds (process running for 2.553)
2024-04-10 21:51:37.442  INFO [32m[][0;39m 27232 --- [http-nio-8080-exec-2] o.a.c.c.C.[Tomcat].[localhost].[/]       : Initializing Spring DispatcherServlet 'dispatcherServlet'
2024-04-10 21:51:37.443  INFO [32m[][0;39m 27232 --- [http-nio-8080-exec-2] o.s.web.servlet.DispatcherServlet        : Initializing Servlet 'dispatcherServlet'
2024-04-10 21:51:37.443  INFO [32m[][0;39m 27232 --- [http-nio-8080-exec-2] o.s.web.servlet.DispatcherServlet        : Completed initialization in 0 ms
2024-04-10 21:51:37.538  INFO [32m[][0;39m 27232 --- [http-nio-8080-exec-2] com.alibaba.druid.pool.DruidDataSource   : {dataSource-1} inited
2024-04-10 21:52:53.644  INFO [32m[][0;39m 27232 --- [SpringApplicationShutdownHook] com.alibaba.druid.pool.DruidDataSource   : {dataSource-1} closing ...
2024-04-10 21:52:53.646  INFO [32m[][0;39m 27232 --- [SpringApplicationShutdownHook] com.alibaba.druid.pool.DruidDataSource   : {dataSource-1} closed
2024-04-10 22:45:15.196  INFO [32m[][0;39m 50222 --- [background-preinit] o.h.validator.internal.util.Version      : HV000001: Hibernate Validator 8.0.0.Final
2024-04-10 22:45:15.214  INFO [32m[][0;39m 50222 --- [restartedMain] org.digitalcity.ApplicationStarter       : Starting ApplicationStarter using Java 17.0.4 with PID 50222 (/Users/marco/Workspace/source/java/digital_city/digital_city_web/build/classes/java/main started by marco in /Users/marco/Workspace/source/java/digital_city)
2024-04-10 22:45:15.215  INFO [32m[][0;39m 50222 --- [restartedMain] org.digitalcity.ApplicationStarter       : No active profile set, falling back to 1 default profile: "default"
2024-04-10 22:45:15.240  INFO [32m[][0;39m 50222 --- [restartedMain] .e.DevToolsPropertyDefaultsPostProcessor : Devtools property defaults active! Set 'spring.devtools.add-properties' to 'false' to disable
2024-04-10 22:45:15.240  INFO [32m[][0;39m 50222 --- [restartedMain] .e.DevToolsPropertyDefaultsPostProcessor : For additional web related logging consider setting the 'logging.level.web' property to 'DEBUG'
2024-04-10 22:45:15.563  INFO [32m[][0;39m 50222 --- [restartedMain] .s.d.r.c.RepositoryConfigurationDelegate : Multiple Spring Data modules found, entering strict repository configuration mode
2024-04-10 22:45:15.564  INFO [32m[][0;39m 50222 --- [restartedMain] .s.d.r.c.RepositoryConfigurationDelegate : Bootstrapping Spring Data Redis repositories in DEFAULT mode.
2024-04-10 22:45:15.583  INFO [32m[][0;39m 50222 --- [restartedMain] .s.d.r.c.RepositoryConfigurationDelegate : Finished Spring Data repository scanning in 12 ms. Found 0 Redis repository interfaces.
2024-04-10 22:45:15.799  INFO [32m[][0;39m 50222 --- [restartedMain] trationDelegate$BeanPostProcessorChecker : Bean 'org.springframework.boot.autoconfigure.jdbc.DataSourceTransactionManagerAutoConfiguration$JdbcTransactionManagerConfiguration' of type [org.springframework.boot.autoconfigure.jdbc.DataSourceTransactionManagerAutoConfiguration$JdbcTransactionManagerConfiguration] is not eligible for getting processed by all BeanPostProcessors (for example: not eligible for auto-proxying)
2024-04-10 22:45:15.801  INFO [32m[][0;39m 50222 --- [restartedMain] trationDelegate$BeanPostProcessorChecker : Bean 'org.springframework.boot.autoconfigure.jdbc.DataSourceConfiguration$Generic' of type [org.springframework.boot.autoconfigure.jdbc.DataSourceConfiguration$Generic] is not eligible for getting processed by all BeanPostProcessors (for example: not eligible for auto-proxying)
2024-04-10 22:45:15.814  INFO [32m[][0;39m 50222 --- [restartedMain] trationDelegate$BeanPostProcessorChecker : Bean 'spring.datasource-org.springframework.boot.autoconfigure.jdbc.DataSourceProperties' of type [org.springframework.boot.autoconfigure.jdbc.DataSourceProperties] is not eligible for getting processed by all BeanPostProcessors (for example: not eligible for auto-proxying)
2024-04-10 22:45:15.830  INFO [32m[][0;39m 50222 --- [restartedMain] trationDelegate$BeanPostProcessorChecker : Bean 'dataSource' of type [com.alibaba.druid.pool.DruidDataSource] is not eligible for getting processed by all BeanPostProcessors (for example: not eligible for auto-proxying)
2024-04-10 22:45:15.854  INFO [32m[][0;39m 50222 --- [restartedMain] trationDelegate$BeanPostProcessorChecker : Bean 'org.springframework.boot.autoconfigure.transaction.TransactionAutoConfiguration' of type [org.springframework.boot.autoconfigure.transaction.TransactionAutoConfiguration] is not eligible for getting processed by all BeanPostProcessors (for example: not eligible for auto-proxying)
2024-04-10 22:45:15.857  INFO [32m[][0;39m 50222 --- [restartedMain] trationDelegate$BeanPostProcessorChecker : Bean 'spring.transaction-org.springframework.boot.autoconfigure.transaction.TransactionProperties' of type [org.springframework.boot.autoconfigure.transaction.TransactionProperties] is not eligible for getting processed by all BeanPostProcessors (for example: not eligible for auto-proxying)
2024-04-10 22:45:15.858  INFO [32m[][0;39m 50222 --- [restartedMain] trationDelegate$BeanPostProcessorChecker : Bean 'platformTransactionManagerCustomizers' of type [org.springframework.boot.autoconfigure.transaction.TransactionManagerCustomizers] is not eligible for getting processed by all BeanPostProcessors (for example: not eligible for auto-proxying)
2024-04-10 22:45:15.860  INFO [32m[][0;39m 50222 --- [restartedMain] trationDelegate$BeanPostProcessorChecker : Bean 'transactionManager' of type [org.springframework.jdbc.support.JdbcTransactionManager] is not eligible for getting processed by all BeanPostProcessors (for example: not eligible for auto-proxying)
2024-04-10 22:45:15.861  INFO [32m[][0;39m 50222 --- [restartedMain] trationDelegate$BeanPostProcessorChecker : Bean 'transactionConfig' of type [org.digitalcity.config.TransactionConfig$$SpringCGLIB$$0] is not eligible for getting processed by all BeanPostProcessors (for example: not eligible for auto-proxying)
2024-04-10 22:45:15.864  INFO [32m[][0;39m 50222 --- [restartedMain] trationDelegate$BeanPostProcessorChecker : Bean 'txAdvice' of type [org.springframework.transaction.interceptor.TransactionInterceptor] is not eligible for getting processed by all BeanPostProcessors (for example: not eligible for auto-proxying)
2024-04-10 22:45:15.864  INFO [32m[][0;39m 50222 --- [restartedMain] trationDelegate$BeanPostProcessorChecker : Bean 'advisor' of type [org.springframework.aop.support.DefaultPointcutAdvisor] is not eligible for getting processed by all BeanPostProcessors (for example: not eligible for auto-proxying)
2024-04-10 22:45:16.067  INFO [32m[][0;39m 50222 --- [restartedMain] o.s.b.w.embedded.tomcat.TomcatWebServer  : Tomcat initialized with port(s): 8080 (http)
2024-04-10 22:45:16.073  INFO [32m[][0;39m 50222 --- [restartedMain] o.a.coyote.http11.Http11NioProtocol      : Initializing ProtocolHandler ["http-nio-8080"]
2024-04-10 22:45:16.073  INFO [32m[][0;39m 50222 --- [restartedMain] o.apache.catalina.core.StandardService   : Starting service [Tomcat]
2024-04-10 22:45:16.074  INFO [32m[][0;39m 50222 --- [restartedMain] o.apache.catalina.core.StandardEngine    : Starting Servlet engine: [Apache Tomcat/10.1.5]
2024-04-10 22:45:16.103  INFO [32m[][0;39m 50222 --- [restartedMain] o.a.c.c.C.[Tomcat].[localhost].[/]       : Initializing Spring embedded WebApplicationContext
2024-04-10 22:45:16.103  INFO [32m[][0;39m 50222 --- [restartedMain] w.s.c.ServletWebServerApplicationContext : Root WebApplicationContext: initialization completed in 863 ms
2024-04-10 22:45:16.342  WARN [33m[][0;39m 50222 --- [restartedMain] c.b.m.core.metadata.TableInfoHelper      : This primary key of "id" is primitive !ä¸å»ºè®®å¦‚æ­¤è¯·ä½¿ç”¨åŒ…è£…ç±» in Class: "org.digitalcity.dao.entity.Attraction"
2024-04-10 22:45:16.414  WARN [33m[][0;39m 50222 --- [restartedMain] c.b.m.core.metadata.TableInfoHelper      : This primary key of "id" is primitive !ä¸å»ºè®®å¦‚æ­¤è¯·ä½¿ç”¨åŒ…è£…ç±» in Class: "org.digitalcity.dao.entity.Commerce"
2024-04-10 22:45:16.433  WARN [33m[][0;39m 50222 --- [restartedMain] c.b.m.core.metadata.TableInfoHelper      : This primary key of "id" is primitive !ä¸å»ºè®®å¦‚æ­¤è¯·ä½¿ç”¨åŒ…è£…ç±» in Class: "org.digitalcity.dao.entity.CircleInf"
2024-04-10 22:45:16.450  WARN [33m[][0;39m 50222 --- [restartedMain] c.b.m.core.metadata.TableInfoHelper      : This primary key of "id" is primitive !ä¸å»ºè®®å¦‚æ­¤è¯·ä½¿ç”¨åŒ…è£…ç±» in Class: "org.digitalcity.dao.entity.EmotionScore"
2024-04-10 22:45:16.461  WARN [33m[][0;39m 50222 --- [restartedMain] c.b.m.core.metadata.TableInfoHelper      : This primary key of "id" is primitive !ä¸å»ºè®®å¦‚æ­¤è¯·ä½¿ç”¨åŒ…è£…ç±» in Class: "org.digitalcity.dao.entity.Comment"
2024-04-10 22:45:16.474  WARN [33m[][0;39m 50222 --- [restartedMain] c.b.m.core.metadata.TableInfoHelper      : This primary key of "id" is primitive !ä¸å»ºè®®å¦‚æ­¤è¯·ä½¿ç”¨åŒ…è£…ç±» in Class: "org.digitalcity.dao.entity.Hospital"
2024-04-10 22:45:16.487  WARN [33m[][0;39m 50222 --- [restartedMain] c.b.m.core.metadata.TableInfoHelper      : This primary key of "id" is primitive !ä¸å»ºè®®å¦‚æ­¤è¯·ä½¿ç”¨åŒ…è£…ç±» in Class: "org.digitalcity.dao.entity.Bulletin"
2024-04-10 22:45:16.500  WARN [33m[][0;39m 50222 --- [restartedMain] c.b.m.core.metadata.TableInfoHelper      : This primary key of "id" is primitive !ä¸å»ºè®®å¦‚æ­¤è¯·ä½¿ç”¨åŒ…è£…ç±» in Class: "org.digitalcity.dao.entity.OldHome"
2024-04-10 22:45:16.513  WARN [33m[][0;39m 50222 --- [restartedMain] c.b.m.core.metadata.TableInfoHelper      : This primary key of "id" is primitive !ä¸å»ºè®®å¦‚æ­¤è¯·ä½¿ç”¨åŒ…è£…ç±» in Class: "org.digitalcity.dao.entity.PopulationStructure"
2024-04-10 22:45:16.526  WARN [33m[][0;39m 50222 --- [restartedMain] c.b.m.core.metadata.TableInfoHelper      : This primary key of "id" is primitive !ä¸å»ºè®®å¦‚æ­¤è¯·ä½¿ç”¨åŒ…è£…ç±» in Class: "org.digitalcity.dao.entity.Recreation"
2024-04-10 22:45:16.539  WARN [33m[][0;39m 50222 --- [restartedMain] c.b.m.core.metadata.TableInfoHelper      : This primary key of "id" is primitive !ä¸å»ºè®®å¦‚æ­¤è¯·ä½¿ç”¨åŒ…è£…ç±» in Class: "org.digitalcity.dao.entity.Site"
2024-04-10 22:45:16.551  WARN [33m[][0;39m 50222 --- [restartedMain] c.b.m.core.metadata.TableInfoHelper      : This primary key of "id" is primitive !ä¸å»ºè®®å¦‚æ­¤è¯·ä½¿ç”¨åŒ…è£…ç±» in Class: "org.digitalcity.dao.entity.TrafficFlow"
2024-04-10 22:45:16.563  WARN [33m[][0;39m 50222 --- [restartedMain] c.b.m.core.metadata.TableInfoHelper      : This primary key of "id" is primitive !ä¸å»ºè®®å¦‚æ­¤è¯·ä½¿ç”¨åŒ…è£…ç±» in Class: "org.digitalcity.dao.entity.TrafficStation"
2024-04-10 22:45:16.574  WARN [33m[][0;39m 50222 --- [restartedMain] c.b.m.core.metadata.TableInfoHelper      : This primary key of "id" is primitive !ä¸å»ºè®®å¦‚æ­¤è¯·ä½¿ç”¨åŒ…è£…ç±» in Class: "org.digitalcity.dao.entity.TrafficComment"
2024-04-10 22:45:16.592  WARN [33m[][0;39m 50222 --- [restartedMain] c.b.m.core.metadata.TableInfoHelper      : This primary key of "id" is primitive !ä¸å»ºè®®å¦‚æ­¤è¯·ä½¿ç”¨åŒ…è£…ç±» in Class: "org.digitalcity.dao.entity.Member"
2024-04-10 22:45:16.952  INFO [32m[][0;39m 50222 --- [restartedMain] o.s.b.d.a.OptionalLiveReloadServer       : LiveReload server is running on port 35729
2024-04-10 22:45:16.975  INFO [32m[][0;39m 50222 --- [restartedMain] o.a.coyote.http11.Http11NioProtocol      : Starting ProtocolHandler ["http-nio-8080"]
2024-04-10 22:45:16.984  INFO [32m[][0;39m 50222 --- [restartedMain] o.s.b.w.embedded.tomcat.TomcatWebServer  : Tomcat started on port(s): 8080 (http) with context path ''
2024-04-10 22:45:16.990  INFO [32m[][0;39m 50222 --- [restartedMain] org.digitalcity.ApplicationStarter       : Started ApplicationStarter in 2.025 seconds (process running for 2.419)
2024-04-10 22:45:41.207  INFO [32m[][0;39m 50222 --- [http-nio-8080-exec-2] o.a.c.c.C.[Tomcat].[localhost].[/]       : Initializing Spring DispatcherServlet 'dispatcherServlet'
2024-04-10 22:45:41.208  INFO [32m[][0;39m 50222 --- [http-nio-8080-exec-2] o.s.web.servlet.DispatcherServlet        : Initializing Servlet 'dispatcherServlet'
2024-04-10 22:45:41.209  INFO [32m[][0;39m 50222 --- [http-nio-8080-exec-2] o.s.web.servlet.DispatcherServlet        : Completed initialization in 1 ms
2024-04-10 22:45:41.298  INFO [32m[][0;39m 50222 --- [http-nio-8080-exec-2] com.alibaba.druid.pool.DruidDataSource   : {dataSource-1} inited
2024-04-10 22:46:06.519  INFO [32m[][0;39m 50222 --- [SpringApplicationShutdownHook] com.alibaba.druid.pool.DruidDataSource   : {dataSource-1} closing ...
2024-04-10 22:46:06.522  INFO [32m[][0;39m 50222 --- [SpringApplicationShutdownHook] com.alibaba.druid.pool.DruidDataSource   : {dataSource-1} closed
