2024-04-08 13:18:41.103  INFO [32m[][0;39m 92235 --- [background-preinit] o.h.validator.internal.util.Version      : HV000001: Hibernate Validator 8.0.0.Final
2024-04-08 13:18:41.123  INFO [32m[][0;39m 92235 --- [restartedMain] org.digitalcity.ApplicationStarter       : Starting ApplicationStarter using Java 17.0.4 with PID 92235 (/Users/marco/Workspace/source/java/digital_city/digital_city_web/build/classes/java/main started by marco in /Users/marco/Workspace/source/java/digital_city)
2024-04-08 13:18:41.123  INFO [32m[][0;39m 92235 --- [restartedMain] org.digitalcity.ApplicationStarter       : No active profile set, falling back to 1 default profile: "default"
2024-04-08 13:18:41.145  INFO [32m[][0;39m 92235 --- [restartedMain] .e.DevToolsPropertyDefaultsPostProcessor : Devtools property defaults active! Set 'spring.devtools.add-properties' to 'false' to disable
2024-04-08 13:18:41.145  INFO [32m[][0;39m 92235 --- [restartedMain] .e.DevToolsPropertyDefaultsPostProcessor : For additional web related logging consider setting the 'logging.level.web' property to 'DEBUG'
2024-04-08 13:18:41.541  INFO [32m[][0;39m 92235 --- [restartedMain] .s.d.r.c.RepositoryConfigurationDelegate : Multiple Spring Data modules found, entering strict repository configuration mode
2024-04-08 13:18:41.543  INFO [32m[][0;39m 92235 --- [restartedMain] .s.d.r.c.RepositoryConfigurationDelegate : Bootstrapping Spring Data Redis repositories in DEFAULT mode.
2024-04-08 13:18:41.564  INFO [32m[][0;39m 92235 --- [restartedMain] .s.d.r.c.RepositoryConfigurationDelegate : Finished Spring Data repository scanning in 12 ms. Found 0 Redis repository interfaces.
2024-04-08 13:18:41.771  INFO [32m[][0;39m 92235 --- [restartedMain] trationDelegate$BeanPostProcessorChecker : Bean 'org.springframework.boot.autoconfigure.jdbc.DataSourceTransactionManagerAutoConfiguration$JdbcTransactionManagerConfiguration' of type [org.springframework.boot.autoconfigure.jdbc.DataSourceTransactionManagerAutoConfiguration$JdbcTransactionManagerConfiguration] is not eligible for getting processed by all BeanPostProcessors (for example: not eligible for auto-proxying)
2024-04-08 13:18:41.773  INFO [32m[][0;39m 92235 --- [restartedMain] trationDelegate$BeanPostProcessorChecker : Bean 'org.springframework.boot.autoconfigure.jdbc.DataSourceConfiguration$Generic' of type [org.springframework.boot.autoconfigure.jdbc.DataSourceConfiguration$Generic] is not eligible for getting processed by all BeanPostProcessors (for example: not eligible for auto-proxying)
2024-04-08 13:18:41.789  INFO [32m[][0;39m 92235 --- [restartedMain] trationDelegate$BeanPostProcessorChecker : Bean 'spring.datasource-org.springframework.boot.autoconfigure.jdbc.DataSourceProperties' of type [org.springframework.boot.autoconfigure.jdbc.DataSourceProperties] is not eligible for getting processed by all BeanPostProcessors (for example: not eligible for auto-proxying)
2024-04-08 13:18:41.808  INFO [32m[][0;39m 92235 --- [restartedMain] trationDelegate$BeanPostProcessorChecker : Bean 'dataSource' of type [com.alibaba.druid.pool.DruidDataSource] is not eligible for getting processed by all BeanPostProcessors (for example: not eligible for auto-proxying)
2024-04-08 13:18:41.833  INFO [32m[][0;39m 92235 --- [restartedMain] trationDelegate$BeanPostProcessorChecker : Bean 'org.springframework.boot.autoconfigure.transaction.TransactionAutoConfiguration' of type [org.springframework.boot.autoconfigure.transaction.TransactionAutoConfiguration] is not eligible for getting processed by all BeanPostProcessors (for example: not eligible for auto-proxying)
2024-04-08 13:18:41.836  INFO [32m[][0;39m 92235 --- [restartedMain] trationDelegate$BeanPostProcessorChecker : Bean 'spring.transaction-org.springframework.boot.autoconfigure.transaction.TransactionProperties' of type [org.springframework.boot.autoconfigure.transaction.TransactionProperties] is not eligible for getting processed by all BeanPostProcessors (for example: not eligible for auto-proxying)
2024-04-08 13:18:41.837  INFO [32m[][0;39m 92235 --- [restartedMain] trationDelegate$BeanPostProcessorChecker : Bean 'platformTransactionManagerCustomizers' of type [org.springframework.boot.autoconfigure.transaction.TransactionManagerCustomizers] is not eligible for getting processed by all BeanPostProcessors (for example: not eligible for auto-proxying)
2024-04-08 13:18:41.839  INFO [32m[][0;39m 92235 --- [restartedMain] trationDelegate$BeanPostProcessorChecker : Bean 'transactionManager' of type [org.springframework.jdbc.support.JdbcTransactionManager] is not eligible for getting processed by all BeanPostProcessors (for example: not eligible for auto-proxying)
2024-04-08 13:18:41.840  INFO [32m[][0;39m 92235 --- [restartedMain] trationDelegate$BeanPostProcessorChecker : Bean 'transactionConfig' of type [org.digitalcity.config.TransactionConfig$$SpringCGLIB$$0] is not eligible for getting processed by all BeanPostProcessors (for example: not eligible for auto-proxying)
2024-04-08 13:18:41.844  INFO [32m[][0;39m 92235 --- [restartedMain] trationDelegate$BeanPostProcessorChecker : Bean 'txAdvice' of type [org.springframework.transaction.interceptor.TransactionInterceptor] is not eligible for getting processed by all BeanPostProcessors (for example: not eligible for auto-proxying)
2024-04-08 13:18:41.845  INFO [32m[][0;39m 92235 --- [restartedMain] trationDelegate$BeanPostProcessorChecker : Bean 'advisor' of type [org.springframework.aop.support.DefaultPointcutAdvisor] is not eligible for getting processed by all BeanPostProcessors (for example: not eligible for auto-proxying)
2024-04-08 13:18:42.089  INFO [32m[][0;39m 92235 --- [restartedMain] o.s.b.w.embedded.tomcat.TomcatWebServer  : Tomcat initialized with port(s): 8080 (http)
2024-04-08 13:18:42.096  INFO [32m[][0;39m 92235 --- [restartedMain] o.a.coyote.http11.Http11NioProtocol      : Initializing ProtocolHandler ["http-nio-8080"]
2024-04-08 13:18:42.096  INFO [32m[][0;39m 92235 --- [restartedMain] o.apache.catalina.core.StandardService   : Starting service [Tomcat]
2024-04-08 13:18:42.097  INFO [32m[][0;39m 92235 --- [restartedMain] o.apache.catalina.core.StandardEngine    : Starting Servlet engine: [Apache Tomcat/10.1.5]
2024-04-08 13:18:42.129  INFO [32m[][0;39m 92235 --- [restartedMain] o.a.c.c.C.[Tomcat].[localhost].[/]       : Initializing Spring embedded WebApplicationContext
2024-04-08 13:18:42.130  INFO [32m[][0;39m 92235 --- [restartedMain] w.s.c.ServletWebServerApplicationContext : Root WebApplicationContext: initialization completed in 985 ms
2024-04-08 13:18:42.382  WARN [33m[][0;39m 92235 --- [restartedMain] c.b.m.core.metadata.TableInfoHelper      : This primary key of "id" is primitive !ä¸å»ºè®®å¦‚æ­¤è¯·ä½¿ç”¨åŒ…è£…ç±» in Class: "org.digitalcity.dao.entity.Attraction"
2024-04-08 13:18:42.452  WARN [33m[][0;39m 92235 --- [restartedMain] c.b.m.core.metadata.TableInfoHelper      : This primary key of "id" is primitive !ä¸å»ºè®®å¦‚æ­¤è¯·ä½¿ç”¨åŒ…è£…ç±» in Class: "org.digitalcity.dao.entity.Commerce"
2024-04-08 13:18:42.469  WARN [33m[][0;39m 92235 --- [restartedMain] c.b.m.core.metadata.TableInfoHelper      : This primary key of "id" is primitive !ä¸å»ºè®®å¦‚æ­¤è¯·ä½¿ç”¨åŒ…è£…ç±» in Class: "org.digitalcity.dao.entity.CircleInf"
2024-04-08 13:18:42.482  WARN [33m[][0;39m 92235 --- [restartedMain] c.b.m.core.metadata.TableInfoHelper      : This primary key of "id" is primitive !ä¸å»ºè®®å¦‚æ­¤è¯·ä½¿ç”¨åŒ…è£…ç±» in Class: "org.digitalcity.dao.entity.EmotionScore"
2024-04-08 13:18:42.492  WARN [33m[][0;39m 92235 --- [restartedMain] c.b.m.core.metadata.TableInfoHelper      : This primary key of "id" is primitive !ä¸å»ºè®®å¦‚æ­¤è¯·ä½¿ç”¨åŒ…è£…ç±» in Class: "org.digitalcity.dao.entity.Comment"
2024-04-08 13:18:42.506  WARN [33m[][0;39m 92235 --- [restartedMain] c.b.m.core.metadata.TableInfoHelper      : This primary key of "id" is primitive !ä¸å»ºè®®å¦‚æ­¤è¯·ä½¿ç”¨åŒ…è£…ç±» in Class: "org.digitalcity.dao.entity.Hospital"
2024-04-08 13:18:42.517  WARN [33m[][0;39m 92235 --- [restartedMain] c.b.m.core.metadata.TableInfoHelper      : This primary key of "id" is primitive !ä¸å»ºè®®å¦‚æ­¤è¯·ä½¿ç”¨åŒ…è£…ç±» in Class: "org.digitalcity.dao.entity.Bulletin"
2024-04-08 13:18:42.529  WARN [33m[][0;39m 92235 --- [restartedMain] c.b.m.core.metadata.TableInfoHelper      : This primary key of "id" is primitive !ä¸å»ºè®®å¦‚æ­¤è¯·ä½¿ç”¨åŒ…è£…ç±» in Class: "org.digitalcity.dao.entity.OldHome"
2024-04-08 13:18:42.539  WARN [33m[][0;39m 92235 --- [restartedMain] c.b.m.core.metadata.TableInfoHelper      : This primary key of "id" is primitive !ä¸å»ºè®®å¦‚æ­¤è¯·ä½¿ç”¨åŒ…è£…ç±» in Class: "org.digitalcity.dao.entity.PopulationStructure"
2024-04-08 13:18:42.550  WARN [33m[][0;39m 92235 --- [restartedMain] c.b.m.core.metadata.TableInfoHelper      : This primary key of "id" is primitive !ä¸å»ºè®®å¦‚æ­¤è¯·ä½¿ç”¨åŒ…è£…ç±» in Class: "org.digitalcity.dao.entity.Recreation"
2024-04-08 13:18:42.562  WARN [33m[][0;39m 92235 --- [restartedMain] c.b.m.core.metadata.TableInfoHelper      : This primary key of "id" is primitive !ä¸å»ºè®®å¦‚æ­¤è¯·ä½¿ç”¨åŒ…è£…ç±» in Class: "org.digitalcity.dao.entity.Site"
2024-04-08 13:18:42.573  WARN [33m[][0;39m 92235 --- [restartedMain] c.b.m.core.metadata.TableInfoHelper      : This primary key of "id" is primitive !ä¸å»ºè®®å¦‚æ­¤è¯·ä½¿ç”¨åŒ…è£…ç±» in Class: "org.digitalcity.dao.entity.TrafficFlow"
2024-04-08 13:18:42.582  WARN [33m[][0;39m 92235 --- [restartedMain] c.b.m.core.metadata.TableInfoHelper      : This primary key of "id" is primitive !ä¸å»ºè®®å¦‚æ­¤è¯·ä½¿ç”¨åŒ…è£…ç±» in Class: "org.digitalcity.dao.entity.TrafficStation"
2024-04-08 13:18:42.592  WARN [33m[][0;39m 92235 --- [restartedMain] c.b.m.core.metadata.TableInfoHelper      : This primary key of "id" is primitive !ä¸å»ºè®®å¦‚æ­¤è¯·ä½¿ç”¨åŒ…è£…ç±» in Class: "org.digitalcity.dao.entity.TrafficComment"
2024-04-08 13:18:42.606  WARN [33m[][0;39m 92235 --- [restartedMain] c.b.m.core.metadata.TableInfoHelper      : This primary key of "id" is primitive !ä¸å»ºè®®å¦‚æ­¤è¯·ä½¿ç”¨åŒ…è£…ç±» in Class: "org.digitalcity.dao.entity.Member"
2024-04-08 13:18:43.011  INFO [32m[][0;39m 92235 --- [restartedMain] o.s.b.d.a.OptionalLiveReloadServer       : LiveReload server is running on port 35729
2024-04-08 13:18:43.039  INFO [32m[][0;39m 92235 --- [restartedMain] o.a.coyote.http11.Http11NioProtocol      : Starting ProtocolHandler ["http-nio-8080"]
2024-04-08 13:18:43.053  INFO [32m[][0;39m 92235 --- [restartedMain] o.s.b.w.embedded.tomcat.TomcatWebServer  : Tomcat started on port(s): 8080 (http) with context path ''
2024-04-08 13:18:43.060  INFO [32m[][0;39m 92235 --- [restartedMain] org.digitalcity.ApplicationStarter       : Started ApplicationStarter in 2.184 seconds (process running for 2.465)
2024-04-08 13:19:24.398  INFO [32m[][0;39m 92235 --- [http-nio-8080-exec-2] o.a.c.c.C.[Tomcat].[localhost].[/]       : Initializing Spring DispatcherServlet 'dispatcherServlet'
2024-04-08 13:19:24.399  INFO [32m[][0;39m 92235 --- [http-nio-8080-exec-2] o.s.web.servlet.DispatcherServlet        : Initializing Servlet 'dispatcherServlet'
2024-04-08 13:19:24.400  INFO [32m[][0;39m 92235 --- [http-nio-8080-exec-2] o.s.web.servlet.DispatcherServlet        : Completed initialization in 1 ms
2024-04-08 13:19:24.469  INFO [32m[][0;39m 92235 --- [http-nio-8080-exec-2] com.alibaba.druid.pool.DruidDataSource   : {dataSource-1} inited
2024-04-08 13:20:34.466  INFO [32m[][0;39m 92235 --- [SpringApplicationShutdownHook] com.alibaba.druid.pool.DruidDataSource   : {dataSource-1} closing ...
2024-04-08 13:20:34.469  INFO [32m[][0;39m 92235 --- [SpringApplicationShutdownHook] com.alibaba.druid.pool.DruidDataSource   : {dataSource-1} closed
