2024-05-22 09:27:10.418  INFO [32m[][0;39m 45421 --- [background-preinit] o.h.validator.internal.util.Version      : HV000001: Hibernate Validator 8.0.0.Final
2024-05-22 09:27:10.434  INFO [32m[][0;39m 45421 --- [restartedMain] org.digitalcity.ApplicationStarter       : Starting ApplicationStarter using Java 17.0.4 with PID 45421 (/Users/marco/Workspace/source/java/digital_city/digital_city_web/build/classes/java/main started by marco in /Users/marco/Workspace/source/java/digital_city)
2024-05-22 09:27:10.435  INFO [32m[][0;39m 45421 --- [restartedMain] org.digitalcity.ApplicationStarter       : No active profile set, falling back to 1 default profile: "default"
2024-05-22 09:27:10.457  INFO [32m[][0;39m 45421 --- [restartedMain] .e.DevToolsPropertyDefaultsPostProcessor : Devtools property defaults active! Set 'spring.devtools.add-properties' to 'false' to disable
2024-05-22 09:27:10.457  INFO [32m[][0;39m 45421 --- [restartedMain] .e.DevToolsPropertyDefaultsPostProcessor : For additional web related logging consider setting the 'logging.level.web' property to 'DEBUG'
2024-05-22 09:27:10.812  INFO [32m[][0;39m 45421 --- [restartedMain] .s.d.r.c.RepositoryConfigurationDelegate : Multiple Spring Data modules found, entering strict repository configuration mode
2024-05-22 09:27:10.814  INFO [32m[][0;39m 45421 --- [restartedMain] .s.d.r.c.RepositoryConfigurationDelegate : Bootstrapping Spring Data Redis repositories in DEFAULT mode.
2024-05-22 09:27:10.832  INFO [32m[][0;39m 45421 --- [restartedMain] .s.d.r.c.RepositoryConfigurationDelegate : Finished Spring Data repository scanning in 11 ms. Found 0 Redis repository interfaces.
2024-05-22 09:27:11.045  INFO [32m[][0;39m 45421 --- [restartedMain] trationDelegate$BeanPostProcessorChecker : Bean 'org.springframework.boot.autoconfigure.jdbc.DataSourceTransactionManagerAutoConfiguration$JdbcTransactionManagerConfiguration' of type [org.springframework.boot.autoconfigure.jdbc.DataSourceTransactionManagerAutoConfiguration$JdbcTransactionManagerConfiguration] is not eligible for getting processed by all BeanPostProcessors (for example: not eligible for auto-proxying)
2024-05-22 09:27:11.048  INFO [32m[][0;39m 45421 --- [restartedMain] trationDelegate$BeanPostProcessorChecker : Bean 'org.springframework.boot.autoconfigure.jdbc.DataSourceConfiguration$Generic' of type [org.springframework.boot.autoconfigure.jdbc.DataSourceConfiguration$Generic] is not eligible for getting processed by all BeanPostProcessors (for example: not eligible for auto-proxying)
2024-05-22 09:27:11.061  INFO [32m[][0;39m 45421 --- [restartedMain] trationDelegate$BeanPostProcessorChecker : Bean 'spring.datasource-org.springframework.boot.autoconfigure.jdbc.DataSourceProperties' of type [org.springframework.boot.autoconfigure.jdbc.DataSourceProperties] is not eligible for getting processed by all BeanPostProcessors (for example: not eligible for auto-proxying)
2024-05-22 09:27:11.079  INFO [32m[][0;39m 45421 --- [restartedMain] trationDelegate$BeanPostProcessorChecker : Bean 'dataSource' of type [com.alibaba.druid.pool.DruidDataSource] is not eligible for getting processed by all BeanPostProcessors (for example: not eligible for auto-proxying)
2024-05-22 09:27:11.104  INFO [32m[][0;39m 45421 --- [restartedMain] trationDelegate$BeanPostProcessorChecker : Bean 'org.springframework.boot.autoconfigure.transaction.TransactionAutoConfiguration' of type [org.springframework.boot.autoconfigure.transaction.TransactionAutoConfiguration] is not eligible for getting processed by all BeanPostProcessors (for example: not eligible for auto-proxying)
2024-05-22 09:27:11.107  INFO [32m[][0;39m 45421 --- [restartedMain] trationDelegate$BeanPostProcessorChecker : Bean 'spring.transaction-org.springframework.boot.autoconfigure.transaction.TransactionProperties' of type [org.springframework.boot.autoconfigure.transaction.TransactionProperties] is not eligible for getting processed by all BeanPostProcessors (for example: not eligible for auto-proxying)
2024-05-22 09:27:11.107  INFO [32m[][0;39m 45421 --- [restartedMain] trationDelegate$BeanPostProcessorChecker : Bean 'platformTransactionManagerCustomizers' of type [org.springframework.boot.autoconfigure.transaction.TransactionManagerCustomizers] is not eligible for getting processed by all BeanPostProcessors (for example: not eligible for auto-proxying)
2024-05-22 09:27:11.109  INFO [32m[][0;39m 45421 --- [restartedMain] trationDelegate$BeanPostProcessorChecker : Bean 'transactionManager' of type [org.springframework.jdbc.support.JdbcTransactionManager] is not eligible for getting processed by all BeanPostProcessors (for example: not eligible for auto-proxying)
2024-05-22 09:27:11.111  INFO [32m[][0;39m 45421 --- [restartedMain] trationDelegate$BeanPostProcessorChecker : Bean 'transactionConfig' of type [org.digitalcity.config.TransactionConfig$$SpringCGLIB$$0] is not eligible for getting processed by all BeanPostProcessors (for example: not eligible for auto-proxying)
2024-05-22 09:27:11.115  INFO [32m[][0;39m 45421 --- [restartedMain] trationDelegate$BeanPostProcessorChecker : Bean 'txAdvice' of type [org.springframework.transaction.interceptor.TransactionInterceptor] is not eligible for getting processed by all BeanPostProcessors (for example: not eligible for auto-proxying)
2024-05-22 09:27:11.116  INFO [32m[][0;39m 45421 --- [restartedMain] trationDelegate$BeanPostProcessorChecker : Bean 'advisor' of type [org.springframework.aop.support.DefaultPointcutAdvisor] is not eligible for getting processed by all BeanPostProcessors (for example: not eligible for auto-proxying)
2024-05-22 09:27:11.336  INFO [32m[][0;39m 45421 --- [restartedMain] o.s.b.w.embedded.tomcat.TomcatWebServer  : Tomcat initialized with port(s): 8080 (http)
2024-05-22 09:27:11.342  INFO [32m[][0;39m 45421 --- [restartedMain] o.a.coyote.http11.Http11NioProtocol      : Initializing ProtocolHandler ["http-nio-8080"]
2024-05-22 09:27:11.343  INFO [32m[][0;39m 45421 --- [restartedMain] o.apache.catalina.core.StandardService   : Starting service [Tomcat]
2024-05-22 09:27:11.343  INFO [32m[][0;39m 45421 --- [restartedMain] o.apache.catalina.core.StandardEngine    : Starting Servlet engine: [Apache Tomcat/10.1.5]
2024-05-22 09:27:11.372  INFO [32m[][0;39m 45421 --- [restartedMain] o.a.c.c.C.[Tomcat].[localhost].[/]       : Initializing Spring embedded WebApplicationContext
2024-05-22 09:27:11.372  INFO [32m[][0;39m 45421 --- [restartedMain] w.s.c.ServletWebServerApplicationContext : Root WebApplicationContext: initialization completed in 915 ms
2024-05-22 09:27:11.606  WARN [33m[][0;39m 45421 --- [restartedMain] c.b.m.core.metadata.TableInfoHelper      : This primary key of "id" is primitive !ä¸å»ºè®®å¦‚æ­¤è¯·ä½¿ç”¨åŒ…è£…ç±» in Class: "org.digitalcity.dao.entity.Attraction"
2024-05-22 09:27:11.670  WARN [33m[][0;39m 45421 --- [restartedMain] c.b.m.core.metadata.TableInfoHelper      : This primary key of "id" is primitive !ä¸å»ºè®®å¦‚æ­¤è¯·ä½¿ç”¨åŒ…è£…ç±» in Class: "org.digitalcity.dao.entity.Commerce"
2024-05-22 09:27:11.688  WARN [33m[][0;39m 45421 --- [restartedMain] c.b.m.core.metadata.TableInfoHelper      : This primary key of "id" is primitive !ä¸å»ºè®®å¦‚æ­¤è¯·ä½¿ç”¨åŒ…è£…ç±» in Class: "org.digitalcity.dao.entity.CircleInf"
2024-05-22 09:27:11.706  WARN [33m[][0;39m 45421 --- [restartedMain] c.b.m.core.metadata.TableInfoHelper      : This primary key of "id" is primitive !ä¸å»ºè®®å¦‚æ­¤è¯·ä½¿ç”¨åŒ…è£…ç±» in Class: "org.digitalcity.dao.entity.EmotionScore"
2024-05-22 09:27:11.720  WARN [33m[][0;39m 45421 --- [restartedMain] c.b.m.core.metadata.TableInfoHelper      : This primary key of "id" is primitive !ä¸å»ºè®®å¦‚æ­¤è¯·ä½¿ç”¨åŒ…è£…ç±» in Class: "org.digitalcity.dao.entity.Comment"
2024-05-22 09:27:11.738  WARN [33m[][0;39m 45421 --- [restartedMain] c.b.m.core.metadata.TableInfoHelper      : This primary key of "id" is primitive !ä¸å»ºè®®å¦‚æ­¤è¯·ä½¿ç”¨åŒ…è£…ç±» in Class: "org.digitalcity.dao.entity.Hospital"
2024-05-22 09:27:11.755  WARN [33m[][0;39m 45421 --- [restartedMain] c.b.m.core.metadata.TableInfoHelper      : This primary key of "id" is primitive !ä¸å»ºè®®å¦‚æ­¤è¯·ä½¿ç”¨åŒ…è£…ç±» in Class: "org.digitalcity.dao.entity.Bulletin"
2024-05-22 09:27:11.770  WARN [33m[][0;39m 45421 --- [restartedMain] c.b.m.core.metadata.TableInfoHelper      : This primary key of "id" is primitive !ä¸å»ºè®®å¦‚æ­¤è¯·ä½¿ç”¨åŒ…è£…ç±» in Class: "org.digitalcity.dao.entity.OldHome"
2024-05-22 09:27:11.785  WARN [33m[][0;39m 45421 --- [restartedMain] c.b.m.core.metadata.TableInfoHelper      : This primary key of "id" is primitive !ä¸å»ºè®®å¦‚æ­¤è¯·ä½¿ç”¨åŒ…è£…ç±» in Class: "org.digitalcity.dao.entity.PopulationStructure"
2024-05-22 09:27:11.800  WARN [33m[][0;39m 45421 --- [restartedMain] c.b.m.core.metadata.TableInfoHelper      : This primary key of "id" is primitive !ä¸å»ºè®®å¦‚æ­¤è¯·ä½¿ç”¨åŒ…è£…ç±» in Class: "org.digitalcity.dao.entity.Recreation"
2024-05-22 09:27:11.815  WARN [33m[][0;39m 45421 --- [restartedMain] c.b.m.core.metadata.TableInfoHelper      : This primary key of "id" is primitive !ä¸å»ºè®®å¦‚æ­¤è¯·ä½¿ç”¨åŒ…è£…ç±» in Class: "org.digitalcity.dao.entity.Site"
2024-05-22 09:27:11.830  WARN [33m[][0;39m 45421 --- [restartedMain] c.b.m.core.metadata.TableInfoHelper      : This primary key of "id" is primitive !ä¸å»ºè®®å¦‚æ­¤è¯·ä½¿ç”¨åŒ…è£…ç±» in Class: "org.digitalcity.dao.entity.TrafficFlow"
2024-05-22 09:27:11.840  WARN [33m[][0;39m 45421 --- [restartedMain] c.b.m.core.metadata.TableInfoHelper      : This primary key of "id" is primitive !ä¸å»ºè®®å¦‚æ­¤è¯·ä½¿ç”¨åŒ…è£…ç±» in Class: "org.digitalcity.dao.entity.TrafficStation"
2024-05-22 09:27:11.852  WARN [33m[][0;39m 45421 --- [restartedMain] c.b.m.core.metadata.TableInfoHelper      : This primary key of "id" is primitive !ä¸å»ºè®®å¦‚æ­¤è¯·ä½¿ç”¨åŒ…è£…ç±» in Class: "org.digitalcity.dao.entity.TrafficComment"
2024-05-22 09:27:11.869  WARN [33m[][0;39m 45421 --- [restartedMain] c.b.m.core.metadata.TableInfoHelper      : This primary key of "id" is primitive !ä¸å»ºè®®å¦‚æ­¤è¯·ä½¿ç”¨åŒ…è£…ç±» in Class: "org.digitalcity.dao.entity.Member"
2024-05-22 09:27:12.256  INFO [32m[][0;39m 45421 --- [restartedMain] o.s.b.d.a.OptionalLiveReloadServer       : LiveReload server is running on port 35729
2024-05-22 09:27:12.280  INFO [32m[][0;39m 45421 --- [restartedMain] o.a.coyote.http11.Http11NioProtocol      : Starting ProtocolHandler ["http-nio-8080"]
2024-05-22 09:27:12.288  INFO [32m[][0;39m 45421 --- [restartedMain] o.s.b.w.embedded.tomcat.TomcatWebServer  : Tomcat started on port(s): 8080 (http) with context path ''
2024-05-22 09:27:12.295  INFO [32m[][0;39m 45421 --- [restartedMain] org.digitalcity.ApplicationStarter       : Started ApplicationStarter in 2.071 seconds (process running for 2.356)
2024-05-22 09:27:29.698  INFO [32m[][0;39m 45421 --- [http-nio-8080-exec-1] o.a.c.c.C.[Tomcat].[localhost].[/]       : Initializing Spring DispatcherServlet 'dispatcherServlet'
2024-05-22 09:27:29.699  INFO [32m[][0;39m 45421 --- [http-nio-8080-exec-1] o.s.web.servlet.DispatcherServlet        : Initializing Servlet 'dispatcherServlet'
2024-05-22 09:27:29.700  INFO [32m[][0;39m 45421 --- [http-nio-8080-exec-1] o.s.web.servlet.DispatcherServlet        : Completed initialization in 1 ms
2024-05-22 09:27:29.765  INFO [32m[][0;39m 45421 --- [http-nio-8080-exec-1] com.alibaba.druid.pool.DruidDataSource   : {dataSource-1} inited
2024-05-22 09:27:36.190  INFO [32m[][0;39m 45421 --- [SpringApplicationShutdownHook] com.alibaba.druid.pool.DruidDataSource   : {dataSource-1} closing ...
2024-05-22 09:27:36.192  INFO [32m[][0;39m 45421 --- [SpringApplicationShutdownHook] com.alibaba.druid.pool.DruidDataSource   : {dataSource-1} closed
