2024-03-25 19:10:30.373  INFO [32m[][0;39m 21376 --- [background-preinit] o.h.validator.internal.util.Version      : HV000001: Hibernate Validator 8.0.0.Final
2024-03-25 19:10:30.391  INFO [32m[][0;39m 21376 --- [restartedMain] org.digitalcity.ApplicationStarter       : Starting ApplicationStarter using Java 17.0.4 with PID 21376 (/Users/marco/Workspace/source/java/digital_city/digital_city_web/build/classes/java/main started by marco in /Users/marco/Workspace/source/java/digital_city)
2024-03-25 19:10:30.391  INFO [32m[][0;39m 21376 --- [restartedMain] org.digitalcity.ApplicationStarter       : No active profile set, falling back to 1 default profile: "default"
2024-03-25 19:10:30.412  INFO [32m[][0;39m 21376 --- [restartedMain] .e.DevToolsPropertyDefaultsPostProcessor : Devtools property defaults active! Set 'spring.devtools.add-properties' to 'false' to disable
2024-03-25 19:10:30.412  INFO [32m[][0;39m 21376 --- [restartedMain] .e.DevToolsPropertyDefaultsPostProcessor : For additional web related logging consider setting the 'logging.level.web' property to 'DEBUG'
2024-03-25 19:10:30.763  INFO [32m[][0;39m 21376 --- [restartedMain] .s.d.r.c.RepositoryConfigurationDelegate : Multiple Spring Data modules found, entering strict repository configuration mode
2024-03-25 19:10:30.764  INFO [32m[][0;39m 21376 --- [restartedMain] .s.d.r.c.RepositoryConfigurationDelegate : Bootstrapping Spring Data Redis repositories in DEFAULT mode.
2024-03-25 19:10:30.781  INFO [32m[][0;39m 21376 --- [restartedMain] .s.d.r.c.RepositoryConfigurationDelegate : Finished Spring Data repository scanning in 9 ms. Found 0 Redis repository interfaces.
2024-03-25 19:10:30.982  INFO [32m[][0;39m 21376 --- [restartedMain] trationDelegate$BeanPostProcessorChecker : Bean 'org.springframework.boot.autoconfigure.jdbc.DataSourceTransactionManagerAutoConfiguration$JdbcTransactionManagerConfiguration' of type [org.springframework.boot.autoconfigure.jdbc.DataSourceTransactionManagerAutoConfiguration$JdbcTransactionManagerConfiguration] is not eligible for getting processed by all BeanPostProcessors (for example: not eligible for auto-proxying)
2024-03-25 19:10:30.984  INFO [32m[][0;39m 21376 --- [restartedMain] trationDelegate$BeanPostProcessorChecker : Bean 'org.springframework.boot.autoconfigure.jdbc.DataSourceConfiguration$Generic' of type [org.springframework.boot.autoconfigure.jdbc.DataSourceConfiguration$Generic] is not eligible for getting processed by all BeanPostProcessors (for example: not eligible for auto-proxying)
2024-03-25 19:10:30.997  INFO [32m[][0;39m 21376 --- [restartedMain] trationDelegate$BeanPostProcessorChecker : Bean 'spring.datasource-org.springframework.boot.autoconfigure.jdbc.DataSourceProperties' of type [org.springframework.boot.autoconfigure.jdbc.DataSourceProperties] is not eligible for getting processed by all BeanPostProcessors (for example: not eligible for auto-proxying)
2024-03-25 19:10:31.019  INFO [32m[][0;39m 21376 --- [restartedMain] trationDelegate$BeanPostProcessorChecker : Bean 'dataSource' of type [com.alibaba.druid.pool.DruidDataSource] is not eligible for getting processed by all BeanPostProcessors (for example: not eligible for auto-proxying)
2024-03-25 19:10:31.045  INFO [32m[][0;39m 21376 --- [restartedMain] trationDelegate$BeanPostProcessorChecker : Bean 'org.springframework.boot.autoconfigure.transaction.TransactionAutoConfiguration' of type [org.springframework.boot.autoconfigure.transaction.TransactionAutoConfiguration] is not eligible for getting processed by all BeanPostProcessors (for example: not eligible for auto-proxying)
2024-03-25 19:10:31.048  INFO [32m[][0;39m 21376 --- [restartedMain] trationDelegate$BeanPostProcessorChecker : Bean 'spring.transaction-org.springframework.boot.autoconfigure.transaction.TransactionProperties' of type [org.springframework.boot.autoconfigure.transaction.TransactionProperties] is not eligible for getting processed by all BeanPostProcessors (for example: not eligible for auto-proxying)
2024-03-25 19:10:31.049  INFO [32m[][0;39m 21376 --- [restartedMain] trationDelegate$BeanPostProcessorChecker : Bean 'platformTransactionManagerCustomizers' of type [org.springframework.boot.autoconfigure.transaction.TransactionManagerCustomizers] is not eligible for getting processed by all BeanPostProcessors (for example: not eligible for auto-proxying)
2024-03-25 19:10:31.051  INFO [32m[][0;39m 21376 --- [restartedMain] trationDelegate$BeanPostProcessorChecker : Bean 'transactionManager' of type [org.springframework.jdbc.support.JdbcTransactionManager] is not eligible for getting processed by all BeanPostProcessors (for example: not eligible for auto-proxying)
2024-03-25 19:10:31.053  INFO [32m[][0;39m 21376 --- [restartedMain] trationDelegate$BeanPostProcessorChecker : Bean 'transactionConfig' of type [org.digitalcity.config.TransactionConfig$$SpringCGLIB$$0] is not eligible for getting processed by all BeanPostProcessors (for example: not eligible for auto-proxying)
2024-03-25 19:10:31.057  INFO [32m[][0;39m 21376 --- [restartedMain] trationDelegate$BeanPostProcessorChecker : Bean 'txAdvice' of type [org.springframework.transaction.interceptor.TransactionInterceptor] is not eligible for getting processed by all BeanPostProcessors (for example: not eligible for auto-proxying)
2024-03-25 19:10:31.057  INFO [32m[][0;39m 21376 --- [restartedMain] trationDelegate$BeanPostProcessorChecker : Bean 'advisor' of type [org.springframework.aop.support.DefaultPointcutAdvisor] is not eligible for getting processed by all BeanPostProcessors (for example: not eligible for auto-proxying)
2024-03-25 19:10:31.267  INFO [32m[][0;39m 21376 --- [restartedMain] o.s.b.w.embedded.tomcat.TomcatWebServer  : Tomcat initialized with port(s): 8080 (http)
2024-03-25 19:10:31.273  INFO [32m[][0;39m 21376 --- [restartedMain] o.a.coyote.http11.Http11NioProtocol      : Initializing ProtocolHandler ["http-nio-8080"]
2024-03-25 19:10:31.274  INFO [32m[][0;39m 21376 --- [restartedMain] o.apache.catalina.core.StandardService   : Starting service [Tomcat]
2024-03-25 19:10:31.274  INFO [32m[][0;39m 21376 --- [restartedMain] o.apache.catalina.core.StandardEngine    : Starting Servlet engine: [Apache Tomcat/10.1.5]
2024-03-25 19:10:31.301  INFO [32m[][0;39m 21376 --- [restartedMain] o.a.c.c.C.[Tomcat].[localhost].[/]       : Initializing Spring embedded WebApplicationContext
2024-03-25 19:10:31.301  INFO [32m[][0;39m 21376 --- [restartedMain] w.s.c.ServletWebServerApplicationContext : Root WebApplicationContext: initialization completed in 888 ms
2024-03-25 19:10:31.525  WARN [33m[][0;39m 21376 --- [restartedMain] c.b.m.core.metadata.TableInfoHelper      : This primary key of "id" is primitive !不建议如此请使用包装类 in Class: "org.digitalcity.dao.entity.Attraction"
2024-03-25 19:10:31.597  WARN [33m[][0;39m 21376 --- [restartedMain] c.b.m.core.metadata.TableInfoHelper      : This primary key of "id" is primitive !不建议如此请使用包装类 in Class: "org.digitalcity.dao.entity.EmotionScore"
2024-03-25 19:10:31.613  WARN [33m[][0;39m 21376 --- [restartedMain] c.b.m.core.metadata.TableInfoHelper      : This primary key of "id" is primitive !不建议如此请使用包装类 in Class: "org.digitalcity.dao.entity.Hospital"
2024-03-25 19:10:31.627  WARN [33m[][0;39m 21376 --- [restartedMain] c.b.m.core.metadata.TableInfoHelper      : This primary key of "id" is primitive !不建议如此请使用包装类 in Class: "org.digitalcity.dao.entity.Bulletin"
2024-03-25 19:10:31.639  WARN [33m[][0;39m 21376 --- [restartedMain] c.b.m.core.metadata.TableInfoHelper      : This primary key of "id" is primitive !不建议如此请使用包装类 in Class: "org.digitalcity.dao.entity.TrafficStation"
2024-03-25 19:10:31.658  WARN [33m[][0;39m 21376 --- [restartedMain] c.b.m.core.metadata.TableInfoHelper      : This primary key of "id" is primitive !不建议如此请使用包装类 in Class: "org.digitalcity.dao.entity.Member"
2024-03-25 19:10:32.001  INFO [32m[][0;39m 21376 --- [restartedMain] o.s.b.d.a.OptionalLiveReloadServer       : LiveReload server is running on port 35729
2024-03-25 19:10:32.022  INFO [32m[][0;39m 21376 --- [restartedMain] o.a.coyote.http11.Http11NioProtocol      : Starting ProtocolHandler ["http-nio-8080"]
2024-03-25 19:10:32.030  INFO [32m[][0;39m 21376 --- [restartedMain] o.s.b.w.embedded.tomcat.TomcatWebServer  : Tomcat started on port(s): 8080 (http) with context path ''
2024-03-25 19:10:32.036  INFO [32m[][0;39m 21376 --- [restartedMain] org.digitalcity.ApplicationStarter       : Started ApplicationStarter in 1.905 seconds (process running for 2.298)
2024-03-25 19:11:19.735  INFO [32m[][0;39m 21376 --- [SpringApplicationShutdownHook] com.alibaba.druid.pool.DruidDataSource   : {dataSource-0} closing ...
2024-03-25 19:11:21.725  INFO [32m[][0;39m 21390 --- [background-preinit] o.h.validator.internal.util.Version      : HV000001: Hibernate Validator 8.0.0.Final
2024-03-25 19:11:21.786  INFO [32m[][0;39m 21390 --- [restartedMain] org.digitalcity.ApplicationStarter       : Starting ApplicationStarter using Java 17.0.4 with PID 21390 (/Users/marco/Workspace/source/java/digital_city/digital_city_web/build/classes/java/main started by marco in /Users/marco/Workspace/source/java/digital_city)
2024-03-25 19:11:21.788  INFO [32m[][0;39m 21390 --- [restartedMain] org.digitalcity.ApplicationStarter       : No active profile set, falling back to 1 default profile: "default"
2024-03-25 19:11:21.881  INFO [32m[][0;39m 21390 --- [restartedMain] .e.DevToolsPropertyDefaultsPostProcessor : Devtools property defaults active! Set 'spring.devtools.add-properties' to 'false' to disable
2024-03-25 19:11:21.884  INFO [32m[][0;39m 21390 --- [restartedMain] .e.DevToolsPropertyDefaultsPostProcessor : For additional web related logging consider setting the 'logging.level.web' property to 'DEBUG'
2024-03-25 19:11:22.268  INFO [32m[][0;39m 21390 --- [restartedMain] .s.d.r.c.RepositoryConfigurationDelegate : Multiple Spring Data modules found, entering strict repository configuration mode
2024-03-25 19:11:22.269  INFO [32m[][0;39m 21390 --- [restartedMain] .s.d.r.c.RepositoryConfigurationDelegate : Bootstrapping Spring Data Redis repositories in DEFAULT mode.
2024-03-25 19:11:22.285  INFO [32m[][0;39m 21390 --- [restartedMain] .s.d.r.c.RepositoryConfigurationDelegate : Finished Spring Data repository scanning in 9 ms. Found 0 Redis repository interfaces.
2024-03-25 19:11:22.492  INFO [32m[][0;39m 21390 --- [restartedMain] trationDelegate$BeanPostProcessorChecker : Bean 'org.springframework.boot.autoconfigure.jdbc.DataSourceTransactionManagerAutoConfiguration$JdbcTransactionManagerConfiguration' of type [org.springframework.boot.autoconfigure.jdbc.DataSourceTransactionManagerAutoConfiguration$JdbcTransactionManagerConfiguration] is not eligible for getting processed by all BeanPostProcessors (for example: not eligible for auto-proxying)
2024-03-25 19:11:22.494  INFO [32m[][0;39m 21390 --- [restartedMain] trationDelegate$BeanPostProcessorChecker : Bean 'org.springframework.boot.autoconfigure.jdbc.DataSourceConfiguration$Generic' of type [org.springframework.boot.autoconfigure.jdbc.DataSourceConfiguration$Generic] is not eligible for getting processed by all BeanPostProcessors (for example: not eligible for auto-proxying)
2024-03-25 19:11:22.510  INFO [32m[][0;39m 21390 --- [restartedMain] trationDelegate$BeanPostProcessorChecker : Bean 'spring.datasource-org.springframework.boot.autoconfigure.jdbc.DataSourceProperties' of type [org.springframework.boot.autoconfigure.jdbc.DataSourceProperties] is not eligible for getting processed by all BeanPostProcessors (for example: not eligible for auto-proxying)
2024-03-25 19:11:22.528  INFO [32m[][0;39m 21390 --- [restartedMain] trationDelegate$BeanPostProcessorChecker : Bean 'dataSource' of type [com.alibaba.druid.pool.DruidDataSource] is not eligible for getting processed by all BeanPostProcessors (for example: not eligible for auto-proxying)
2024-03-25 19:11:22.552  INFO [32m[][0;39m 21390 --- [restartedMain] trationDelegate$BeanPostProcessorChecker : Bean 'org.springframework.boot.autoconfigure.transaction.TransactionAutoConfiguration' of type [org.springframework.boot.autoconfigure.transaction.TransactionAutoConfiguration] is not eligible for getting processed by all BeanPostProcessors (for example: not eligible for auto-proxying)
2024-03-25 19:11:22.555  INFO [32m[][0;39m 21390 --- [restartedMain] trationDelegate$BeanPostProcessorChecker : Bean 'spring.transaction-org.springframework.boot.autoconfigure.transaction.TransactionProperties' of type [org.springframework.boot.autoconfigure.transaction.TransactionProperties] is not eligible for getting processed by all BeanPostProcessors (for example: not eligible for auto-proxying)
2024-03-25 19:11:22.556  INFO [32m[][0;39m 21390 --- [restartedMain] trationDelegate$BeanPostProcessorChecker : Bean 'platformTransactionManagerCustomizers' of type [org.springframework.boot.autoconfigure.transaction.TransactionManagerCustomizers] is not eligible for getting processed by all BeanPostProcessors (for example: not eligible for auto-proxying)
2024-03-25 19:11:22.558  INFO [32m[][0;39m 21390 --- [restartedMain] trationDelegate$BeanPostProcessorChecker : Bean 'transactionManager' of type [org.springframework.jdbc.support.JdbcTransactionManager] is not eligible for getting processed by all BeanPostProcessors (for example: not eligible for auto-proxying)
2024-03-25 19:11:22.559  INFO [32m[][0;39m 21390 --- [restartedMain] trationDelegate$BeanPostProcessorChecker : Bean 'transactionConfig' of type [org.digitalcity.config.TransactionConfig$$SpringCGLIB$$0] is not eligible for getting processed by all BeanPostProcessors (for example: not eligible for auto-proxying)
2024-03-25 19:11:22.562  INFO [32m[][0;39m 21390 --- [restartedMain] trationDelegate$BeanPostProcessorChecker : Bean 'txAdvice' of type [org.springframework.transaction.interceptor.TransactionInterceptor] is not eligible for getting processed by all BeanPostProcessors (for example: not eligible for auto-proxying)
2024-03-25 19:11:22.563  INFO [32m[][0;39m 21390 --- [restartedMain] trationDelegate$BeanPostProcessorChecker : Bean 'advisor' of type [org.springframework.aop.support.DefaultPointcutAdvisor] is not eligible for getting processed by all BeanPostProcessors (for example: not eligible for auto-proxying)
2024-03-25 19:11:22.785  INFO [32m[][0;39m 21390 --- [restartedMain] o.s.b.w.embedded.tomcat.TomcatWebServer  : Tomcat initialized with port(s): 8080 (http)
2024-03-25 19:11:22.792  INFO [32m[][0;39m 21390 --- [restartedMain] o.a.coyote.http11.Http11NioProtocol      : Initializing ProtocolHandler ["http-nio-8080"]
2024-03-25 19:11:22.793  INFO [32m[][0;39m 21390 --- [restartedMain] o.apache.catalina.core.StandardService   : Starting service [Tomcat]
2024-03-25 19:11:22.793  INFO [32m[][0;39m 21390 --- [restartedMain] o.apache.catalina.core.StandardEngine    : Starting Servlet engine: [Apache Tomcat/10.1.5]
2024-03-25 19:11:22.829  INFO [32m[][0;39m 21390 --- [restartedMain] o.a.c.c.C.[Tomcat].[localhost].[/]       : Initializing Spring embedded WebApplicationContext
2024-03-25 19:11:22.829  INFO [32m[][0;39m 21390 --- [restartedMain] w.s.c.ServletWebServerApplicationContext : Root WebApplicationContext: initialization completed in 937 ms
2024-03-25 19:11:23.123  WARN [33m[][0;39m 21390 --- [restartedMain] c.b.m.core.metadata.TableInfoHelper      : This primary key of "id" is primitive !不建议如此请使用包装类 in Class: "org.digitalcity.dao.entity.Attraction"
2024-03-25 19:11:23.202  WARN [33m[][0;39m 21390 --- [restartedMain] c.b.m.core.metadata.TableInfoHelper      : This primary key of "id" is primitive !不建议如此请使用包装类 in Class: "org.digitalcity.dao.entity.EmotionScore"
2024-03-25 19:11:23.221  WARN [33m[][0;39m 21390 --- [restartedMain] c.b.m.core.metadata.TableInfoHelper      : This primary key of "id" is primitive !不建议如此请使用包装类 in Class: "org.digitalcity.dao.entity.Hospital"
2024-03-25 19:11:23.237  WARN [33m[][0;39m 21390 --- [restartedMain] c.b.m.core.metadata.TableInfoHelper      : This primary key of "id" is primitive !不建议如此请使用包装类 in Class: "org.digitalcity.dao.entity.Bulletin"
2024-03-25 19:11:23.252  WARN [33m[][0;39m 21390 --- [restartedMain] c.b.m.core.metadata.TableInfoHelper      : This primary key of "id" is primitive !不建议如此请使用包装类 in Class: "org.digitalcity.dao.entity.TrafficStation"
2024-03-25 19:11:23.271  WARN [33m[][0;39m 21390 --- [restartedMain] c.b.m.core.metadata.TableInfoHelper      : This primary key of "id" is primitive !不建议如此请使用包装类 in Class: "org.digitalcity.dao.entity.Member"
2024-03-25 19:11:23.689  INFO [32m[][0;39m 21390 --- [restartedMain] o.s.b.d.a.OptionalLiveReloadServer       : LiveReload server is running on port 35729
2024-03-25 19:11:23.715  INFO [32m[][0;39m 21390 --- [restartedMain] o.a.coyote.http11.Http11NioProtocol      : Starting ProtocolHandler ["http-nio-8080"]
2024-03-25 19:11:23.725  INFO [32m[][0;39m 21390 --- [restartedMain] o.s.b.w.embedded.tomcat.TomcatWebServer  : Tomcat started on port(s): 8080 (http) with context path ''
2024-03-25 19:11:23.732  INFO [32m[][0;39m 21390 --- [restartedMain] org.digitalcity.ApplicationStarter       : Started ApplicationStarter in 2.208 seconds (process running for 2.446)
2024-03-25 19:12:19.329  INFO [32m[][0;39m 21390 --- [http-nio-8080-exec-2] o.a.c.c.C.[Tomcat].[localhost].[/]       : Initializing Spring DispatcherServlet 'dispatcherServlet'
2024-03-25 19:12:19.329  INFO [32m[][0;39m 21390 --- [http-nio-8080-exec-2] o.s.web.servlet.DispatcherServlet        : Initializing Servlet 'dispatcherServlet'
2024-03-25 19:12:19.330  INFO [32m[][0;39m 21390 --- [http-nio-8080-exec-2] o.s.web.servlet.DispatcherServlet        : Completed initialization in 1 ms
2024-03-25 19:12:19.392  INFO [32m[][0;39m 21390 --- [http-nio-8080-exec-2] com.alibaba.druid.pool.DruidDataSource   : {dataSource-1} inited
2024-03-25 19:12:45.877  INFO [32m[][0;39m 21390 --- [SpringApplicationShutdownHook] com.alibaba.druid.pool.DruidDataSource   : {dataSource-1} closing ...
2024-03-25 19:12:45.879  INFO [32m[][0;39m 21390 --- [SpringApplicationShutdownHook] com.alibaba.druid.pool.DruidDataSource   : {dataSource-1} closed
2024-03-25 19:57:05.044  INFO [32m[][0;39m 40007 --- [background-preinit] o.h.validator.internal.util.Version      : HV000001: Hibernate Validator 8.0.0.Final
2024-03-25 19:57:05.066  INFO [32m[][0;39m 40007 --- [restartedMain] org.digitalcity.ApplicationStarter       : Starting ApplicationStarter using Java 17.0.4 with PID 40007 (/Users/marco/Workspace/source/java/digital_city/digital_city_web/build/classes/java/main started by marco in /Users/marco/Workspace/source/java/digital_city)
2024-03-25 19:57:05.066  INFO [32m[][0;39m 40007 --- [restartedMain] org.digitalcity.ApplicationStarter       : No active profile set, falling back to 1 default profile: "default"
2024-03-25 19:57:05.093  INFO [32m[][0;39m 40007 --- [restartedMain] .e.DevToolsPropertyDefaultsPostProcessor : Devtools property defaults active! Set 'spring.devtools.add-properties' to 'false' to disable
2024-03-25 19:57:05.093  INFO [32m[][0;39m 40007 --- [restartedMain] .e.DevToolsPropertyDefaultsPostProcessor : For additional web related logging consider setting the 'logging.level.web' property to 'DEBUG'
2024-03-25 19:57:05.539  INFO [32m[][0;39m 40007 --- [restartedMain] .s.d.r.c.RepositoryConfigurationDelegate : Multiple Spring Data modules found, entering strict repository configuration mode
2024-03-25 19:57:05.541  INFO [32m[][0;39m 40007 --- [restartedMain] .s.d.r.c.RepositoryConfigurationDelegate : Bootstrapping Spring Data Redis repositories in DEFAULT mode.
2024-03-25 19:57:05.561  INFO [32m[][0;39m 40007 --- [restartedMain] .s.d.r.c.RepositoryConfigurationDelegate : Finished Spring Data repository scanning in 11 ms. Found 0 Redis repository interfaces.
2024-03-25 19:57:05.808  INFO [32m[][0;39m 40007 --- [restartedMain] trationDelegate$BeanPostProcessorChecker : Bean 'org.springframework.boot.autoconfigure.jdbc.DataSourceTransactionManagerAutoConfiguration$JdbcTransactionManagerConfiguration' of type [org.springframework.boot.autoconfigure.jdbc.DataSourceTransactionManagerAutoConfiguration$JdbcTransactionManagerConfiguration] is not eligible for getting processed by all BeanPostProcessors (for example: not eligible for auto-proxying)
2024-03-25 19:57:05.810  INFO [32m[][0;39m 40007 --- [restartedMain] trationDelegate$BeanPostProcessorChecker : Bean 'org.springframework.boot.autoconfigure.jdbc.DataSourceConfiguration$Generic' of type [org.springframework.boot.autoconfigure.jdbc.DataSourceConfiguration$Generic] is not eligible for getting processed by all BeanPostProcessors (for example: not eligible for auto-proxying)
2024-03-25 19:57:05.825  INFO [32m[][0;39m 40007 --- [restartedMain] trationDelegate$BeanPostProcessorChecker : Bean 'spring.datasource-org.springframework.boot.autoconfigure.jdbc.DataSourceProperties' of type [org.springframework.boot.autoconfigure.jdbc.DataSourceProperties] is not eligible for getting processed by all BeanPostProcessors (for example: not eligible for auto-proxying)
2024-03-25 19:57:05.843  INFO [32m[][0;39m 40007 --- [restartedMain] trationDelegate$BeanPostProcessorChecker : Bean 'dataSource' of type [com.alibaba.druid.pool.DruidDataSource] is not eligible for getting processed by all BeanPostProcessors (for example: not eligible for auto-proxying)
2024-03-25 19:57:05.867  INFO [32m[][0;39m 40007 --- [restartedMain] trationDelegate$BeanPostProcessorChecker : Bean 'org.springframework.boot.autoconfigure.transaction.TransactionAutoConfiguration' of type [org.springframework.boot.autoconfigure.transaction.TransactionAutoConfiguration] is not eligible for getting processed by all BeanPostProcessors (for example: not eligible for auto-proxying)
2024-03-25 19:57:05.871  INFO [32m[][0;39m 40007 --- [restartedMain] trationDelegate$BeanPostProcessorChecker : Bean 'spring.transaction-org.springframework.boot.autoconfigure.transaction.TransactionProperties' of type [org.springframework.boot.autoconfigure.transaction.TransactionProperties] is not eligible for getting processed by all BeanPostProcessors (for example: not eligible for auto-proxying)
2024-03-25 19:57:05.872  INFO [32m[][0;39m 40007 --- [restartedMain] trationDelegate$BeanPostProcessorChecker : Bean 'platformTransactionManagerCustomizers' of type [org.springframework.boot.autoconfigure.transaction.TransactionManagerCustomizers] is not eligible for getting processed by all BeanPostProcessors (for example: not eligible for auto-proxying)
2024-03-25 19:57:05.874  INFO [32m[][0;39m 40007 --- [restartedMain] trationDelegate$BeanPostProcessorChecker : Bean 'transactionManager' of type [org.springframework.jdbc.support.JdbcTransactionManager] is not eligible for getting processed by all BeanPostProcessors (for example: not eligible for auto-proxying)
2024-03-25 19:57:05.876  INFO [32m[][0;39m 40007 --- [restartedMain] trationDelegate$BeanPostProcessorChecker : Bean 'transactionConfig' of type [org.digitalcity.config.TransactionConfig$$SpringCGLIB$$0] is not eligible for getting processed by all BeanPostProcessors (for example: not eligible for auto-proxying)
2024-03-25 19:57:05.880  INFO [32m[][0;39m 40007 --- [restartedMain] trationDelegate$BeanPostProcessorChecker : Bean 'txAdvice' of type [org.springframework.transaction.interceptor.TransactionInterceptor] is not eligible for getting processed by all BeanPostProcessors (for example: not eligible for auto-proxying)
2024-03-25 19:57:05.881  INFO [32m[][0;39m 40007 --- [restartedMain] trationDelegate$BeanPostProcessorChecker : Bean 'advisor' of type [org.springframework.aop.support.DefaultPointcutAdvisor] is not eligible for getting processed by all BeanPostProcessors (for example: not eligible for auto-proxying)
2024-03-25 19:57:06.154  INFO [32m[][0;39m 40007 --- [restartedMain] o.s.b.w.embedded.tomcat.TomcatWebServer  : Tomcat initialized with port(s): 8080 (http)
2024-03-25 19:57:06.162  INFO [32m[][0;39m 40007 --- [restartedMain] o.a.coyote.http11.Http11NioProtocol      : Initializing ProtocolHandler ["http-nio-8080"]
2024-03-25 19:57:06.162  INFO [32m[][0;39m 40007 --- [restartedMain] o.apache.catalina.core.StandardService   : Starting service [Tomcat]
2024-03-25 19:57:06.162  INFO [32m[][0;39m 40007 --- [restartedMain] o.apache.catalina.core.StandardEngine    : Starting Servlet engine: [Apache Tomcat/10.1.5]
2024-03-25 19:57:06.195  INFO [32m[][0;39m 40007 --- [restartedMain] o.a.c.c.C.[Tomcat].[localhost].[/]       : Initializing Spring embedded WebApplicationContext
2024-03-25 19:57:06.196  INFO [32m[][0;39m 40007 --- [restartedMain] w.s.c.ServletWebServerApplicationContext : Root WebApplicationContext: initialization completed in 1103 ms
2024-03-25 19:57:06.483  WARN [33m[][0;39m 40007 --- [restartedMain] c.b.m.core.metadata.TableInfoHelper      : This primary key of "id" is primitive !不建议如此请使用包装类 in Class: "org.digitalcity.dao.entity.Attraction"
2024-03-25 19:57:06.564  WARN [33m[][0;39m 40007 --- [restartedMain] c.b.m.core.metadata.TableInfoHelper      : This primary key of "id" is primitive !不建议如此请使用包装类 in Class: "org.digitalcity.dao.entity.EmotionScore"
2024-03-25 19:57:06.583  WARN [33m[][0;39m 40007 --- [restartedMain] c.b.m.core.metadata.TableInfoHelper      : This primary key of "id" is primitive !不建议如此请使用包装类 in Class: "org.digitalcity.dao.entity.Hospital"
2024-03-25 19:57:06.600  WARN [33m[][0;39m 40007 --- [restartedMain] c.b.m.core.metadata.TableInfoHelper      : This primary key of "id" is primitive !不建议如此请使用包装类 in Class: "org.digitalcity.dao.entity.Bulletin"
2024-03-25 19:57:06.615  WARN [33m[][0;39m 40007 --- [restartedMain] c.b.m.core.metadata.TableInfoHelper      : This primary key of "id" is primitive !不建议如此请使用包装类 in Class: "org.digitalcity.dao.entity.TrafficStation"
2024-03-25 19:57:06.636  WARN [33m[][0;39m 40007 --- [restartedMain] c.b.m.core.metadata.TableInfoHelper      : This primary key of "id" is primitive !不建议如此请使用包装类 in Class: "org.digitalcity.dao.entity.Member"
2024-03-25 19:57:07.070  INFO [32m[][0;39m 40007 --- [restartedMain] o.s.b.d.a.OptionalLiveReloadServer       : LiveReload server is running on port 35729
2024-03-25 19:57:07.099  INFO [32m[][0;39m 40007 --- [restartedMain] o.a.coyote.http11.Http11NioProtocol      : Starting ProtocolHandler ["http-nio-8080"]
2024-03-25 19:57:07.114  INFO [32m[][0;39m 40007 --- [restartedMain] o.s.b.w.embedded.tomcat.TomcatWebServer  : Tomcat started on port(s): 8080 (http) with context path ''
2024-03-25 19:57:07.121  INFO [32m[][0;39m 40007 --- [restartedMain] org.digitalcity.ApplicationStarter       : Started ApplicationStarter in 2.353 seconds (process running for 2.744)
2024-03-25 20:02:25.218  INFO [32m[][0;39m 40007 --- [http-nio-8080-exec-1] o.a.c.c.C.[Tomcat].[localhost].[/]       : Initializing Spring DispatcherServlet 'dispatcherServlet'
2024-03-25 20:02:25.220  INFO [32m[][0;39m 40007 --- [http-nio-8080-exec-1] o.s.web.servlet.DispatcherServlet        : Initializing Servlet 'dispatcherServlet'
2024-03-25 20:02:25.223  INFO [32m[][0;39m 40007 --- [http-nio-8080-exec-1] o.s.web.servlet.DispatcherServlet        : Completed initialization in 3 ms
2024-03-25 20:02:25.733  INFO [32m[][0;39m 40007 --- [http-nio-8080-exec-1] com.alibaba.druid.pool.DruidDataSource   : {dataSource-1} inited
2024-03-25 20:08:07.295  INFO [32m[][0;39m 40007 --- [SpringApplicationShutdownHook] com.alibaba.druid.pool.DruidDataSource   : {dataSource-1} closing ...
2024-03-25 20:08:07.300  INFO [32m[][0;39m 40007 --- [SpringApplicationShutdownHook] com.alibaba.druid.pool.DruidDataSource   : {dataSource-1} closed
