2024-03-29 17:39:03.529  INFO [32m[][0;39m 50333 --- [background-preinit] o.h.validator.internal.util.Version      : HV000001: Hibernate Validator 8.0.0.Final
2024-03-29 17:39:03.550  INFO [32m[][0;39m 50333 --- [restartedMain] org.digitalcity.ApplicationStarter       : Starting ApplicationStarter using Java 17.0.4 with PID 50333 (/Users/marco/Workspace/source/java/digital_city/digital_city_web/build/classes/java/main started by marco in /Users/marco/Workspace/source/java/digital_city)
2024-03-29 17:39:03.551  INFO [32m[][0;39m 50333 --- [restartedMain] org.digitalcity.ApplicationStarter       : No active profile set, falling back to 1 default profile: "default"
2024-03-29 17:39:03.575  INFO [32m[][0;39m 50333 --- [restartedMain] .e.DevToolsPropertyDefaultsPostProcessor : Devtools property defaults active! Set 'spring.devtools.add-properties' to 'false' to disable
2024-03-29 17:39:03.576  INFO [32m[][0;39m 50333 --- [restartedMain] .e.DevToolsPropertyDefaultsPostProcessor : For additional web related logging consider setting the 'logging.level.web' property to 'DEBUG'
2024-03-29 17:39:03.928  INFO [32m[][0;39m 50333 --- [restartedMain] .s.d.r.c.RepositoryConfigurationDelegate : Multiple Spring Data modules found, entering strict repository configuration mode
2024-03-29 17:39:03.930  INFO [32m[][0;39m 50333 --- [restartedMain] .s.d.r.c.RepositoryConfigurationDelegate : Bootstrapping Spring Data Redis repositories in DEFAULT mode.
2024-03-29 17:39:03.947  INFO [32m[][0;39m 50333 --- [restartedMain] .s.d.r.c.RepositoryConfigurationDelegate : Finished Spring Data repository scanning in 10 ms. Found 0 Redis repository interfaces.
2024-03-29 17:39:04.156  INFO [32m[][0;39m 50333 --- [restartedMain] trationDelegate$BeanPostProcessorChecker : Bean 'org.springframework.boot.autoconfigure.jdbc.DataSourceTransactionManagerAutoConfiguration$JdbcTransactionManagerConfiguration' of type [org.springframework.boot.autoconfigure.jdbc.DataSourceTransactionManagerAutoConfiguration$JdbcTransactionManagerConfiguration] is not eligible for getting processed by all BeanPostProcessors (for example: not eligible for auto-proxying)
2024-03-29 17:39:04.158  INFO [32m[][0;39m 50333 --- [restartedMain] trationDelegate$BeanPostProcessorChecker : Bean 'org.springframework.boot.autoconfigure.jdbc.DataSourceConfiguration$Generic' of type [org.springframework.boot.autoconfigure.jdbc.DataSourceConfiguration$Generic] is not eligible for getting processed by all BeanPostProcessors (for example: not eligible for auto-proxying)
2024-03-29 17:39:04.172  INFO [32m[][0;39m 50333 --- [restartedMain] trationDelegate$BeanPostProcessorChecker : Bean 'spring.datasource-org.springframework.boot.autoconfigure.jdbc.DataSourceProperties' of type [org.springframework.boot.autoconfigure.jdbc.DataSourceProperties] is not eligible for getting processed by all BeanPostProcessors (for example: not eligible for auto-proxying)
2024-03-29 17:39:04.189  INFO [32m[][0;39m 50333 --- [restartedMain] trationDelegate$BeanPostProcessorChecker : Bean 'dataSource' of type [com.alibaba.druid.pool.DruidDataSource] is not eligible for getting processed by all BeanPostProcessors (for example: not eligible for auto-proxying)
2024-03-29 17:39:04.212  INFO [32m[][0;39m 50333 --- [restartedMain] trationDelegate$BeanPostProcessorChecker : Bean 'org.springframework.boot.autoconfigure.transaction.TransactionAutoConfiguration' of type [org.springframework.boot.autoconfigure.transaction.TransactionAutoConfiguration] is not eligible for getting processed by all BeanPostProcessors (for example: not eligible for auto-proxying)
2024-03-29 17:39:04.215  INFO [32m[][0;39m 50333 --- [restartedMain] trationDelegate$BeanPostProcessorChecker : Bean 'spring.transaction-org.springframework.boot.autoconfigure.transaction.TransactionProperties' of type [org.springframework.boot.autoconfigure.transaction.TransactionProperties] is not eligible for getting processed by all BeanPostProcessors (for example: not eligible for auto-proxying)
2024-03-29 17:39:04.216  INFO [32m[][0;39m 50333 --- [restartedMain] trationDelegate$BeanPostProcessorChecker : Bean 'platformTransactionManagerCustomizers' of type [org.springframework.boot.autoconfigure.transaction.TransactionManagerCustomizers] is not eligible for getting processed by all BeanPostProcessors (for example: not eligible for auto-proxying)
2024-03-29 17:39:04.218  INFO [32m[][0;39m 50333 --- [restartedMain] trationDelegate$BeanPostProcessorChecker : Bean 'transactionManager' of type [org.springframework.jdbc.support.JdbcTransactionManager] is not eligible for getting processed by all BeanPostProcessors (for example: not eligible for auto-proxying)
2024-03-29 17:39:04.219  INFO [32m[][0;39m 50333 --- [restartedMain] trationDelegate$BeanPostProcessorChecker : Bean 'transactionConfig' of type [org.digitalcity.config.TransactionConfig$$SpringCGLIB$$0] is not eligible for getting processed by all BeanPostProcessors (for example: not eligible for auto-proxying)
2024-03-29 17:39:04.223  INFO [32m[][0;39m 50333 --- [restartedMain] trationDelegate$BeanPostProcessorChecker : Bean 'txAdvice' of type [org.springframework.transaction.interceptor.TransactionInterceptor] is not eligible for getting processed by all BeanPostProcessors (for example: not eligible for auto-proxying)
2024-03-29 17:39:04.223  INFO [32m[][0;39m 50333 --- [restartedMain] trationDelegate$BeanPostProcessorChecker : Bean 'advisor' of type [org.springframework.aop.support.DefaultPointcutAdvisor] is not eligible for getting processed by all BeanPostProcessors (for example: not eligible for auto-proxying)
2024-03-29 17:39:04.442  INFO [32m[][0;39m 50333 --- [restartedMain] o.s.b.w.embedded.tomcat.TomcatWebServer  : Tomcat initialized with port(s): 8080 (http)
2024-03-29 17:39:04.449  INFO [32m[][0;39m 50333 --- [restartedMain] o.a.coyote.http11.Http11NioProtocol      : Initializing ProtocolHandler ["http-nio-8080"]
2024-03-29 17:39:04.449  INFO [32m[][0;39m 50333 --- [restartedMain] o.apache.catalina.core.StandardService   : Starting service [Tomcat]
2024-03-29 17:39:04.450  INFO [32m[][0;39m 50333 --- [restartedMain] o.apache.catalina.core.StandardEngine    : Starting Servlet engine: [Apache Tomcat/10.1.5]
2024-03-29 17:39:04.480  INFO [32m[][0;39m 50333 --- [restartedMain] o.a.c.c.C.[Tomcat].[localhost].[/]       : Initializing Spring embedded WebApplicationContext
2024-03-29 17:39:04.481  INFO [32m[][0;39m 50333 --- [restartedMain] w.s.c.ServletWebServerApplicationContext : Root WebApplicationContext: initialization completed in 905 ms
2024-03-29 17:39:04.714  WARN [33m[][0;39m 50333 --- [restartedMain] c.b.m.core.metadata.TableInfoHelper      : This primary key of "id" is primitive !不建议如此请使用包装类 in Class: "org.digitalcity.dao.entity.Attraction"
2024-03-29 17:39:04.775  WARN [33m[][0;39m 50333 --- [restartedMain] c.b.m.core.metadata.TableInfoHelper      : This primary key of "id" is primitive !不建议如此请使用包装类 in Class: "org.digitalcity.dao.entity.EmotionScore"
2024-03-29 17:39:04.791  WARN [33m[][0;39m 50333 --- [restartedMain] c.b.m.core.metadata.TableInfoHelper      : This primary key of "id" is primitive !不建议如此请使用包装类 in Class: "org.digitalcity.dao.entity.Comment"
2024-03-29 17:39:04.805  WARN [33m[][0;39m 50333 --- [restartedMain] c.b.m.core.metadata.TableInfoHelper      : This primary key of "id" is primitive !不建议如此请使用包装类 in Class: "org.digitalcity.dao.entity.Hospital"
2024-03-29 17:39:04.818  WARN [33m[][0;39m 50333 --- [restartedMain] c.b.m.core.metadata.TableInfoHelper      : This primary key of "id" is primitive !不建议如此请使用包装类 in Class: "org.digitalcity.dao.entity.Bulletin"
2024-03-29 17:39:04.829  WARN [33m[][0;39m 50333 --- [restartedMain] c.b.m.core.metadata.TableInfoHelper      : This primary key of "id" is primitive !不建议如此请使用包装类 in Class: "org.digitalcity.dao.entity.TrafficStation"
2024-03-29 17:39:04.845  WARN [33m[][0;39m 50333 --- [restartedMain] c.b.m.core.metadata.TableInfoHelper      : This primary key of "id" is primitive !不建议如此请使用包装类 in Class: "org.digitalcity.dao.entity.Member"
2024-03-29 17:39:05.197  INFO [32m[][0;39m 50333 --- [restartedMain] o.s.b.d.a.OptionalLiveReloadServer       : LiveReload server is running on port 35729
2024-03-29 17:39:05.219  INFO [32m[][0;39m 50333 --- [restartedMain] o.a.coyote.http11.Http11NioProtocol      : Starting ProtocolHandler ["http-nio-8080"]
2024-03-29 17:39:05.231  INFO [32m[][0;39m 50333 --- [restartedMain] o.s.b.w.embedded.tomcat.TomcatWebServer  : Tomcat started on port(s): 8080 (http) with context path ''
2024-03-29 17:39:05.236  INFO [32m[][0;39m 50333 --- [restartedMain] org.digitalcity.ApplicationStarter       : Started ApplicationStarter in 1.944 seconds (process running for 2.365)
2024-03-29 17:39:47.109  INFO [32m[][0;39m 50333 --- [http-nio-8080-exec-1] o.a.c.c.C.[Tomcat].[localhost].[/]       : Initializing Spring DispatcherServlet 'dispatcherServlet'
2024-03-29 17:39:47.110  INFO [32m[][0;39m 50333 --- [http-nio-8080-exec-1] o.s.web.servlet.DispatcherServlet        : Initializing Servlet 'dispatcherServlet'
2024-03-29 17:39:47.111  INFO [32m[][0;39m 50333 --- [http-nio-8080-exec-1] o.s.web.servlet.DispatcherServlet        : Completed initialization in 1 ms
2024-03-29 17:39:47.187  INFO [32m[][0;39m 50333 --- [http-nio-8080-exec-1] com.alibaba.druid.pool.DruidDataSource   : {dataSource-1} inited
2024-03-29 17:41:14.459  INFO [32m[][0;39m 50333 --- [SpringApplicationShutdownHook] com.alibaba.druid.pool.DruidDataSource   : {dataSource-1} closing ...
2024-03-29 17:41:14.461  INFO [32m[][0;39m 50333 --- [SpringApplicationShutdownHook] com.alibaba.druid.pool.DruidDataSource   : {dataSource-1} closed
