2024-01-28 20:46:43.158  INFO [] 56949 --- [background-preinit] o.h.validator.internal.util.Version      : HV000001: Hibernate Validator 8.0.0.Final
2024-01-28 20:46:43.175  INFO [] 56949 --- [Test worker] org.digitalcity.test.ServiceTest         : Starting ServiceTest using Java 17.0.4 with PID 56949 (started by marco in /Users/marco/Workspace/source/java/digital_city/digital_city_web)
2024-01-28 20:46:43.175  INFO [] 56949 --- [Test worker] org.digitalcity.test.ServiceTest         : No active profile set, falling back to 1 default profile: "default"
2024-01-28 20:46:43.500  INFO [] 56949 --- [Test worker] .s.d.r.c.RepositoryConfigurationDelegate : Multiple Spring Data modules found, entering strict repository configuration mode
2024-01-28 20:46:43.502  INFO [] 56949 --- [Test worker] .s.d.r.c.RepositoryConfigurationDelegate : Bootstrapping Spring Data Redis repositories in DEFAULT mode.
2024-01-28 20:46:43.519  INFO [] 56949 --- [Test worker] .s.d.r.c.RepositoryConfigurationDelegate : Finished Spring Data repository scanning in 9 ms. Found 0 Redis repository interfaces.
2024-01-28 20:46:43.716  INFO [] 56949 --- [Test worker] trationDelegate$BeanPostProcessorChecker : Bean 'org.springframework.boot.autoconfigure.jdbc.DataSourceTransactionManagerAutoConfiguration$JdbcTransactionManagerConfiguration' of type [org.springframework.boot.autoconfigure.jdbc.DataSourceTransactionManagerAutoConfiguration$JdbcTransactionManagerConfiguration] is not eligible for getting processed by all BeanPostProcessors (for example: not eligible for auto-proxying)
2024-01-28 20:46:43.717  INFO [] 56949 --- [Test worker] trationDelegate$BeanPostProcessorChecker : Bean 'org.springframework.boot.autoconfigure.jdbc.DataSourceConfiguration$Generic' of type [org.springframework.boot.autoconfigure.jdbc.DataSourceConfiguration$Generic] is not eligible for getting processed by all BeanPostProcessors (for example: not eligible for auto-proxying)
2024-01-28 20:46:43.731  INFO [] 56949 --- [Test worker] trationDelegate$BeanPostProcessorChecker : Bean 'spring.datasource-org.springframework.boot.autoconfigure.jdbc.DataSourceProperties' of type [org.springframework.boot.autoconfigure.jdbc.DataSourceProperties] is not eligible for getting processed by all BeanPostProcessors (for example: not eligible for auto-proxying)
2024-01-28 20:46:43.753  INFO [] 56949 --- [Test worker] trationDelegate$BeanPostProcessorChecker : Bean 'dataSource' of type [com.alibaba.druid.pool.DruidDataSource] is not eligible for getting processed by all BeanPostProcessors (for example: not eligible for auto-proxying)
2024-01-28 20:46:43.766  INFO [] 56949 --- [Test worker] trationDelegate$BeanPostProcessorChecker : Bean 'org.springframework.boot.autoconfigure.transaction.TransactionAutoConfiguration' of type [org.springframework.boot.autoconfigure.transaction.TransactionAutoConfiguration] is not eligible for getting processed by all BeanPostProcessors (for example: not eligible for auto-proxying)
2024-01-28 20:46:43.770  INFO [] 56949 --- [Test worker] trationDelegate$BeanPostProcessorChecker : Bean 'spring.transaction-org.springframework.boot.autoconfigure.transaction.TransactionProperties' of type [org.springframework.boot.autoconfigure.transaction.TransactionProperties] is not eligible for getting processed by all BeanPostProcessors (for example: not eligible for auto-proxying)
2024-01-28 20:46:43.770  INFO [] 56949 --- [Test worker] trationDelegate$BeanPostProcessorChecker : Bean 'platformTransactionManagerCustomizers' of type [org.springframework.boot.autoconfigure.transaction.TransactionManagerCustomizers] is not eligible for getting processed by all BeanPostProcessors (for example: not eligible for auto-proxying)
2024-01-28 20:46:43.772  INFO [] 56949 --- [Test worker] trationDelegate$BeanPostProcessorChecker : Bean 'transactionManager' of type [org.springframework.jdbc.support.JdbcTransactionManager] is not eligible for getting processed by all BeanPostProcessors (for example: not eligible for auto-proxying)
2024-01-28 20:46:43.773  INFO [] 56949 --- [Test worker] trationDelegate$BeanPostProcessorChecker : Bean 'transactionConfig' of type [org.digitalcity.config.TransactionConfig$$SpringCGLIB$$0] is not eligible for getting processed by all BeanPostProcessors (for example: not eligible for auto-proxying)
2024-01-28 20:46:43.777  INFO [] 56949 --- [Test worker] trationDelegate$BeanPostProcessorChecker : Bean 'txAdvice' of type [org.springframework.transaction.interceptor.TransactionInterceptor] is not eligible for getting processed by all BeanPostProcessors (for example: not eligible for auto-proxying)
2024-01-28 20:46:43.777  INFO [] 56949 --- [Test worker] trationDelegate$BeanPostProcessorChecker : Bean 'advisor' of type [org.springframework.aop.support.DefaultPointcutAdvisor] is not eligible for getting processed by all BeanPostProcessors (for example: not eligible for auto-proxying)
2024-01-28 20:46:43.925  WARN [] 56949 --- [Test worker] c.b.m.core.metadata.TableInfoHelper      : This primary key of "id" is primitive !不建议如此请使用包装类 in Class: "org.digitalcity.dao.entity.Member"
2024-01-28 20:46:44.176  WARN [] 56949 --- [Test worker] c.b.m.core.metadata.TableInfoHelper      : This primary key of "id" is primitive !不建议如此请使用包装类 in Class: "org.digitalcity.dao.entity.Attraction"
2024-01-28 20:46:44.532  INFO [] 56949 --- [Test worker] org.digitalcity.test.ServiceTest         : Started ServiceTest in 1.557 seconds (process running for 2.082)
2024-01-28 20:46:44.781  INFO [] 56949 --- [Test worker] com.alibaba.druid.pool.DruidDataSource   : {dataSource-1} inited
2024-01-28 20:46:54.494  INFO [] 56949 --- [SpringApplicationShutdownHook] com.alibaba.druid.pool.DruidDataSource   : {dataSource-1} closing ...
2024-01-28 20:46:54.497  INFO [] 56949 --- [SpringApplicationShutdownHook] com.alibaba.druid.pool.DruidDataSource   : {dataSource-1} closed
