2024-03-19 15:08:37.797  INFO [] 52632 --- [background-preinit] o.h.validator.internal.util.Version      : HV000001: Hibernate Validator 8.0.0.Final
2024-03-19 15:08:37.813  INFO [] 52632 --- [Test worker] org.digitalcity.test.ServiceTest         : Starting ServiceTest using Java 17.0.4 with PID 52632 (started by marco in /Users/marco/Workspace/source/java/digital_city/digital_city_web)
2024-03-19 15:08:37.814  INFO [] 52632 --- [Test worker] org.digitalcity.test.ServiceTest         : No active profile set, falling back to 1 default profile: "default"
2024-03-19 15:08:38.170  INFO [] 52632 --- [Test worker] .s.d.r.c.RepositoryConfigurationDelegate : Multiple Spring Data modules found, entering strict repository configuration mode
2024-03-19 15:08:38.172  INFO [] 52632 --- [Test worker] .s.d.r.c.RepositoryConfigurationDelegate : Bootstrapping Spring Data Redis repositories in DEFAULT mode.
2024-03-19 15:08:38.192  INFO [] 52632 --- [Test worker] .s.d.r.c.RepositoryConfigurationDelegate : Finished Spring Data repository scanning in 10 ms. Found 0 Redis repository interfaces.
2024-03-19 15:08:38.408  INFO [] 52632 --- [Test worker] trationDelegate$BeanPostProcessorChecker : Bean 'org.springframework.boot.autoconfigure.jdbc.DataSourceTransactionManagerAutoConfiguration$JdbcTransactionManagerConfiguration' of type [org.springframework.boot.autoconfigure.jdbc.DataSourceTransactionManagerAutoConfiguration$JdbcTransactionManagerConfiguration] is not eligible for getting processed by all BeanPostProcessors (for example: not eligible for auto-proxying)
2024-03-19 15:08:38.410  INFO [] 52632 --- [Test worker] trationDelegate$BeanPostProcessorChecker : Bean 'org.springframework.boot.autoconfigure.jdbc.DataSourceConfiguration$Generic' of type [org.springframework.boot.autoconfigure.jdbc.DataSourceConfiguration$Generic] is not eligible for getting processed by all BeanPostProcessors (for example: not eligible for auto-proxying)
2024-03-19 15:08:38.425  INFO [] 52632 --- [Test worker] trationDelegate$BeanPostProcessorChecker : Bean 'spring.datasource-org.springframework.boot.autoconfigure.jdbc.DataSourceProperties' of type [org.springframework.boot.autoconfigure.jdbc.DataSourceProperties] is not eligible for getting processed by all BeanPostProcessors (for example: not eligible for auto-proxying)
2024-03-19 15:08:38.446  INFO [] 52632 --- [Test worker] trationDelegate$BeanPostProcessorChecker : Bean 'dataSource' of type [com.alibaba.druid.pool.DruidDataSource] is not eligible for getting processed by all BeanPostProcessors (for example: not eligible for auto-proxying)
2024-03-19 15:08:38.481  INFO [] 52632 --- [Test worker] trationDelegate$BeanPostProcessorChecker : Bean 'org.springframework.boot.autoconfigure.transaction.TransactionAutoConfiguration' of type [org.springframework.boot.autoconfigure.transaction.TransactionAutoConfiguration] is not eligible for getting processed by all BeanPostProcessors (for example: not eligible for auto-proxying)
2024-03-19 15:08:38.484  INFO [] 52632 --- [Test worker] trationDelegate$BeanPostProcessorChecker : Bean 'spring.transaction-org.springframework.boot.autoconfigure.transaction.TransactionProperties' of type [org.springframework.boot.autoconfigure.transaction.TransactionProperties] is not eligible for getting processed by all BeanPostProcessors (for example: not eligible for auto-proxying)
2024-03-19 15:08:38.485  INFO [] 52632 --- [Test worker] trationDelegate$BeanPostProcessorChecker : Bean 'platformTransactionManagerCustomizers' of type [org.springframework.boot.autoconfigure.transaction.TransactionManagerCustomizers] is not eligible for getting processed by all BeanPostProcessors (for example: not eligible for auto-proxying)
2024-03-19 15:08:38.487  INFO [] 52632 --- [Test worker] trationDelegate$BeanPostProcessorChecker : Bean 'transactionManager' of type [org.springframework.jdbc.support.JdbcTransactionManager] is not eligible for getting processed by all BeanPostProcessors (for example: not eligible for auto-proxying)
2024-03-19 15:08:38.489  INFO [] 52632 --- [Test worker] trationDelegate$BeanPostProcessorChecker : Bean 'transactionConfig' of type [org.digitalcity.config.TransactionConfig$$SpringCGLIB$$0] is not eligible for getting processed by all BeanPostProcessors (for example: not eligible for auto-proxying)
2024-03-19 15:08:38.493  INFO [] 52632 --- [Test worker] trationDelegate$BeanPostProcessorChecker : Bean 'txAdvice' of type [org.springframework.transaction.interceptor.TransactionInterceptor] is not eligible for getting processed by all BeanPostProcessors (for example: not eligible for auto-proxying)
2024-03-19 15:08:38.494  INFO [] 52632 --- [Test worker] trationDelegate$BeanPostProcessorChecker : Bean 'advisor' of type [org.springframework.aop.support.DefaultPointcutAdvisor] is not eligible for getting processed by all BeanPostProcessors (for example: not eligible for auto-proxying)
2024-03-19 15:08:38.781  WARN [] 52632 --- [Test worker] c.b.m.core.metadata.TableInfoHelper      : This primary key of "id" is primitive !不建议如此请使用包装类 in Class: "org.digitalcity.dao.entity.Attraction"
2024-03-19 15:08:38.852  WARN [] 52632 --- [Test worker] c.b.m.core.metadata.TableInfoHelper      : This primary key of "id" is primitive !不建议如此请使用包装类 in Class: "org.digitalcity.dao.entity.Member"
2024-03-19 15:08:38.895  WARN [] 52632 --- [Test worker] c.b.m.core.metadata.TableInfoHelper      : This primary key of "id" is primitive !不建议如此请使用包装类 in Class: "org.digitalcity.dao.entity.Hospital"
2024-03-19 15:08:39.330  INFO [] 52632 --- [Test worker] org.digitalcity.test.ServiceTest         : Started ServiceTest in 1.711 seconds (process running for 2.205)
2024-03-19 15:08:40.014  INFO [] 52632 --- [Test worker] com.alibaba.druid.pool.DruidDataSource   : {dataSource-1} inited
2024-03-19 15:08:41.250  INFO [] 52632 --- [SpringApplicationShutdownHook] com.alibaba.druid.pool.DruidDataSource   : {dataSource-1} closing ...
2024-03-19 15:08:41.252  INFO [] 52632 --- [SpringApplicationShutdownHook] com.alibaba.druid.pool.DruidDataSource   : {dataSource-1} closed
